---------------------------------------------------------------

[2020-06-06T15:49:02+08:00] 127.0.0.1 GET www.myshop.com/
[运行时间：2.912166s] [吞吐率：0.34req/s] [内存消耗：2,979.22kb] [文件加载：81]
[ info ] [ LANG ] E:\phpStudy\PHPTutorial\WWW\my_shop\thinkphp\lang\zh-cn.php
[ info ] [ ROUTE ] array (
)
[ info ] [ HEADER ] array (
  'cookie' => 'PHPSESSID=m9sf95h1c6kj177u7h4slnjj27',
  'accept-language' => 'zh-CN,zh;q=0.9,en;q=0.8',
  'accept-encoding' => 'gzip, deflate',
  'accept' => 'text/html,application/xhtml+xml,application/xml;q=0.9,image/webp,image/apng,*/*;q=0.8,application/signed-exchange;v=b3',
  'user-agent' => 'Mozilla/5.0 (Windows NT 6.1; Win64; x64) AppleWebKit/537.36 (KHTML, like Gecko) Chrome/74.0.3729.157 Safari/537.36',
  'upgrade-insecure-requests' => '1',
  'connection' => 'close',
  'host' => 'www.myshop.com',
)
[ info ] [ PARAM ] array (
)
[ info ] [ DB ] INIT mysql
[ info ] [ VIEW ] E:\phpStudy\PHPTutorial\WWW\my_shop\application\index\view\index\index.html [ array (
  0 => 'yf',
  1 => 'jj',
  2 => 'sj',
  3 => 'jydq',
  4 => 'cate',
) ]
[ sql ] [ DB ] CONNECT:[ UseTime:0.032002s ] mysql:host=127.0.0.1;dbname=myshop;charset=utf8
[ sql ] [ SQL ] SHOW COLUMNS FROM `tp_category` [ RunTime:0.209012s ]
[ sql ] [ SQL ] SELECT * FROM `tp_category` [ RunTime:0.000000s ]
[ sql ] [ SQL ] SHOW COLUMNS FROM `tp_goods` [ RunTime:0.047003s ]
[ sql ] [ SQL ] SELECT `id`,`name`,`img_url`,`goods_price`,`price` FROM `tp_goods` WHERE  `cate_id` = 1 LIMIT 0,15 [ RunTime:0.001000s ]
[ sql ] [ SQL ] SELECT `id`,`name`,`img_url`,`goods_price`,`price` FROM `tp_goods` WHERE  `cate_id` = 2 LIMIT 0,15 [ RunTime:0.001000s ]
[ sql ] [ SQL ] SELECT `id`,`name`,`img_url`,`goods_price`,`price` FROM `tp_goods` WHERE  `cate_id` = 7 LIMIT 0,15 [ RunTime:0.001000s ]
[ sql ] [ SQL ] SELECT `id`,`name`,`img_url`,`goods_price`,`price` FROM `tp_goods` WHERE  `cate_id` = 8 LIMIT 0,15 [ RunTime:0.000000s ]
---------------------------------------------------------------

[2020-06-06T15:49:08+08:00] 127.0.0.1 GET www.myshop.com/index/index/search_type
[运行时间：0.139008s] [吞吐率：7.19req/s] [内存消耗：1,544.23kb] [文件加载：64]
[ info ] [ LANG ] E:\phpStudy\PHPTutorial\WWW\my_shop\thinkphp\lang\zh-cn.php
[ info ] [ ROUTE ] array (
)
[ info ] [ HEADER ] array (
  'cookie' => 'PHPSESSID=m9sf95h1c6kj177u7h4slnjj27',
  'accept-language' => 'zh-CN,zh;q=0.9,en;q=0.8',
  'accept-encoding' => 'gzip, deflate',
  'referer' => 'http://www.myshop.com/',
  'accept' => 'text/html,application/xhtml+xml,application/xml;q=0.9,image/webp,image/apng,*/*;q=0.8,application/signed-exchange;v=b3',
  'user-agent' => 'Mozilla/5.0 (Windows NT 6.1; Win64; x64) AppleWebKit/537.36 (KHTML, like Gecko) Chrome/74.0.3729.157 Safari/537.36',
  'upgrade-insecure-requests' => '1',
  'connection' => 'close',
  'host' => 'www.myshop.com',
)
[ info ] [ PARAM ] array (
  '/index/index/search_type' => '',
)
[ info ] [ VIEW ] E:\phpStudy\PHPTutorial\WWW\my_shop\application\index\view\index\search_type.html [ array (
) ]
---------------------------------------------------------------

[2020-06-06T15:49:57+08:00] 127.0.0.1 GET www.myshop.com/static/index/js/swiper.min.js.map
[运行时间：0.076004s] [吞吐率：13.16req/s] [内存消耗：1,097.53kb] [文件加载：53]
[ info ] [ LANG ] E:\phpStudy\PHPTutorial\WWW\my_shop\thinkphp\lang\zh-cn.php
---------------------------------------------------------------

[2020-06-06T15:49:58+08:00] 127.0.0.1 GET www.myshop.com/static/index/css/bootstrap.min.css.map
[运行时间：0.017001s] [吞吐率：58.82req/s] [内存消耗：1,097.53kb] [文件加载：53]
[ info ] [ LANG ] E:\phpStudy\PHPTutorial\WWW\my_shop\thinkphp\lang\zh-cn.php
---------------------------------------------------------------

[2020-06-06T15:55:25+08:00] 127.0.0.1 GET www.myshop.com/index/cart/lst
[运行时间：0.063003s] [吞吐率：15.87req/s] [内存消耗：1,527.23kb] [文件加载：66]
[ info ] [ LANG ] E:\phpStudy\PHPTutorial\WWW\my_shop\thinkphp\lang\zh-cn.php
[ info ] [ ROUTE ] array (
)
[ info ] [ HEADER ] array (
  'cookie' => 'PHPSESSID=m9sf95h1c6kj177u7h4slnjj27',
  'accept-language' => 'zh-CN,zh;q=0.9,en;q=0.8',
  'accept-encoding' => 'gzip, deflate',
  'referer' => 'http://www.myshop.com/',
  'accept' => 'text/html,application/xhtml+xml,application/xml;q=0.9,image/webp,image/apng,*/*;q=0.8,application/signed-exchange;v=b3',
  'user-agent' => 'Mozilla/5.0 (Windows NT 6.1; Win64; x64) AppleWebKit/537.36 (KHTML, like Gecko) Chrome/74.0.3729.157 Safari/537.36',
  'upgrade-insecure-requests' => '1',
  'connection' => 'close',
  'host' => 'www.myshop.com',
)
[ info ] [ PARAM ] array (
  '/index/cart/lst' => '',
)
[ info ] [ VIEW ] E:\phpStudy\PHPTutorial\WWW\my_shop\application\index\view\cart\lst.html [ array (
) ]
