---------------------------------------------------------------

[2019-08-18T00:16:09+08:00] 127.0.0.1 GET www.myshop.com/admin/category/catlist
[运行时间：0.068004s] [吞吐率：14.70req/s] [内存消耗：2,110.67kb] [文件加载：68]
[ info ] [ LANG ] E:\phpStudy\PHPTutorial\WWW\my_shop\thinkphp\lang\zh-cn.php
[ info ] [ ROUTE ] array (
)
[ info ] [ HEADER ] array (
  'cookie' => 'Hm_lvt_53b7374a63c37483e5dd97d78d9bb36e=1565776474; QC006=hvvyqr6ivj2ksr9qstpvgaq; QC008=1565776476.1565776476.1565776476.1; __uuid=48f36088-37da-c18a-8a99-0eebbe51de6e; __dfp=a0172fa00df1b1457baad0d4120b7c44fcf79e6d382e65f7675f2889a7a57724f7@1567072477786@1565776477786; pgv_pvi=4222451712',
  'accept-language' => 'zh-CN,zh;q=0.9,en;q=0.8',
  'accept-encoding' => 'gzip, deflate',
  'referer' => 'http://www.myshop.com/admin/index/index.html',
  'accept' => 'text/html,application/xhtml+xml,application/xml;q=0.9,image/webp,image/apng,*/*;q=0.8,application/signed-exchange;v=b3',
  'user-agent' => 'Mozilla/5.0 (Windows NT 6.1; Win64; x64) AppleWebKit/537.36 (KHTML, like Gecko) Chrome/74.0.3729.157 Safari/537.36',
  'upgrade-insecure-requests' => '1',
  'connection' => 'close',
  'host' => 'www.myshop.com',
)
[ info ] [ PARAM ] array (
  '/admin/category/catlist' => '',
)
[ info ] [ DB ] INIT mysql
[ info ] [ VIEW ] E:\phpStudy\PHPTutorial\WWW\my_shop\application\admin\view\category\cat_list.html [ array (
  0 => 'data',
) ]
[ sql ] [ DB ] CONNECT:[ UseTime:0.008000s ] mysql:host=127.0.0.1;dbname=myshop;charset=utf8
[ sql ] [ SQL ] SHOW COLUMNS FROM `tp_category` [ RunTime:0.009001s ]
[ sql ] [ SQL ] SELECT * FROM `tp_category` [ RunTime:0.001000s ]
---------------------------------------------------------------

[2019-08-18T00:16:10+08:00] 127.0.0.1 GET www.myshop.com/admin/brand/brandlist
[运行时间：0.059003s] [吞吐率：16.95req/s] [内存消耗：2,111.48kb] [文件加载：68]
[ info ] [ LANG ] E:\phpStudy\PHPTutorial\WWW\my_shop\thinkphp\lang\zh-cn.php
[ info ] [ ROUTE ] array (
)
[ info ] [ HEADER ] array (
  'cookie' => 'Hm_lvt_53b7374a63c37483e5dd97d78d9bb36e=1565776474; QC006=hvvyqr6ivj2ksr9qstpvgaq; QC008=1565776476.1565776476.1565776476.1; __uuid=48f36088-37da-c18a-8a99-0eebbe51de6e; __dfp=a0172fa00df1b1457baad0d4120b7c44fcf79e6d382e65f7675f2889a7a57724f7@1567072477786@1565776477786; pgv_pvi=4222451712',
  'accept-language' => 'zh-CN,zh;q=0.9,en;q=0.8',
  'accept-encoding' => 'gzip, deflate',
  'referer' => 'http://www.myshop.com/admin/index/index.html',
  'accept' => 'text/html,application/xhtml+xml,application/xml;q=0.9,image/webp,image/apng,*/*;q=0.8,application/signed-exchange;v=b3',
  'user-agent' => 'Mozilla/5.0 (Windows NT 6.1; Win64; x64) AppleWebKit/537.36 (KHTML, like Gecko) Chrome/74.0.3729.157 Safari/537.36',
  'upgrade-insecure-requests' => '1',
  'connection' => 'close',
  'host' => 'www.myshop.com',
)
[ info ] [ PARAM ] array (
  '/admin/brand/brandlist' => '',
)
[ info ] [ DB ] INIT mysql
[ info ] [ VIEW ] E:\phpStudy\PHPTutorial\WWW\my_shop\application\admin\view\brand\brand_list.html [ array (
  0 => 'data',
) ]
[ sql ] [ DB ] CONNECT:[ UseTime:0.004001s ] mysql:host=127.0.0.1;dbname=myshop;charset=utf8
[ sql ] [ SQL ] SHOW COLUMNS FROM `tp_brand` [ RunTime:0.009000s ]
[ sql ] [ SQL ] SELECT * FROM `tp_brand` [ RunTime:0.000000s ]
---------------------------------------------------------------

[2019-08-18T00:16:10+08:00] 127.0.0.1 GET www.myshop.com/admin/goods/goodslist
[运行时间：0.059004s] [吞吐率：16.95req/s] [内存消耗：2,515.02kb] [文件加载：78]
[ info ] [ LANG ] E:\phpStudy\PHPTutorial\WWW\my_shop\thinkphp\lang\zh-cn.php
[ info ] [ ROUTE ] array (
)
[ info ] [ HEADER ] array (
  'cookie' => 'Hm_lvt_53b7374a63c37483e5dd97d78d9bb36e=1565776474; QC006=hvvyqr6ivj2ksr9qstpvgaq; QC008=1565776476.1565776476.1565776476.1; __uuid=48f36088-37da-c18a-8a99-0eebbe51de6e; __dfp=a0172fa00df1b1457baad0d4120b7c44fcf79e6d382e65f7675f2889a7a57724f7@1567072477786@1565776477786; pgv_pvi=4222451712',
  'accept-language' => 'zh-CN,zh;q=0.9,en;q=0.8',
  'accept-encoding' => 'gzip, deflate',
  'referer' => 'http://www.myshop.com/admin/index/index.html',
  'accept' => 'text/html,application/xhtml+xml,application/xml;q=0.9,image/webp,image/apng,*/*;q=0.8,application/signed-exchange;v=b3',
  'user-agent' => 'Mozilla/5.0 (Windows NT 6.1; Win64; x64) AppleWebKit/537.36 (KHTML, like Gecko) Chrome/74.0.3729.157 Safari/537.36',
  'upgrade-insecure-requests' => '1',
  'connection' => 'close',
  'host' => 'www.myshop.com',
)
[ info ] [ PARAM ] array (
  '/admin/goods/goodslist' => '',
)
[ info ] [ DB ] INIT mysql
[ info ] [ VIEW ] E:\phpStudy\PHPTutorial\WWW\my_shop\application\admin\view\goods\goods_list.html [ array (
  0 => 'goods',
  1 => 'page_limit',
  2 => 'page',
  3 => 'count',
) ]
[ sql ] [ DB ] CONNECT:[ UseTime:0.002000s ] mysql:host=127.0.0.1;dbname=myshop;charset=utf8
[ sql ] [ SQL ] SHOW COLUMNS FROM `tp_goods` [ RunTime:0.010000s ]
[ sql ] [ SQL ] SELECT COUNT(*) AS tp_count FROM `tp_goods` [ RunTime:0.002000s ]
[ sql ] [ SQL ] SELECT * FROM `tp_goods` ORDER BY `id` DESC LIMIT 0,5 [ RunTime:0.001000s ]
---------------------------------------------------------------

[2019-08-18T00:16:11+08:00] 127.0.0.1 GET www.myshop.com/admin/brand/brandlist
[运行时间：0.062004s] [吞吐率：16.13req/s] [内存消耗：2,111.48kb] [文件加载：68]
[ info ] [ LANG ] E:\phpStudy\PHPTutorial\WWW\my_shop\thinkphp\lang\zh-cn.php
[ info ] [ ROUTE ] array (
)
[ info ] [ HEADER ] array (
  'cookie' => 'Hm_lvt_53b7374a63c37483e5dd97d78d9bb36e=1565776474; QC006=hvvyqr6ivj2ksr9qstpvgaq; QC008=1565776476.1565776476.1565776476.1; __uuid=48f36088-37da-c18a-8a99-0eebbe51de6e; __dfp=a0172fa00df1b1457baad0d4120b7c44fcf79e6d382e65f7675f2889a7a57724f7@1567072477786@1565776477786; pgv_pvi=4222451712',
  'accept-language' => 'zh-CN,zh;q=0.9,en;q=0.8',
  'accept-encoding' => 'gzip, deflate',
  'referer' => 'http://www.myshop.com/admin/index/index.html',
  'accept' => 'text/html,application/xhtml+xml,application/xml;q=0.9,image/webp,image/apng,*/*;q=0.8,application/signed-exchange;v=b3',
  'user-agent' => 'Mozilla/5.0 (Windows NT 6.1; Win64; x64) AppleWebKit/537.36 (KHTML, like Gecko) Chrome/74.0.3729.157 Safari/537.36',
  'upgrade-insecure-requests' => '1',
  'connection' => 'close',
  'host' => 'www.myshop.com',
)
[ info ] [ PARAM ] array (
  '/admin/brand/brandlist' => '',
)
[ info ] [ DB ] INIT mysql
[ info ] [ VIEW ] E:\phpStudy\PHPTutorial\WWW\my_shop\application\admin\view\brand\brand_list.html [ array (
  0 => 'data',
) ]
[ sql ] [ DB ] CONNECT:[ UseTime:0.003000s ] mysql:host=127.0.0.1;dbname=myshop;charset=utf8
[ sql ] [ SQL ] SHOW COLUMNS FROM `tp_brand` [ RunTime:0.010001s ]
[ sql ] [ SQL ] SELECT * FROM `tp_brand` [ RunTime:0.001000s ]
---------------------------------------------------------------

[2019-08-18T00:16:12+08:00] 127.0.0.1 GET www.myshop.com/admin/category/catlist
[运行时间：0.058003s] [吞吐率：17.24req/s] [内存消耗：2,110.68kb] [文件加载：68]
[ info ] [ LANG ] E:\phpStudy\PHPTutorial\WWW\my_shop\thinkphp\lang\zh-cn.php
[ info ] [ ROUTE ] array (
)
[ info ] [ HEADER ] array (
  'cookie' => 'Hm_lvt_53b7374a63c37483e5dd97d78d9bb36e=1565776474; QC006=hvvyqr6ivj2ksr9qstpvgaq; QC008=1565776476.1565776476.1565776476.1; __uuid=48f36088-37da-c18a-8a99-0eebbe51de6e; __dfp=a0172fa00df1b1457baad0d4120b7c44fcf79e6d382e65f7675f2889a7a57724f7@1567072477786@1565776477786; pgv_pvi=4222451712',
  'accept-language' => 'zh-CN,zh;q=0.9,en;q=0.8',
  'accept-encoding' => 'gzip, deflate',
  'referer' => 'http://www.myshop.com/admin/index/index.html',
  'accept' => 'text/html,application/xhtml+xml,application/xml;q=0.9,image/webp,image/apng,*/*;q=0.8,application/signed-exchange;v=b3',
  'user-agent' => 'Mozilla/5.0 (Windows NT 6.1; Win64; x64) AppleWebKit/537.36 (KHTML, like Gecko) Chrome/74.0.3729.157 Safari/537.36',
  'upgrade-insecure-requests' => '1',
  'connection' => 'close',
  'host' => 'www.myshop.com',
)
[ info ] [ PARAM ] array (
  '/admin/category/catlist' => '',
)
[ info ] [ DB ] INIT mysql
[ info ] [ VIEW ] E:\phpStudy\PHPTutorial\WWW\my_shop\application\admin\view\category\cat_list.html [ array (
  0 => 'data',
) ]
[ sql ] [ DB ] CONNECT:[ UseTime:0.003001s ] mysql:host=127.0.0.1;dbname=myshop;charset=utf8
[ sql ] [ SQL ] SHOW COLUMNS FROM `tp_category` [ RunTime:0.011000s ]
[ sql ] [ SQL ] SELECT * FROM `tp_category` [ RunTime:0.001000s ]
---------------------------------------------------------------

[2019-08-18T00:16:13+08:00] 127.0.0.1 GET www.myshop.com/admin/brand/brandlist
[运行时间：0.051003s] [吞吐率：19.61req/s] [内存消耗：2,111.48kb] [文件加载：68]
[ info ] [ LANG ] E:\phpStudy\PHPTutorial\WWW\my_shop\thinkphp\lang\zh-cn.php
[ info ] [ ROUTE ] array (
)
[ info ] [ HEADER ] array (
  'cookie' => 'Hm_lvt_53b7374a63c37483e5dd97d78d9bb36e=1565776474; QC006=hvvyqr6ivj2ksr9qstpvgaq; QC008=1565776476.1565776476.1565776476.1; __uuid=48f36088-37da-c18a-8a99-0eebbe51de6e; __dfp=a0172fa00df1b1457baad0d4120b7c44fcf79e6d382e65f7675f2889a7a57724f7@1567072477786@1565776477786; pgv_pvi=4222451712',
  'accept-language' => 'zh-CN,zh;q=0.9,en;q=0.8',
  'accept-encoding' => 'gzip, deflate',
  'referer' => 'http://www.myshop.com/admin/index/index.html',
  'accept' => 'text/html,application/xhtml+xml,application/xml;q=0.9,image/webp,image/apng,*/*;q=0.8,application/signed-exchange;v=b3',
  'user-agent' => 'Mozilla/5.0 (Windows NT 6.1; Win64; x64) AppleWebKit/537.36 (KHTML, like Gecko) Chrome/74.0.3729.157 Safari/537.36',
  'upgrade-insecure-requests' => '1',
  'connection' => 'close',
  'host' => 'www.myshop.com',
)
[ info ] [ PARAM ] array (
  '/admin/brand/brandlist' => '',
)
[ info ] [ DB ] INIT mysql
[ info ] [ VIEW ] E:\phpStudy\PHPTutorial\WWW\my_shop\application\admin\view\brand\brand_list.html [ array (
  0 => 'data',
) ]
[ sql ] [ DB ] CONNECT:[ UseTime:0.005000s ] mysql:host=127.0.0.1;dbname=myshop;charset=utf8
[ sql ] [ SQL ] SHOW COLUMNS FROM `tp_brand` [ RunTime:0.011001s ]
[ sql ] [ SQL ] SELECT * FROM `tp_brand` [ RunTime:0.001000s ]
---------------------------------------------------------------

[2019-08-18T00:16:17+08:00] 127.0.0.1 GET www.myshop.com/admin/goods/goodslist
[运行时间：0.075004s] [吞吐率：13.33req/s] [内存消耗：2,515.02kb] [文件加载：78]
[ info ] [ LANG ] E:\phpStudy\PHPTutorial\WWW\my_shop\thinkphp\lang\zh-cn.php
[ info ] [ ROUTE ] array (
)
[ info ] [ HEADER ] array (
  'cookie' => 'Hm_lvt_53b7374a63c37483e5dd97d78d9bb36e=1565776474; QC006=hvvyqr6ivj2ksr9qstpvgaq; QC008=1565776476.1565776476.1565776476.1; __uuid=48f36088-37da-c18a-8a99-0eebbe51de6e; __dfp=a0172fa00df1b1457baad0d4120b7c44fcf79e6d382e65f7675f2889a7a57724f7@1567072477786@1565776477786; pgv_pvi=4222451712',
  'accept-language' => 'zh-CN,zh;q=0.9,en;q=0.8',
  'accept-encoding' => 'gzip, deflate',
  'referer' => 'http://www.myshop.com/admin/index/index.html',
  'accept' => 'text/html,application/xhtml+xml,application/xml;q=0.9,image/webp,image/apng,*/*;q=0.8,application/signed-exchange;v=b3',
  'user-agent' => 'Mozilla/5.0 (Windows NT 6.1; Win64; x64) AppleWebKit/537.36 (KHTML, like Gecko) Chrome/74.0.3729.157 Safari/537.36',
  'upgrade-insecure-requests' => '1',
  'connection' => 'close',
  'host' => 'www.myshop.com',
)
[ info ] [ PARAM ] array (
  '/admin/goods/goodslist' => '',
)
[ info ] [ DB ] INIT mysql
[ info ] [ VIEW ] E:\phpStudy\PHPTutorial\WWW\my_shop\application\admin\view\goods\goods_list.html [ array (
  0 => 'goods',
  1 => 'page_limit',
  2 => 'page',
  3 => 'count',
) ]
[ sql ] [ DB ] CONNECT:[ UseTime:0.002000s ] mysql:host=127.0.0.1;dbname=myshop;charset=utf8
[ sql ] [ SQL ] SHOW COLUMNS FROM `tp_goods` [ RunTime:0.010001s ]
[ sql ] [ SQL ] SELECT COUNT(*) AS tp_count FROM `tp_goods` [ RunTime:0.001000s ]
[ sql ] [ SQL ] SELECT * FROM `tp_goods` ORDER BY `id` DESC LIMIT 0,5 [ RunTime:0.002000s ]
---------------------------------------------------------------

[2019-08-18T00:16:23+08:00] 127.0.0.1 GET www.myshop.com/admin/brand/brandlist
[运行时间：0.055003s] [吞吐率：18.18req/s] [内存消耗：2,111.48kb] [文件加载：68]
[ info ] [ LANG ] E:\phpStudy\PHPTutorial\WWW\my_shop\thinkphp\lang\zh-cn.php
[ info ] [ ROUTE ] array (
)
[ info ] [ HEADER ] array (
  'cookie' => 'Hm_lvt_53b7374a63c37483e5dd97d78d9bb36e=1565776474; QC006=hvvyqr6ivj2ksr9qstpvgaq; QC008=1565776476.1565776476.1565776476.1; __uuid=48f36088-37da-c18a-8a99-0eebbe51de6e; __dfp=a0172fa00df1b1457baad0d4120b7c44fcf79e6d382e65f7675f2889a7a57724f7@1567072477786@1565776477786; pgv_pvi=4222451712',
  'accept-language' => 'zh-CN,zh;q=0.9,en;q=0.8',
  'accept-encoding' => 'gzip, deflate',
  'referer' => 'http://www.myshop.com/admin/index/index.html',
  'accept' => 'text/html,application/xhtml+xml,application/xml;q=0.9,image/webp,image/apng,*/*;q=0.8,application/signed-exchange;v=b3',
  'user-agent' => 'Mozilla/5.0 (Windows NT 6.1; Win64; x64) AppleWebKit/537.36 (KHTML, like Gecko) Chrome/74.0.3729.157 Safari/537.36',
  'upgrade-insecure-requests' => '1',
  'connection' => 'close',
  'host' => 'www.myshop.com',
)
[ info ] [ PARAM ] array (
  '/admin/brand/brandlist' => '',
)
[ info ] [ DB ] INIT mysql
[ info ] [ VIEW ] E:\phpStudy\PHPTutorial\WWW\my_shop\application\admin\view\brand\brand_list.html [ array (
  0 => 'data',
) ]
[ sql ] [ DB ] CONNECT:[ UseTime:0.003000s ] mysql:host=127.0.0.1;dbname=myshop;charset=utf8
[ sql ] [ SQL ] SHOW COLUMNS FROM `tp_brand` [ RunTime:0.010001s ]
[ sql ] [ SQL ] SELECT * FROM `tp_brand` [ RunTime:0.001000s ]
---------------------------------------------------------------

[2019-08-18T00:16:23+08:00] 127.0.0.1 GET www.myshop.com/admin/category/catlist
[运行时间：0.059003s] [吞吐率：16.95req/s] [内存消耗：2,110.68kb] [文件加载：68]
[ info ] [ LANG ] E:\phpStudy\PHPTutorial\WWW\my_shop\thinkphp\lang\zh-cn.php
[ info ] [ ROUTE ] array (
)
[ info ] [ HEADER ] array (
  'cookie' => 'Hm_lvt_53b7374a63c37483e5dd97d78d9bb36e=1565776474; QC006=hvvyqr6ivj2ksr9qstpvgaq; QC008=1565776476.1565776476.1565776476.1; __uuid=48f36088-37da-c18a-8a99-0eebbe51de6e; __dfp=a0172fa00df1b1457baad0d4120b7c44fcf79e6d382e65f7675f2889a7a57724f7@1567072477786@1565776477786; pgv_pvi=4222451712',
  'accept-language' => 'zh-CN,zh;q=0.9,en;q=0.8',
  'accept-encoding' => 'gzip, deflate',
  'referer' => 'http://www.myshop.com/admin/index/index.html',
  'accept' => 'text/html,application/xhtml+xml,application/xml;q=0.9,image/webp,image/apng,*/*;q=0.8,application/signed-exchange;v=b3',
  'user-agent' => 'Mozilla/5.0 (Windows NT 6.1; Win64; x64) AppleWebKit/537.36 (KHTML, like Gecko) Chrome/74.0.3729.157 Safari/537.36',
  'upgrade-insecure-requests' => '1',
  'connection' => 'close',
  'host' => 'www.myshop.com',
)
[ info ] [ PARAM ] array (
  '/admin/category/catlist' => '',
)
[ info ] [ DB ] INIT mysql
[ info ] [ VIEW ] E:\phpStudy\PHPTutorial\WWW\my_shop\application\admin\view\category\cat_list.html [ array (
  0 => 'data',
) ]
[ sql ] [ DB ] CONNECT:[ UseTime:0.003000s ] mysql:host=127.0.0.1;dbname=myshop;charset=utf8
[ sql ] [ SQL ] SHOW COLUMNS FROM `tp_category` [ RunTime:0.012001s ]
[ sql ] [ SQL ] SELECT * FROM `tp_category` [ RunTime:0.003000s ]
---------------------------------------------------------------

[2019-08-18T00:16:24+08:00] 127.0.0.1 GET www.myshop.com/admin/brand/brandlist
[运行时间：0.055003s] [吞吐率：18.18req/s] [内存消耗：2,111.48kb] [文件加载：68]
[ info ] [ LANG ] E:\phpStudy\PHPTutorial\WWW\my_shop\thinkphp\lang\zh-cn.php
[ info ] [ ROUTE ] array (
)
[ info ] [ HEADER ] array (
  'cookie' => 'Hm_lvt_53b7374a63c37483e5dd97d78d9bb36e=1565776474; QC006=hvvyqr6ivj2ksr9qstpvgaq; QC008=1565776476.1565776476.1565776476.1; __uuid=48f36088-37da-c18a-8a99-0eebbe51de6e; __dfp=a0172fa00df1b1457baad0d4120b7c44fcf79e6d382e65f7675f2889a7a57724f7@1567072477786@1565776477786; pgv_pvi=4222451712',
  'accept-language' => 'zh-CN,zh;q=0.9,en;q=0.8',
  'accept-encoding' => 'gzip, deflate',
  'referer' => 'http://www.myshop.com/admin/index/index.html',
  'accept' => 'text/html,application/xhtml+xml,application/xml;q=0.9,image/webp,image/apng,*/*;q=0.8,application/signed-exchange;v=b3',
  'user-agent' => 'Mozilla/5.0 (Windows NT 6.1; Win64; x64) AppleWebKit/537.36 (KHTML, like Gecko) Chrome/74.0.3729.157 Safari/537.36',
  'upgrade-insecure-requests' => '1',
  'connection' => 'close',
  'host' => 'www.myshop.com',
)
[ info ] [ PARAM ] array (
  '/admin/brand/brandlist' => '',
)
[ info ] [ DB ] INIT mysql
[ info ] [ VIEW ] E:\phpStudy\PHPTutorial\WWW\my_shop\application\admin\view\brand\brand_list.html [ array (
  0 => 'data',
) ]
[ sql ] [ DB ] CONNECT:[ UseTime:0.012001s ] mysql:host=127.0.0.1;dbname=myshop;charset=utf8
[ sql ] [ SQL ] SHOW COLUMNS FROM `tp_brand` [ RunTime:0.010000s ]
[ sql ] [ SQL ] SELECT * FROM `tp_brand` [ RunTime:0.001000s ]
---------------------------------------------------------------

[2019-08-18T00:16:24+08:00] 127.0.0.1 GET www.myshop.com/admin/goods/goodslist
[运行时间：0.057004s] [吞吐率：17.54req/s] [内存消耗：2,515.02kb] [文件加载：78]
[ info ] [ LANG ] E:\phpStudy\PHPTutorial\WWW\my_shop\thinkphp\lang\zh-cn.php
[ info ] [ ROUTE ] array (
)
[ info ] [ HEADER ] array (
  'cookie' => 'Hm_lvt_53b7374a63c37483e5dd97d78d9bb36e=1565776474; QC006=hvvyqr6ivj2ksr9qstpvgaq; QC008=1565776476.1565776476.1565776476.1; __uuid=48f36088-37da-c18a-8a99-0eebbe51de6e; __dfp=a0172fa00df1b1457baad0d4120b7c44fcf79e6d382e65f7675f2889a7a57724f7@1567072477786@1565776477786; pgv_pvi=4222451712',
  'accept-language' => 'zh-CN,zh;q=0.9,en;q=0.8',
  'accept-encoding' => 'gzip, deflate',
  'referer' => 'http://www.myshop.com/admin/index/index.html',
  'accept' => 'text/html,application/xhtml+xml,application/xml;q=0.9,image/webp,image/apng,*/*;q=0.8,application/signed-exchange;v=b3',
  'user-agent' => 'Mozilla/5.0 (Windows NT 6.1; Win64; x64) AppleWebKit/537.36 (KHTML, like Gecko) Chrome/74.0.3729.157 Safari/537.36',
  'upgrade-insecure-requests' => '1',
  'connection' => 'close',
  'host' => 'www.myshop.com',
)
[ info ] [ PARAM ] array (
  '/admin/goods/goodslist' => '',
)
[ info ] [ DB ] INIT mysql
[ info ] [ VIEW ] E:\phpStudy\PHPTutorial\WWW\my_shop\application\admin\view\goods\goods_list.html [ array (
  0 => 'goods',
  1 => 'page_limit',
  2 => 'page',
  3 => 'count',
) ]
[ sql ] [ DB ] CONNECT:[ UseTime:0.003000s ] mysql:host=127.0.0.1;dbname=myshop;charset=utf8
[ sql ] [ SQL ] SHOW COLUMNS FROM `tp_goods` [ RunTime:0.009001s ]
[ sql ] [ SQL ] SELECT COUNT(*) AS tp_count FROM `tp_goods` [ RunTime:0.002000s ]
[ sql ] [ SQL ] SELECT * FROM `tp_goods` ORDER BY `id` DESC LIMIT 0,5 [ RunTime:0.001000s ]
---------------------------------------------------------------

[2019-08-18T00:16:25+08:00] 127.0.0.1 GET www.myshop.com/admin/brand/brandlist
[运行时间：0.070004s] [吞吐率：14.28req/s] [内存消耗：2,111.48kb] [文件加载：68]
[ info ] [ LANG ] E:\phpStudy\PHPTutorial\WWW\my_shop\thinkphp\lang\zh-cn.php
[ info ] [ ROUTE ] array (
)
[ info ] [ HEADER ] array (
  'cookie' => 'Hm_lvt_53b7374a63c37483e5dd97d78d9bb36e=1565776474; QC006=hvvyqr6ivj2ksr9qstpvgaq; QC008=1565776476.1565776476.1565776476.1; __uuid=48f36088-37da-c18a-8a99-0eebbe51de6e; __dfp=a0172fa00df1b1457baad0d4120b7c44fcf79e6d382e65f7675f2889a7a57724f7@1567072477786@1565776477786; pgv_pvi=4222451712',
  'accept-language' => 'zh-CN,zh;q=0.9,en;q=0.8',
  'accept-encoding' => 'gzip, deflate',
  'referer' => 'http://www.myshop.com/admin/index/index.html',
  'accept' => 'text/html,application/xhtml+xml,application/xml;q=0.9,image/webp,image/apng,*/*;q=0.8,application/signed-exchange;v=b3',
  'user-agent' => 'Mozilla/5.0 (Windows NT 6.1; Win64; x64) AppleWebKit/537.36 (KHTML, like Gecko) Chrome/74.0.3729.157 Safari/537.36',
  'upgrade-insecure-requests' => '1',
  'connection' => 'close',
  'host' => 'www.myshop.com',
)
[ info ] [ PARAM ] array (
  '/admin/brand/brandlist' => '',
)
[ info ] [ DB ] INIT mysql
[ info ] [ VIEW ] E:\phpStudy\PHPTutorial\WWW\my_shop\application\admin\view\brand\brand_list.html [ array (
  0 => 'data',
) ]
[ sql ] [ DB ] CONNECT:[ UseTime:0.003000s ] mysql:host=127.0.0.1;dbname=myshop;charset=utf8
[ sql ] [ SQL ] SHOW COLUMNS FROM `tp_brand` [ RunTime:0.021001s ]
[ sql ] [ SQL ] SELECT * FROM `tp_brand` [ RunTime:0.002000s ]
---------------------------------------------------------------

[2019-08-18T00:16:25+08:00] 127.0.0.1 GET www.myshop.com/admin/category/catlist
[运行时间：0.046002s] [吞吐率：21.74req/s] [内存消耗：2,110.68kb] [文件加载：68]
[ info ] [ LANG ] E:\phpStudy\PHPTutorial\WWW\my_shop\thinkphp\lang\zh-cn.php
[ info ] [ ROUTE ] array (
)
[ info ] [ HEADER ] array (
  'cookie' => 'Hm_lvt_53b7374a63c37483e5dd97d78d9bb36e=1565776474; QC006=hvvyqr6ivj2ksr9qstpvgaq; QC008=1565776476.1565776476.1565776476.1; __uuid=48f36088-37da-c18a-8a99-0eebbe51de6e; __dfp=a0172fa00df1b1457baad0d4120b7c44fcf79e6d382e65f7675f2889a7a57724f7@1567072477786@1565776477786; pgv_pvi=4222451712',
  'accept-language' => 'zh-CN,zh;q=0.9,en;q=0.8',
  'accept-encoding' => 'gzip, deflate',
  'referer' => 'http://www.myshop.com/admin/index/index.html',
  'accept' => 'text/html,application/xhtml+xml,application/xml;q=0.9,image/webp,image/apng,*/*;q=0.8,application/signed-exchange;v=b3',
  'user-agent' => 'Mozilla/5.0 (Windows NT 6.1; Win64; x64) AppleWebKit/537.36 (KHTML, like Gecko) Chrome/74.0.3729.157 Safari/537.36',
  'upgrade-insecure-requests' => '1',
  'connection' => 'close',
  'host' => 'www.myshop.com',
)
[ info ] [ PARAM ] array (
  '/admin/category/catlist' => '',
)
[ info ] [ DB ] INIT mysql
[ info ] [ VIEW ] E:\phpStudy\PHPTutorial\WWW\my_shop\application\admin\view\category\cat_list.html [ array (
  0 => 'data',
) ]
[ sql ] [ DB ] CONNECT:[ UseTime:0.002000s ] mysql:host=127.0.0.1;dbname=myshop;charset=utf8
[ sql ] [ SQL ] SHOW COLUMNS FROM `tp_category` [ RunTime:0.010001s ]
[ sql ] [ SQL ] SELECT * FROM `tp_category` [ RunTime:0.001000s ]
---------------------------------------------------------------

[2019-08-18T00:16:26+08:00] 127.0.0.1 GET www.myshop.com/admin/brand/brandlist
[运行时间：0.064004s] [吞吐率：15.62req/s] [内存消耗：2,111.48kb] [文件加载：68]
[ info ] [ LANG ] E:\phpStudy\PHPTutorial\WWW\my_shop\thinkphp\lang\zh-cn.php
[ info ] [ ROUTE ] array (
)
[ info ] [ HEADER ] array (
  'cookie' => 'Hm_lvt_53b7374a63c37483e5dd97d78d9bb36e=1565776474; QC006=hvvyqr6ivj2ksr9qstpvgaq; QC008=1565776476.1565776476.1565776476.1; __uuid=48f36088-37da-c18a-8a99-0eebbe51de6e; __dfp=a0172fa00df1b1457baad0d4120b7c44fcf79e6d382e65f7675f2889a7a57724f7@1567072477786@1565776477786; pgv_pvi=4222451712',
  'accept-language' => 'zh-CN,zh;q=0.9,en;q=0.8',
  'accept-encoding' => 'gzip, deflate',
  'referer' => 'http://www.myshop.com/admin/index/index.html',
  'accept' => 'text/html,application/xhtml+xml,application/xml;q=0.9,image/webp,image/apng,*/*;q=0.8,application/signed-exchange;v=b3',
  'user-agent' => 'Mozilla/5.0 (Windows NT 6.1; Win64; x64) AppleWebKit/537.36 (KHTML, like Gecko) Chrome/74.0.3729.157 Safari/537.36',
  'upgrade-insecure-requests' => '1',
  'connection' => 'close',
  'host' => 'www.myshop.com',
)
[ info ] [ PARAM ] array (
  '/admin/brand/brandlist' => '',
)
[ info ] [ DB ] INIT mysql
[ info ] [ VIEW ] E:\phpStudy\PHPTutorial\WWW\my_shop\application\admin\view\brand\brand_list.html [ array (
  0 => 'data',
) ]
[ sql ] [ DB ] CONNECT:[ UseTime:0.016001s ] mysql:host=127.0.0.1;dbname=myshop;charset=utf8
[ sql ] [ SQL ] SHOW COLUMNS FROM `tp_brand` [ RunTime:0.009001s ]
[ sql ] [ SQL ] SELECT * FROM `tp_brand` [ RunTime:0.001000s ]
---------------------------------------------------------------

[2019-08-18T00:16:27+08:00] 127.0.0.1 GET www.myshop.com/admin/goods/goodslist
[运行时间：0.062004s] [吞吐率：16.13req/s] [内存消耗：2,515.02kb] [文件加载：78]
[ info ] [ LANG ] E:\phpStudy\PHPTutorial\WWW\my_shop\thinkphp\lang\zh-cn.php
[ info ] [ ROUTE ] array (
)
[ info ] [ HEADER ] array (
  'cookie' => 'Hm_lvt_53b7374a63c37483e5dd97d78d9bb36e=1565776474; QC006=hvvyqr6ivj2ksr9qstpvgaq; QC008=1565776476.1565776476.1565776476.1; __uuid=48f36088-37da-c18a-8a99-0eebbe51de6e; __dfp=a0172fa00df1b1457baad0d4120b7c44fcf79e6d382e65f7675f2889a7a57724f7@1567072477786@1565776477786; pgv_pvi=4222451712',
  'accept-language' => 'zh-CN,zh;q=0.9,en;q=0.8',
  'accept-encoding' => 'gzip, deflate',
  'referer' => 'http://www.myshop.com/admin/index/index.html',
  'accept' => 'text/html,application/xhtml+xml,application/xml;q=0.9,image/webp,image/apng,*/*;q=0.8,application/signed-exchange;v=b3',
  'user-agent' => 'Mozilla/5.0 (Windows NT 6.1; Win64; x64) AppleWebKit/537.36 (KHTML, like Gecko) Chrome/74.0.3729.157 Safari/537.36',
  'upgrade-insecure-requests' => '1',
  'connection' => 'close',
  'host' => 'www.myshop.com',
)
[ info ] [ PARAM ] array (
  '/admin/goods/goodslist' => '',
)
[ info ] [ DB ] INIT mysql
[ info ] [ VIEW ] E:\phpStudy\PHPTutorial\WWW\my_shop\application\admin\view\goods\goods_list.html [ array (
  0 => 'goods',
  1 => 'page_limit',
  2 => 'page',
  3 => 'count',
) ]
[ sql ] [ DB ] CONNECT:[ UseTime:0.003000s ] mysql:host=127.0.0.1;dbname=myshop;charset=utf8
[ sql ] [ SQL ] SHOW COLUMNS FROM `tp_goods` [ RunTime:0.009000s ]
[ sql ] [ SQL ] SELECT COUNT(*) AS tp_count FROM `tp_goods` [ RunTime:0.002000s ]
[ sql ] [ SQL ] SELECT * FROM `tp_goods` ORDER BY `id` DESC LIMIT 0,5 [ RunTime:0.001001s ]
---------------------------------------------------------------

[2019-08-18T00:53:07+08:00] 127.0.0.1 GET www.myshop.com/admin/brand/brandlist
[运行时间：0.081004s] [吞吐率：12.35req/s] [内存消耗：2,111.48kb] [文件加载：68]
[ info ] [ LANG ] E:\phpStudy\PHPTutorial\WWW\my_shop\thinkphp\lang\zh-cn.php
[ info ] [ ROUTE ] array (
)
[ info ] [ HEADER ] array (
  'cookie' => 'Hm_lvt_53b7374a63c37483e5dd97d78d9bb36e=1565776474; QC006=hvvyqr6ivj2ksr9qstpvgaq; QC008=1565776476.1565776476.1565776476.1; __uuid=48f36088-37da-c18a-8a99-0eebbe51de6e; __dfp=a0172fa00df1b1457baad0d4120b7c44fcf79e6d382e65f7675f2889a7a57724f7@1567072477786@1565776477786; pgv_pvi=4222451712',
  'accept-language' => 'zh-CN,zh;q=0.9,en;q=0.8',
  'accept-encoding' => 'gzip, deflate',
  'referer' => 'http://www.myshop.com/admin/index/index.html',
  'accept' => 'text/html,application/xhtml+xml,application/xml;q=0.9,image/webp,image/apng,*/*;q=0.8,application/signed-exchange;v=b3',
  'user-agent' => 'Mozilla/5.0 (Windows NT 6.1; Win64; x64) AppleWebKit/537.36 (KHTML, like Gecko) Chrome/74.0.3729.157 Safari/537.36',
  'upgrade-insecure-requests' => '1',
  'connection' => 'close',
  'host' => 'www.myshop.com',
)
[ info ] [ PARAM ] array (
  '/admin/brand/brandlist' => '',
)
[ info ] [ DB ] INIT mysql
[ info ] [ VIEW ] E:\phpStudy\PHPTutorial\WWW\my_shop\application\admin\view\brand\brand_list.html [ array (
  0 => 'data',
) ]
[ sql ] [ DB ] CONNECT:[ UseTime:0.009001s ] mysql:host=127.0.0.1;dbname=myshop;charset=utf8
[ sql ] [ SQL ] SHOW COLUMNS FROM `tp_brand` [ RunTime:0.012001s ]
[ sql ] [ SQL ] SELECT * FROM `tp_brand` [ RunTime:0.002000s ]
---------------------------------------------------------------

[2019-08-18T00:53:07+08:00] 127.0.0.1 GET www.myshop.com/admin/category/catlist
[运行时间：0.073004s] [吞吐率：13.70req/s] [内存消耗：2,110.68kb] [文件加载：68]
[ info ] [ LANG ] E:\phpStudy\PHPTutorial\WWW\my_shop\thinkphp\lang\zh-cn.php
[ info ] [ ROUTE ] array (
)
[ info ] [ HEADER ] array (
  'cookie' => 'Hm_lvt_53b7374a63c37483e5dd97d78d9bb36e=1565776474; QC006=hvvyqr6ivj2ksr9qstpvgaq; QC008=1565776476.1565776476.1565776476.1; __uuid=48f36088-37da-c18a-8a99-0eebbe51de6e; __dfp=a0172fa00df1b1457baad0d4120b7c44fcf79e6d382e65f7675f2889a7a57724f7@1567072477786@1565776477786; pgv_pvi=4222451712',
  'accept-language' => 'zh-CN,zh;q=0.9,en;q=0.8',
  'accept-encoding' => 'gzip, deflate',
  'referer' => 'http://www.myshop.com/admin/index/index.html',
  'accept' => 'text/html,application/xhtml+xml,application/xml;q=0.9,image/webp,image/apng,*/*;q=0.8,application/signed-exchange;v=b3',
  'user-agent' => 'Mozilla/5.0 (Windows NT 6.1; Win64; x64) AppleWebKit/537.36 (KHTML, like Gecko) Chrome/74.0.3729.157 Safari/537.36',
  'upgrade-insecure-requests' => '1',
  'connection' => 'close',
  'host' => 'www.myshop.com',
)
[ info ] [ PARAM ] array (
  '/admin/category/catlist' => '',
)
[ info ] [ DB ] INIT mysql
[ info ] [ VIEW ] E:\phpStudy\PHPTutorial\WWW\my_shop\application\admin\view\category\cat_list.html [ array (
  0 => 'data',
) ]
[ sql ] [ DB ] CONNECT:[ UseTime:0.003000s ] mysql:host=127.0.0.1;dbname=myshop;charset=utf8
[ sql ] [ SQL ] SHOW COLUMNS FROM `tp_category` [ RunTime:0.012001s ]
[ sql ] [ SQL ] SELECT * FROM `tp_category` [ RunTime:0.001000s ]
---------------------------------------------------------------

[2019-08-18T00:53:08+08:00] 127.0.0.1 GET www.myshop.com/admin/brand/brandlist
[运行时间：0.065004s] [吞吐率：15.38req/s] [内存消耗：2,111.48kb] [文件加载：68]
[ info ] [ LANG ] E:\phpStudy\PHPTutorial\WWW\my_shop\thinkphp\lang\zh-cn.php
[ info ] [ ROUTE ] array (
)
[ info ] [ HEADER ] array (
  'cookie' => 'Hm_lvt_53b7374a63c37483e5dd97d78d9bb36e=1565776474; QC006=hvvyqr6ivj2ksr9qstpvgaq; QC008=1565776476.1565776476.1565776476.1; __uuid=48f36088-37da-c18a-8a99-0eebbe51de6e; __dfp=a0172fa00df1b1457baad0d4120b7c44fcf79e6d382e65f7675f2889a7a57724f7@1567072477786@1565776477786; pgv_pvi=4222451712',
  'accept-language' => 'zh-CN,zh;q=0.9,en;q=0.8',
  'accept-encoding' => 'gzip, deflate',
  'referer' => 'http://www.myshop.com/admin/index/index.html',
  'accept' => 'text/html,application/xhtml+xml,application/xml;q=0.9,image/webp,image/apng,*/*;q=0.8,application/signed-exchange;v=b3',
  'user-agent' => 'Mozilla/5.0 (Windows NT 6.1; Win64; x64) AppleWebKit/537.36 (KHTML, like Gecko) Chrome/74.0.3729.157 Safari/537.36',
  'upgrade-insecure-requests' => '1',
  'connection' => 'close',
  'host' => 'www.myshop.com',
)
[ info ] [ PARAM ] array (
  '/admin/brand/brandlist' => '',
)
[ info ] [ DB ] INIT mysql
[ info ] [ VIEW ] E:\phpStudy\PHPTutorial\WWW\my_shop\application\admin\view\brand\brand_list.html [ array (
  0 => 'data',
) ]
[ sql ] [ DB ] CONNECT:[ UseTime:0.003000s ] mysql:host=127.0.0.1;dbname=myshop;charset=utf8
[ sql ] [ SQL ] SHOW COLUMNS FROM `tp_brand` [ RunTime:0.013001s ]
[ sql ] [ SQL ] SELECT * FROM `tp_brand` [ RunTime:0.001000s ]
---------------------------------------------------------------

[2019-08-18T00:53:08+08:00] 127.0.0.1 GET www.myshop.com/admin/goods/goodslist
[运行时间：0.086005s] [吞吐率：11.63req/s] [内存消耗：2,515.02kb] [文件加载：78]
[ info ] [ LANG ] E:\phpStudy\PHPTutorial\WWW\my_shop\thinkphp\lang\zh-cn.php
[ info ] [ ROUTE ] array (
)
[ info ] [ HEADER ] array (
  'cookie' => 'Hm_lvt_53b7374a63c37483e5dd97d78d9bb36e=1565776474; QC006=hvvyqr6ivj2ksr9qstpvgaq; QC008=1565776476.1565776476.1565776476.1; __uuid=48f36088-37da-c18a-8a99-0eebbe51de6e; __dfp=a0172fa00df1b1457baad0d4120b7c44fcf79e6d382e65f7675f2889a7a57724f7@1567072477786@1565776477786; pgv_pvi=4222451712',
  'accept-language' => 'zh-CN,zh;q=0.9,en;q=0.8',
  'accept-encoding' => 'gzip, deflate',
  'referer' => 'http://www.myshop.com/admin/index/index.html',
  'accept' => 'text/html,application/xhtml+xml,application/xml;q=0.9,image/webp,image/apng,*/*;q=0.8,application/signed-exchange;v=b3',
  'user-agent' => 'Mozilla/5.0 (Windows NT 6.1; Win64; x64) AppleWebKit/537.36 (KHTML, like Gecko) Chrome/74.0.3729.157 Safari/537.36',
  'upgrade-insecure-requests' => '1',
  'connection' => 'close',
  'host' => 'www.myshop.com',
)
[ info ] [ PARAM ] array (
  '/admin/goods/goodslist' => '',
)
[ info ] [ DB ] INIT mysql
[ info ] [ VIEW ] E:\phpStudy\PHPTutorial\WWW\my_shop\application\admin\view\goods\goods_list.html [ array (
  0 => 'goods',
  1 => 'page_limit',
  2 => 'page',
  3 => 'count',
) ]
[ sql ] [ DB ] CONNECT:[ UseTime:0.003000s ] mysql:host=127.0.0.1;dbname=myshop;charset=utf8
[ sql ] [ SQL ] SHOW COLUMNS FROM `tp_goods` [ RunTime:0.014000s ]
[ sql ] [ SQL ] SELECT COUNT(*) AS tp_count FROM `tp_goods` [ RunTime:0.002001s ]
[ sql ] [ SQL ] SELECT * FROM `tp_goods` ORDER BY `id` DESC LIMIT 0,5 [ RunTime:0.001000s ]
---------------------------------------------------------------

[2019-08-18T00:53:09+08:00] 127.0.0.1 GET www.myshop.com/admin/brand/brandlist
[运行时间：0.066004s] [吞吐率：15.15req/s] [内存消耗：2,111.48kb] [文件加载：68]
[ info ] [ LANG ] E:\phpStudy\PHPTutorial\WWW\my_shop\thinkphp\lang\zh-cn.php
[ info ] [ ROUTE ] array (
)
[ info ] [ HEADER ] array (
  'cookie' => 'Hm_lvt_53b7374a63c37483e5dd97d78d9bb36e=1565776474; QC006=hvvyqr6ivj2ksr9qstpvgaq; QC008=1565776476.1565776476.1565776476.1; __uuid=48f36088-37da-c18a-8a99-0eebbe51de6e; __dfp=a0172fa00df1b1457baad0d4120b7c44fcf79e6d382e65f7675f2889a7a57724f7@1567072477786@1565776477786; pgv_pvi=4222451712',
  'accept-language' => 'zh-CN,zh;q=0.9,en;q=0.8',
  'accept-encoding' => 'gzip, deflate',
  'referer' => 'http://www.myshop.com/admin/index/index.html',
  'accept' => 'text/html,application/xhtml+xml,application/xml;q=0.9,image/webp,image/apng,*/*;q=0.8,application/signed-exchange;v=b3',
  'user-agent' => 'Mozilla/5.0 (Windows NT 6.1; Win64; x64) AppleWebKit/537.36 (KHTML, like Gecko) Chrome/74.0.3729.157 Safari/537.36',
  'upgrade-insecure-requests' => '1',
  'connection' => 'close',
  'host' => 'www.myshop.com',
)
[ info ] [ PARAM ] array (
  '/admin/brand/brandlist' => '',
)
[ info ] [ DB ] INIT mysql
[ info ] [ VIEW ] E:\phpStudy\PHPTutorial\WWW\my_shop\application\admin\view\brand\brand_list.html [ array (
  0 => 'data',
) ]
[ sql ] [ DB ] CONNECT:[ UseTime:0.003000s ] mysql:host=127.0.0.1;dbname=myshop;charset=utf8
[ sql ] [ SQL ] SHOW COLUMNS FROM `tp_brand` [ RunTime:0.012000s ]
[ sql ] [ SQL ] SELECT * FROM `tp_brand` [ RunTime:0.001001s ]
---------------------------------------------------------------

[2019-08-18T00:53:09+08:00] 127.0.0.1 GET www.myshop.com/admin/category/catlist
[运行时间：0.065004s] [吞吐率：15.38req/s] [内存消耗：2,110.68kb] [文件加载：68]
[ info ] [ LANG ] E:\phpStudy\PHPTutorial\WWW\my_shop\thinkphp\lang\zh-cn.php
[ info ] [ ROUTE ] array (
)
[ info ] [ HEADER ] array (
  'cookie' => 'Hm_lvt_53b7374a63c37483e5dd97d78d9bb36e=1565776474; QC006=hvvyqr6ivj2ksr9qstpvgaq; QC008=1565776476.1565776476.1565776476.1; __uuid=48f36088-37da-c18a-8a99-0eebbe51de6e; __dfp=a0172fa00df1b1457baad0d4120b7c44fcf79e6d382e65f7675f2889a7a57724f7@1567072477786@1565776477786; pgv_pvi=4222451712',
  'accept-language' => 'zh-CN,zh;q=0.9,en;q=0.8',
  'accept-encoding' => 'gzip, deflate',
  'referer' => 'http://www.myshop.com/admin/index/index.html',
  'accept' => 'text/html,application/xhtml+xml,application/xml;q=0.9,image/webp,image/apng,*/*;q=0.8,application/signed-exchange;v=b3',
  'user-agent' => 'Mozilla/5.0 (Windows NT 6.1; Win64; x64) AppleWebKit/537.36 (KHTML, like Gecko) Chrome/74.0.3729.157 Safari/537.36',
  'upgrade-insecure-requests' => '1',
  'connection' => 'close',
  'host' => 'www.myshop.com',
)
[ info ] [ PARAM ] array (
  '/admin/category/catlist' => '',
)
[ info ] [ DB ] INIT mysql
[ info ] [ VIEW ] E:\phpStudy\PHPTutorial\WWW\my_shop\application\admin\view\category\cat_list.html [ array (
  0 => 'data',
) ]
[ sql ] [ DB ] CONNECT:[ UseTime:0.003000s ] mysql:host=127.0.0.1;dbname=myshop;charset=utf8
[ sql ] [ SQL ] SHOW COLUMNS FROM `tp_category` [ RunTime:0.013001s ]
[ sql ] [ SQL ] SELECT * FROM `tp_category` [ RunTime:0.001000s ]
---------------------------------------------------------------

[2019-08-18T00:53:10+08:00] 127.0.0.1 GET www.myshop.com/admin/brand/brandlist
[运行时间：0.067003s] [吞吐率：14.92req/s] [内存消耗：2,111.48kb] [文件加载：68]
[ info ] [ LANG ] E:\phpStudy\PHPTutorial\WWW\my_shop\thinkphp\lang\zh-cn.php
[ info ] [ ROUTE ] array (
)
[ info ] [ HEADER ] array (
  'cookie' => 'Hm_lvt_53b7374a63c37483e5dd97d78d9bb36e=1565776474; QC006=hvvyqr6ivj2ksr9qstpvgaq; QC008=1565776476.1565776476.1565776476.1; __uuid=48f36088-37da-c18a-8a99-0eebbe51de6e; __dfp=a0172fa00df1b1457baad0d4120b7c44fcf79e6d382e65f7675f2889a7a57724f7@1567072477786@1565776477786; pgv_pvi=4222451712',
  'accept-language' => 'zh-CN,zh;q=0.9,en;q=0.8',
  'accept-encoding' => 'gzip, deflate',
  'referer' => 'http://www.myshop.com/admin/index/index.html',
  'accept' => 'text/html,application/xhtml+xml,application/xml;q=0.9,image/webp,image/apng,*/*;q=0.8,application/signed-exchange;v=b3',
  'user-agent' => 'Mozilla/5.0 (Windows NT 6.1; Win64; x64) AppleWebKit/537.36 (KHTML, like Gecko) Chrome/74.0.3729.157 Safari/537.36',
  'upgrade-insecure-requests' => '1',
  'connection' => 'close',
  'host' => 'www.myshop.com',
)
[ info ] [ PARAM ] array (
  '/admin/brand/brandlist' => '',
)
[ info ] [ DB ] INIT mysql
[ info ] [ VIEW ] E:\phpStudy\PHPTutorial\WWW\my_shop\application\admin\view\brand\brand_list.html [ array (
  0 => 'data',
) ]
[ sql ] [ DB ] CONNECT:[ UseTime:0.004000s ] mysql:host=127.0.0.1;dbname=myshop;charset=utf8
[ sql ] [ SQL ] SHOW COLUMNS FROM `tp_brand` [ RunTime:0.012001s ]
[ sql ] [ SQL ] SELECT * FROM `tp_brand` [ RunTime:0.001000s ]
---------------------------------------------------------------

[2019-08-18T00:53:10+08:00] 127.0.0.1 GET www.myshop.com/admin/goods/goodslist
[运行时间：0.070004s] [吞吐率：14.28req/s] [内存消耗：2,515.02kb] [文件加载：78]
[ info ] [ LANG ] E:\phpStudy\PHPTutorial\WWW\my_shop\thinkphp\lang\zh-cn.php
[ info ] [ ROUTE ] array (
)
[ info ] [ HEADER ] array (
  'cookie' => 'Hm_lvt_53b7374a63c37483e5dd97d78d9bb36e=1565776474; QC006=hvvyqr6ivj2ksr9qstpvgaq; QC008=1565776476.1565776476.1565776476.1; __uuid=48f36088-37da-c18a-8a99-0eebbe51de6e; __dfp=a0172fa00df1b1457baad0d4120b7c44fcf79e6d382e65f7675f2889a7a57724f7@1567072477786@1565776477786; pgv_pvi=4222451712',
  'accept-language' => 'zh-CN,zh;q=0.9,en;q=0.8',
  'accept-encoding' => 'gzip, deflate',
  'referer' => 'http://www.myshop.com/admin/index/index.html',
  'accept' => 'text/html,application/xhtml+xml,application/xml;q=0.9,image/webp,image/apng,*/*;q=0.8,application/signed-exchange;v=b3',
  'user-agent' => 'Mozilla/5.0 (Windows NT 6.1; Win64; x64) AppleWebKit/537.36 (KHTML, like Gecko) Chrome/74.0.3729.157 Safari/537.36',
  'upgrade-insecure-requests' => '1',
  'connection' => 'close',
  'host' => 'www.myshop.com',
)
[ info ] [ PARAM ] array (
  '/admin/goods/goodslist' => '',
)
[ info ] [ DB ] INIT mysql
[ info ] [ VIEW ] E:\phpStudy\PHPTutorial\WWW\my_shop\application\admin\view\goods\goods_list.html [ array (
  0 => 'goods',
  1 => 'page_limit',
  2 => 'page',
  3 => 'count',
) ]
[ sql ] [ DB ] CONNECT:[ UseTime:0.003001s ] mysql:host=127.0.0.1;dbname=myshop;charset=utf8
[ sql ] [ SQL ] SHOW COLUMNS FROM `tp_goods` [ RunTime:0.011000s ]
[ sql ] [ SQL ] SELECT COUNT(*) AS tp_count FROM `tp_goods` [ RunTime:0.001000s ]
[ sql ] [ SQL ] SELECT * FROM `tp_goods` ORDER BY `id` DESC LIMIT 0,5 [ RunTime:0.001000s ]
---------------------------------------------------------------

[2019-08-18T00:53:10+08:00] 127.0.0.1 GET www.myshop.com/admin/brand/brandlist
[运行时间：0.060003s] [吞吐率：16.67req/s] [内存消耗：2,111.48kb] [文件加载：68]
[ info ] [ LANG ] E:\phpStudy\PHPTutorial\WWW\my_shop\thinkphp\lang\zh-cn.php
[ info ] [ ROUTE ] array (
)
[ info ] [ HEADER ] array (
  'cookie' => 'Hm_lvt_53b7374a63c37483e5dd97d78d9bb36e=1565776474; QC006=hvvyqr6ivj2ksr9qstpvgaq; QC008=1565776476.1565776476.1565776476.1; __uuid=48f36088-37da-c18a-8a99-0eebbe51de6e; __dfp=a0172fa00df1b1457baad0d4120b7c44fcf79e6d382e65f7675f2889a7a57724f7@1567072477786@1565776477786; pgv_pvi=4222451712',
  'accept-language' => 'zh-CN,zh;q=0.9,en;q=0.8',
  'accept-encoding' => 'gzip, deflate',
  'referer' => 'http://www.myshop.com/admin/index/index.html',
  'accept' => 'text/html,application/xhtml+xml,application/xml;q=0.9,image/webp,image/apng,*/*;q=0.8,application/signed-exchange;v=b3',
  'user-agent' => 'Mozilla/5.0 (Windows NT 6.1; Win64; x64) AppleWebKit/537.36 (KHTML, like Gecko) Chrome/74.0.3729.157 Safari/537.36',
  'upgrade-insecure-requests' => '1',
  'connection' => 'close',
  'host' => 'www.myshop.com',
)
[ info ] [ PARAM ] array (
  '/admin/brand/brandlist' => '',
)
[ info ] [ DB ] INIT mysql
[ info ] [ VIEW ] E:\phpStudy\PHPTutorial\WWW\my_shop\application\admin\view\brand\brand_list.html [ array (
  0 => 'data',
) ]
[ sql ] [ DB ] CONNECT:[ UseTime:0.003000s ] mysql:host=127.0.0.1;dbname=myshop;charset=utf8
[ sql ] [ SQL ] SHOW COLUMNS FROM `tp_brand` [ RunTime:0.011001s ]
[ sql ] [ SQL ] SELECT * FROM `tp_brand` [ RunTime:0.001000s ]
---------------------------------------------------------------

[2019-08-18T00:53:11+08:00] 127.0.0.1 GET www.myshop.com/admin/category/catlist
[运行时间：0.058003s] [吞吐率：17.24req/s] [内存消耗：2,110.68kb] [文件加载：68]
[ info ] [ LANG ] E:\phpStudy\PHPTutorial\WWW\my_shop\thinkphp\lang\zh-cn.php
[ info ] [ ROUTE ] array (
)
[ info ] [ HEADER ] array (
  'cookie' => 'Hm_lvt_53b7374a63c37483e5dd97d78d9bb36e=1565776474; QC006=hvvyqr6ivj2ksr9qstpvgaq; QC008=1565776476.1565776476.1565776476.1; __uuid=48f36088-37da-c18a-8a99-0eebbe51de6e; __dfp=a0172fa00df1b1457baad0d4120b7c44fcf79e6d382e65f7675f2889a7a57724f7@1567072477786@1565776477786; pgv_pvi=4222451712',
  'accept-language' => 'zh-CN,zh;q=0.9,en;q=0.8',
  'accept-encoding' => 'gzip, deflate',
  'referer' => 'http://www.myshop.com/admin/index/index.html',
  'accept' => 'text/html,application/xhtml+xml,application/xml;q=0.9,image/webp,image/apng,*/*;q=0.8,application/signed-exchange;v=b3',
  'user-agent' => 'Mozilla/5.0 (Windows NT 6.1; Win64; x64) AppleWebKit/537.36 (KHTML, like Gecko) Chrome/74.0.3729.157 Safari/537.36',
  'upgrade-insecure-requests' => '1',
  'connection' => 'close',
  'host' => 'www.myshop.com',
)
[ info ] [ PARAM ] array (
  '/admin/category/catlist' => '',
)
[ info ] [ DB ] INIT mysql
[ info ] [ VIEW ] E:\phpStudy\PHPTutorial\WWW\my_shop\application\admin\view\category\cat_list.html [ array (
  0 => 'data',
) ]
[ sql ] [ DB ] CONNECT:[ UseTime:0.003000s ] mysql:host=127.0.0.1;dbname=myshop;charset=utf8
[ sql ] [ SQL ] SHOW COLUMNS FROM `tp_category` [ RunTime:0.010001s ]
[ sql ] [ SQL ] SELECT * FROM `tp_category` [ RunTime:0.001000s ]
---------------------------------------------------------------

[2019-08-18T00:53:11+08:00] 127.0.0.1 GET www.myshop.com/admin/brand/brandlist
[运行时间：0.071004s] [吞吐率：14.08req/s] [内存消耗：2,111.48kb] [文件加载：68]
[ info ] [ LANG ] E:\phpStudy\PHPTutorial\WWW\my_shop\thinkphp\lang\zh-cn.php
[ info ] [ ROUTE ] array (
)
[ info ] [ HEADER ] array (
  'cookie' => 'Hm_lvt_53b7374a63c37483e5dd97d78d9bb36e=1565776474; QC006=hvvyqr6ivj2ksr9qstpvgaq; QC008=1565776476.1565776476.1565776476.1; __uuid=48f36088-37da-c18a-8a99-0eebbe51de6e; __dfp=a0172fa00df1b1457baad0d4120b7c44fcf79e6d382e65f7675f2889a7a57724f7@1567072477786@1565776477786; pgv_pvi=4222451712',
  'accept-language' => 'zh-CN,zh;q=0.9,en;q=0.8',
  'accept-encoding' => 'gzip, deflate',
  'referer' => 'http://www.myshop.com/admin/index/index.html',
  'accept' => 'text/html,application/xhtml+xml,application/xml;q=0.9,image/webp,image/apng,*/*;q=0.8,application/signed-exchange;v=b3',
  'user-agent' => 'Mozilla/5.0 (Windows NT 6.1; Win64; x64) AppleWebKit/537.36 (KHTML, like Gecko) Chrome/74.0.3729.157 Safari/537.36',
  'upgrade-insecure-requests' => '1',
  'connection' => 'close',
  'host' => 'www.myshop.com',
)
[ info ] [ PARAM ] array (
  '/admin/brand/brandlist' => '',
)
[ info ] [ DB ] INIT mysql
[ info ] [ VIEW ] E:\phpStudy\PHPTutorial\WWW\my_shop\application\admin\view\brand\brand_list.html [ array (
  0 => 'data',
) ]
[ sql ] [ DB ] CONNECT:[ UseTime:0.003000s ] mysql:host=127.0.0.1;dbname=myshop;charset=utf8
[ sql ] [ SQL ] SHOW COLUMNS FROM `tp_brand` [ RunTime:0.014001s ]
[ sql ] [ SQL ] SELECT * FROM `tp_brand` [ RunTime:0.001000s ]
---------------------------------------------------------------

[2019-08-18T00:53:12+08:00] 127.0.0.1 GET www.myshop.com/admin/goods/goodslist
[运行时间：0.071004s] [吞吐率：14.08req/s] [内存消耗：2,515.02kb] [文件加载：78]
[ info ] [ LANG ] E:\phpStudy\PHPTutorial\WWW\my_shop\thinkphp\lang\zh-cn.php
[ info ] [ ROUTE ] array (
)
[ info ] [ HEADER ] array (
  'cookie' => 'Hm_lvt_53b7374a63c37483e5dd97d78d9bb36e=1565776474; QC006=hvvyqr6ivj2ksr9qstpvgaq; QC008=1565776476.1565776476.1565776476.1; __uuid=48f36088-37da-c18a-8a99-0eebbe51de6e; __dfp=a0172fa00df1b1457baad0d4120b7c44fcf79e6d382e65f7675f2889a7a57724f7@1567072477786@1565776477786; pgv_pvi=4222451712',
  'accept-language' => 'zh-CN,zh;q=0.9,en;q=0.8',
  'accept-encoding' => 'gzip, deflate',
  'referer' => 'http://www.myshop.com/admin/index/index.html',
  'accept' => 'text/html,application/xhtml+xml,application/xml;q=0.9,image/webp,image/apng,*/*;q=0.8,application/signed-exchange;v=b3',
  'user-agent' => 'Mozilla/5.0 (Windows NT 6.1; Win64; x64) AppleWebKit/537.36 (KHTML, like Gecko) Chrome/74.0.3729.157 Safari/537.36',
  'upgrade-insecure-requests' => '1',
  'connection' => 'close',
  'host' => 'www.myshop.com',
)
[ info ] [ PARAM ] array (
  '/admin/goods/goodslist' => '',
)
[ info ] [ DB ] INIT mysql
[ info ] [ VIEW ] E:\phpStudy\PHPTutorial\WWW\my_shop\application\admin\view\goods\goods_list.html [ array (
  0 => 'goods',
  1 => 'page_limit',
  2 => 'page',
  3 => 'count',
) ]
[ sql ] [ DB ] CONNECT:[ UseTime:0.004000s ] mysql:host=127.0.0.1;dbname=myshop;charset=utf8
[ sql ] [ SQL ] SHOW COLUMNS FROM `tp_goods` [ RunTime:0.013001s ]
[ sql ] [ SQL ] SELECT COUNT(*) AS tp_count FROM `tp_goods` [ RunTime:0.002000s ]
[ sql ] [ SQL ] SELECT * FROM `tp_goods` ORDER BY `id` DESC LIMIT 0,5 [ RunTime:0.001000s ]
---------------------------------------------------------------

[2019-08-18T00:53:12+08:00] 127.0.0.1 GET www.myshop.com/admin/brand/brandlist
[运行时间：0.060003s] [吞吐率：16.67req/s] [内存消耗：2,111.48kb] [文件加载：68]
[ info ] [ LANG ] E:\phpStudy\PHPTutorial\WWW\my_shop\thinkphp\lang\zh-cn.php
[ info ] [ ROUTE ] array (
)
[ info ] [ HEADER ] array (
  'cookie' => 'Hm_lvt_53b7374a63c37483e5dd97d78d9bb36e=1565776474; QC006=hvvyqr6ivj2ksr9qstpvgaq; QC008=1565776476.1565776476.1565776476.1; __uuid=48f36088-37da-c18a-8a99-0eebbe51de6e; __dfp=a0172fa00df1b1457baad0d4120b7c44fcf79e6d382e65f7675f2889a7a57724f7@1567072477786@1565776477786; pgv_pvi=4222451712',
  'accept-language' => 'zh-CN,zh;q=0.9,en;q=0.8',
  'accept-encoding' => 'gzip, deflate',
  'referer' => 'http://www.myshop.com/admin/index/index.html',
  'accept' => 'text/html,application/xhtml+xml,application/xml;q=0.9,image/webp,image/apng,*/*;q=0.8,application/signed-exchange;v=b3',
  'user-agent' => 'Mozilla/5.0 (Windows NT 6.1; Win64; x64) AppleWebKit/537.36 (KHTML, like Gecko) Chrome/74.0.3729.157 Safari/537.36',
  'upgrade-insecure-requests' => '1',
  'connection' => 'close',
  'host' => 'www.myshop.com',
)
[ info ] [ PARAM ] array (
  '/admin/brand/brandlist' => '',
)
[ info ] [ DB ] INIT mysql
[ info ] [ VIEW ] E:\phpStudy\PHPTutorial\WWW\my_shop\application\admin\view\brand\brand_list.html [ array (
  0 => 'data',
) ]
[ sql ] [ DB ] CONNECT:[ UseTime:0.004000s ] mysql:host=127.0.0.1;dbname=myshop;charset=utf8
[ sql ] [ SQL ] SHOW COLUMNS FROM `tp_brand` [ RunTime:0.010001s ]
[ sql ] [ SQL ] SELECT * FROM `tp_brand` [ RunTime:0.002000s ]
---------------------------------------------------------------

[2019-08-18T00:53:13+08:00] 127.0.0.1 GET www.myshop.com/admin/category/catlist
[运行时间：0.054003s] [吞吐率：18.52req/s] [内存消耗：2,110.68kb] [文件加载：68]
[ info ] [ LANG ] E:\phpStudy\PHPTutorial\WWW\my_shop\thinkphp\lang\zh-cn.php
[ info ] [ ROUTE ] array (
)
[ info ] [ HEADER ] array (
  'cookie' => 'Hm_lvt_53b7374a63c37483e5dd97d78d9bb36e=1565776474; QC006=hvvyqr6ivj2ksr9qstpvgaq; QC008=1565776476.1565776476.1565776476.1; __uuid=48f36088-37da-c18a-8a99-0eebbe51de6e; __dfp=a0172fa00df1b1457baad0d4120b7c44fcf79e6d382e65f7675f2889a7a57724f7@1567072477786@1565776477786; pgv_pvi=4222451712',
  'accept-language' => 'zh-CN,zh;q=0.9,en;q=0.8',
  'accept-encoding' => 'gzip, deflate',
  'referer' => 'http://www.myshop.com/admin/index/index.html',
  'accept' => 'text/html,application/xhtml+xml,application/xml;q=0.9,image/webp,image/apng,*/*;q=0.8,application/signed-exchange;v=b3',
  'user-agent' => 'Mozilla/5.0 (Windows NT 6.1; Win64; x64) AppleWebKit/537.36 (KHTML, like Gecko) Chrome/74.0.3729.157 Safari/537.36',
  'upgrade-insecure-requests' => '1',
  'connection' => 'close',
  'host' => 'www.myshop.com',
)
[ info ] [ PARAM ] array (
  '/admin/category/catlist' => '',
)
[ info ] [ DB ] INIT mysql
[ info ] [ VIEW ] E:\phpStudy\PHPTutorial\WWW\my_shop\application\admin\view\category\cat_list.html [ array (
  0 => 'data',
) ]
[ sql ] [ DB ] CONNECT:[ UseTime:0.003000s ] mysql:host=127.0.0.1;dbname=myshop;charset=utf8
[ sql ] [ SQL ] SHOW COLUMNS FROM `tp_category` [ RunTime:0.014001s ]
[ sql ] [ SQL ] SELECT * FROM `tp_category` [ RunTime:0.001000s ]
---------------------------------------------------------------

[2019-08-18T00:53:13+08:00] 127.0.0.1 GET www.myshop.com/admin/brand/brandlist
[运行时间：0.061004s] [吞吐率：16.39req/s] [内存消耗：2,111.48kb] [文件加载：68]
[ info ] [ LANG ] E:\phpStudy\PHPTutorial\WWW\my_shop\thinkphp\lang\zh-cn.php
[ info ] [ ROUTE ] array (
)
[ info ] [ HEADER ] array (
  'cookie' => 'Hm_lvt_53b7374a63c37483e5dd97d78d9bb36e=1565776474; QC006=hvvyqr6ivj2ksr9qstpvgaq; QC008=1565776476.1565776476.1565776476.1; __uuid=48f36088-37da-c18a-8a99-0eebbe51de6e; __dfp=a0172fa00df1b1457baad0d4120b7c44fcf79e6d382e65f7675f2889a7a57724f7@1567072477786@1565776477786; pgv_pvi=4222451712',
  'accept-language' => 'zh-CN,zh;q=0.9,en;q=0.8',
  'accept-encoding' => 'gzip, deflate',
  'referer' => 'http://www.myshop.com/admin/index/index.html',
  'accept' => 'text/html,application/xhtml+xml,application/xml;q=0.9,image/webp,image/apng,*/*;q=0.8,application/signed-exchange;v=b3',
  'user-agent' => 'Mozilla/5.0 (Windows NT 6.1; Win64; x64) AppleWebKit/537.36 (KHTML, like Gecko) Chrome/74.0.3729.157 Safari/537.36',
  'upgrade-insecure-requests' => '1',
  'connection' => 'close',
  'host' => 'www.myshop.com',
)
[ info ] [ PARAM ] array (
  '/admin/brand/brandlist' => '',
)
[ info ] [ DB ] INIT mysql
[ info ] [ VIEW ] E:\phpStudy\PHPTutorial\WWW\my_shop\application\admin\view\brand\brand_list.html [ array (
  0 => 'data',
) ]
[ sql ] [ DB ] CONNECT:[ UseTime:0.004001s ] mysql:host=127.0.0.1;dbname=myshop;charset=utf8
[ sql ] [ SQL ] SHOW COLUMNS FROM `tp_brand` [ RunTime:0.013000s ]
[ sql ] [ SQL ] SELECT * FROM `tp_brand` [ RunTime:0.001000s ]
---------------------------------------------------------------

[2019-08-18T00:53:13+08:00] 127.0.0.1 GET www.myshop.com/admin/goods/goodslist
[运行时间：0.074004s] [吞吐率：13.51req/s] [内存消耗：2,515.02kb] [文件加载：78]
[ info ] [ LANG ] E:\phpStudy\PHPTutorial\WWW\my_shop\thinkphp\lang\zh-cn.php
[ info ] [ ROUTE ] array (
)
[ info ] [ HEADER ] array (
  'cookie' => 'Hm_lvt_53b7374a63c37483e5dd97d78d9bb36e=1565776474; QC006=hvvyqr6ivj2ksr9qstpvgaq; QC008=1565776476.1565776476.1565776476.1; __uuid=48f36088-37da-c18a-8a99-0eebbe51de6e; __dfp=a0172fa00df1b1457baad0d4120b7c44fcf79e6d382e65f7675f2889a7a57724f7@1567072477786@1565776477786; pgv_pvi=4222451712',
  'accept-language' => 'zh-CN,zh;q=0.9,en;q=0.8',
  'accept-encoding' => 'gzip, deflate',
  'referer' => 'http://www.myshop.com/admin/index/index.html',
  'accept' => 'text/html,application/xhtml+xml,application/xml;q=0.9,image/webp,image/apng,*/*;q=0.8,application/signed-exchange;v=b3',
  'user-agent' => 'Mozilla/5.0 (Windows NT 6.1; Win64; x64) AppleWebKit/537.36 (KHTML, like Gecko) Chrome/74.0.3729.157 Safari/537.36',
  'upgrade-insecure-requests' => '1',
  'connection' => 'close',
  'host' => 'www.myshop.com',
)
[ info ] [ PARAM ] array (
  '/admin/goods/goodslist' => '',
)
[ info ] [ DB ] INIT mysql
[ info ] [ VIEW ] E:\phpStudy\PHPTutorial\WWW\my_shop\application\admin\view\goods\goods_list.html [ array (
  0 => 'goods',
  1 => 'page_limit',
  2 => 'page',
  3 => 'count',
) ]
[ sql ] [ DB ] CONNECT:[ UseTime:0.004001s ] mysql:host=127.0.0.1;dbname=myshop;charset=utf8
[ sql ] [ SQL ] SHOW COLUMNS FROM `tp_goods` [ RunTime:0.013000s ]
[ sql ] [ SQL ] SELECT COUNT(*) AS tp_count FROM `tp_goods` [ RunTime:0.001000s ]
[ sql ] [ SQL ] SELECT * FROM `tp_goods` ORDER BY `id` DESC LIMIT 0,5 [ RunTime:0.002000s ]
---------------------------------------------------------------

[2019-08-18T01:29:29+08:00] 127.0.0.1 GET www.myshop.com/admin/brand/brandlist
[运行时间：0.071004s] [吞吐率：14.08req/s] [内存消耗：2,111.48kb] [文件加载：68]
[ info ] [ LANG ] E:\phpStudy\PHPTutorial\WWW\my_shop\thinkphp\lang\zh-cn.php
[ info ] [ ROUTE ] array (
)
[ info ] [ HEADER ] array (
  'cookie' => 'Hm_lvt_53b7374a63c37483e5dd97d78d9bb36e=1565776474; QC006=hvvyqr6ivj2ksr9qstpvgaq; QC008=1565776476.1565776476.1565776476.1; __uuid=48f36088-37da-c18a-8a99-0eebbe51de6e; __dfp=a0172fa00df1b1457baad0d4120b7c44fcf79e6d382e65f7675f2889a7a57724f7@1567072477786@1565776477786; pgv_pvi=4222451712',
  'accept-language' => 'zh-CN,zh;q=0.9,en;q=0.8',
  'accept-encoding' => 'gzip, deflate',
  'referer' => 'http://www.myshop.com/admin/index/index.html',
  'accept' => 'text/html,application/xhtml+xml,application/xml;q=0.9,image/webp,image/apng,*/*;q=0.8,application/signed-exchange;v=b3',
  'user-agent' => 'Mozilla/5.0 (Windows NT 6.1; Win64; x64) AppleWebKit/537.36 (KHTML, like Gecko) Chrome/74.0.3729.157 Safari/537.36',
  'upgrade-insecure-requests' => '1',
  'connection' => 'close',
  'host' => 'www.myshop.com',
)
[ info ] [ PARAM ] array (
  '/admin/brand/brandlist' => '',
)
[ info ] [ DB ] INIT mysql
[ info ] [ VIEW ] E:\phpStudy\PHPTutorial\WWW\my_shop\application\admin\view\brand\brand_list.html [ array (
  0 => 'data',
) ]
[ sql ] [ DB ] CONNECT:[ UseTime:0.009000s ] mysql:host=127.0.0.1;dbname=myshop;charset=utf8
[ sql ] [ SQL ] SHOW COLUMNS FROM `tp_brand` [ RunTime:0.012001s ]
[ sql ] [ SQL ] SELECT * FROM `tp_brand` [ RunTime:0.001000s ]
---------------------------------------------------------------

[2019-08-18T01:29:29+08:00] 127.0.0.1 GET www.myshop.com/admin/category/catlist
[运行时间：0.049003s] [吞吐率：20.41req/s] [内存消耗：2,110.68kb] [文件加载：68]
[ info ] [ LANG ] E:\phpStudy\PHPTutorial\WWW\my_shop\thinkphp\lang\zh-cn.php
[ info ] [ ROUTE ] array (
)
[ info ] [ HEADER ] array (
  'cookie' => 'Hm_lvt_53b7374a63c37483e5dd97d78d9bb36e=1565776474; QC006=hvvyqr6ivj2ksr9qstpvgaq; QC008=1565776476.1565776476.1565776476.1; __uuid=48f36088-37da-c18a-8a99-0eebbe51de6e; __dfp=a0172fa00df1b1457baad0d4120b7c44fcf79e6d382e65f7675f2889a7a57724f7@1567072477786@1565776477786; pgv_pvi=4222451712',
  'accept-language' => 'zh-CN,zh;q=0.9,en;q=0.8',
  'accept-encoding' => 'gzip, deflate',
  'referer' => 'http://www.myshop.com/admin/index/index.html',
  'accept' => 'text/html,application/xhtml+xml,application/xml;q=0.9,image/webp,image/apng,*/*;q=0.8,application/signed-exchange;v=b3',
  'user-agent' => 'Mozilla/5.0 (Windows NT 6.1; Win64; x64) AppleWebKit/537.36 (KHTML, like Gecko) Chrome/74.0.3729.157 Safari/537.36',
  'upgrade-insecure-requests' => '1',
  'connection' => 'close',
  'host' => 'www.myshop.com',
)
[ info ] [ PARAM ] array (
  '/admin/category/catlist' => '',
)
[ info ] [ DB ] INIT mysql
[ info ] [ VIEW ] E:\phpStudy\PHPTutorial\WWW\my_shop\application\admin\view\category\cat_list.html [ array (
  0 => 'data',
) ]
[ sql ] [ DB ] CONNECT:[ UseTime:0.002000s ] mysql:host=127.0.0.1;dbname=myshop;charset=utf8
[ sql ] [ SQL ] SHOW COLUMNS FROM `tp_category` [ RunTime:0.012001s ]
[ sql ] [ SQL ] SELECT * FROM `tp_category` [ RunTime:0.001000s ]
---------------------------------------------------------------

[2019-08-18T01:29:30+08:00] 127.0.0.1 GET www.myshop.com/admin/brand/brandlist
[运行时间：0.048003s] [吞吐率：20.83req/s] [内存消耗：2,111.48kb] [文件加载：68]
[ info ] [ LANG ] E:\phpStudy\PHPTutorial\WWW\my_shop\thinkphp\lang\zh-cn.php
[ info ] [ ROUTE ] array (
)
[ info ] [ HEADER ] array (
  'cookie' => 'Hm_lvt_53b7374a63c37483e5dd97d78d9bb36e=1565776474; QC006=hvvyqr6ivj2ksr9qstpvgaq; QC008=1565776476.1565776476.1565776476.1; __uuid=48f36088-37da-c18a-8a99-0eebbe51de6e; __dfp=a0172fa00df1b1457baad0d4120b7c44fcf79e6d382e65f7675f2889a7a57724f7@1567072477786@1565776477786; pgv_pvi=4222451712',
  'accept-language' => 'zh-CN,zh;q=0.9,en;q=0.8',
  'accept-encoding' => 'gzip, deflate',
  'referer' => 'http://www.myshop.com/admin/index/index.html',
  'accept' => 'text/html,application/xhtml+xml,application/xml;q=0.9,image/webp,image/apng,*/*;q=0.8,application/signed-exchange;v=b3',
  'user-agent' => 'Mozilla/5.0 (Windows NT 6.1; Win64; x64) AppleWebKit/537.36 (KHTML, like Gecko) Chrome/74.0.3729.157 Safari/537.36',
  'upgrade-insecure-requests' => '1',
  'connection' => 'close',
  'host' => 'www.myshop.com',
)
[ info ] [ PARAM ] array (
  '/admin/brand/brandlist' => '',
)
[ info ] [ DB ] INIT mysql
[ info ] [ VIEW ] E:\phpStudy\PHPTutorial\WWW\my_shop\application\admin\view\brand\brand_list.html [ array (
  0 => 'data',
) ]
[ sql ] [ DB ] CONNECT:[ UseTime:0.002000s ] mysql:host=127.0.0.1;dbname=myshop;charset=utf8
[ sql ] [ SQL ] SHOW COLUMNS FROM `tp_brand` [ RunTime:0.010000s ]
[ sql ] [ SQL ] SELECT * FROM `tp_brand` [ RunTime:0.001000s ]
---------------------------------------------------------------

[2019-08-18T01:29:30+08:00] 127.0.0.1 GET www.myshop.com/admin/goods/goodslist
[运行时间：0.067004s] [吞吐率：14.92req/s] [内存消耗：2,515.02kb] [文件加载：78]
[ info ] [ LANG ] E:\phpStudy\PHPTutorial\WWW\my_shop\thinkphp\lang\zh-cn.php
[ info ] [ ROUTE ] array (
)
[ info ] [ HEADER ] array (
  'cookie' => 'Hm_lvt_53b7374a63c37483e5dd97d78d9bb36e=1565776474; QC006=hvvyqr6ivj2ksr9qstpvgaq; QC008=1565776476.1565776476.1565776476.1; __uuid=48f36088-37da-c18a-8a99-0eebbe51de6e; __dfp=a0172fa00df1b1457baad0d4120b7c44fcf79e6d382e65f7675f2889a7a57724f7@1567072477786@1565776477786; pgv_pvi=4222451712',
  'accept-language' => 'zh-CN,zh;q=0.9,en;q=0.8',
  'accept-encoding' => 'gzip, deflate',
  'referer' => 'http://www.myshop.com/admin/index/index.html',
  'accept' => 'text/html,application/xhtml+xml,application/xml;q=0.9,image/webp,image/apng,*/*;q=0.8,application/signed-exchange;v=b3',
  'user-agent' => 'Mozilla/5.0 (Windows NT 6.1; Win64; x64) AppleWebKit/537.36 (KHTML, like Gecko) Chrome/74.0.3729.157 Safari/537.36',
  'upgrade-insecure-requests' => '1',
  'connection' => 'close',
  'host' => 'www.myshop.com',
)
[ info ] [ PARAM ] array (
  '/admin/goods/goodslist' => '',
)
[ info ] [ DB ] INIT mysql
[ info ] [ VIEW ] E:\phpStudy\PHPTutorial\WWW\my_shop\application\admin\view\goods\goods_list.html [ array (
  0 => 'goods',
  1 => 'page_limit',
  2 => 'page',
  3 => 'count',
) ]
[ sql ] [ DB ] CONNECT:[ UseTime:0.006000s ] mysql:host=127.0.0.1;dbname=myshop;charset=utf8
[ sql ] [ SQL ] SHOW COLUMNS FROM `tp_goods` [ RunTime:0.009000s ]
[ sql ] [ SQL ] SELECT COUNT(*) AS tp_count FROM `tp_goods` [ RunTime:0.001000s ]
[ sql ] [ SQL ] SELECT * FROM `tp_goods` ORDER BY `id` DESC LIMIT 0,5 [ RunTime:0.001000s ]
