---------------------------------------------------------------

[2019-08-26T14:47:25+08:00] 127.0.0.1 GET www.myshop.com/
[运行时间：0.036002s] [吞吐率：27.78req/s] [内存消耗：1,278.31kb] [文件加载：57]
[ info ] [ LANG ] E:\phpStudy\PHPTutorial\WWW\my_shop\thinkphp\lang\zh-cn.php
[ info ] [ ROUTE ] array (
)
[ info ] [ HEADER ] array (
  'cookie' => 'Hm_lvt_53b7374a63c37483e5dd97d78d9bb36e=1565776474; QC006=hvvyqr6ivj2ksr9qstpvgaq; QC008=1565776476.1565776476.1565776476.1; __uuid=48f36088-37da-c18a-8a99-0eebbe51de6e; __dfp=a0172fa00df1b1457baad0d4120b7c44fcf79e6d382e65f7675f2889a7a57724f7@1567072477786@1565776477786; pgv_pvi=4222451712',
  'accept-language' => 'zh-CN,zh;q=0.9,en;q=0.8',
  'accept-encoding' => 'gzip, deflate',
  'accept' => 'text/html,application/xhtml+xml,application/xml;q=0.9,image/webp,image/apng,*/*;q=0.8,application/signed-exchange;v=b3',
  'user-agent' => 'Mozilla/5.0 (Windows NT 6.1; Win64; x64) AppleWebKit/537.36 (KHTML, like Gecko) Chrome/74.0.3729.157 Safari/537.36',
  'upgrade-insecure-requests' => '1',
  'connection' => 'close',
  'host' => 'www.myshop.com',
)
[ info ] [ PARAM ] array (
)
---------------------------------------------------------------

[2019-08-26T14:47:39+08:00] 127.0.0.1 GET www.myshop.com/admin/index/index
[运行时间：0.061003s] [吞吐率：16.39req/s] [内存消耗：1,378.34kb] [文件加载：63]
[ info ] [ LANG ] E:\phpStudy\PHPTutorial\WWW\my_shop\thinkphp\lang\zh-cn.php
[ info ] [ ROUTE ] array (
)
[ info ] [ HEADER ] array (
  'cookie' => 'Hm_lvt_53b7374a63c37483e5dd97d78d9bb36e=1565776474; QC006=hvvyqr6ivj2ksr9qstpvgaq; QC008=1565776476.1565776476.1565776476.1; __uuid=48f36088-37da-c18a-8a99-0eebbe51de6e; __dfp=a0172fa00df1b1457baad0d4120b7c44fcf79e6d382e65f7675f2889a7a57724f7@1567072477786@1565776477786; pgv_pvi=4222451712; pgv_si=s5993872384',
  'accept-language' => 'zh-CN,zh;q=0.9,en;q=0.8',
  'accept-encoding' => 'gzip, deflate',
  'purpose' => 'prefetch',
  'accept' => 'text/html,application/xhtml+xml,application/xml;q=0.9,image/webp,image/apng,*/*;q=0.8,application/signed-exchange;v=b3',
  'user-agent' => 'Mozilla/5.0 (Windows NT 6.1; Win64; x64) AppleWebKit/537.36 (KHTML, like Gecko) Chrome/74.0.3729.157 Safari/537.36',
  'upgrade-insecure-requests' => '1',
  'connection' => 'close',
  'host' => 'www.myshop.com',
)
[ info ] [ PARAM ] array (
  '/admin/index/index' => '',
)
[ info ] [ VIEW ] E:\phpStudy\PHPTutorial\WWW\my_shop\application\admin\view\index\index.html [ array (
) ]
---------------------------------------------------------------

[2019-08-26T14:47:40+08:00] 127.0.0.1 GET www.myshop.com/admin/index/main.html
[运行时间：0.108007s] [吞吐率：9.26req/s] [内存消耗：1,325.27kb] [文件加载：61]
[ info ] [ LANG ] E:\phpStudy\PHPTutorial\WWW\my_shop\thinkphp\lang\zh-cn.php
[ info ] [ ROUTE ] array (
)
[ info ] [ HEADER ] array (
  'cookie' => 'Hm_lvt_53b7374a63c37483e5dd97d78d9bb36e=1565776474; QC006=hvvyqr6ivj2ksr9qstpvgaq; QC008=1565776476.1565776476.1565776476.1; __uuid=48f36088-37da-c18a-8a99-0eebbe51de6e; __dfp=a0172fa00df1b1457baad0d4120b7c44fcf79e6d382e65f7675f2889a7a57724f7@1567072477786@1565776477786; pgv_pvi=4222451712; pgv_si=s5993872384',
  'accept-language' => 'zh-CN,zh;q=0.9,en;q=0.8',
  'accept-encoding' => 'gzip, deflate',
  'referer' => 'http://www.myshop.com/admin/index/index',
  'accept' => 'text/html,application/xhtml+xml,application/xml;q=0.9,image/webp,image/apng,*/*;q=0.8,application/signed-exchange;v=b3',
  'user-agent' => 'Mozilla/5.0 (Windows NT 6.1; Win64; x64) AppleWebKit/537.36 (KHTML, like Gecko) Chrome/74.0.3729.157 Safari/537.36',
  'upgrade-insecure-requests' => '1',
  'connection' => 'close',
  'host' => 'www.myshop.com',
)
[ info ] [ PARAM ] array (
  '/admin/index/main_html' => '',
)
[ info ] [ VIEW ] E:\phpStudy\PHPTutorial\WWW\my_shop\application\admin\view\index\main.html [ array (
) ]
---------------------------------------------------------------

[2019-08-26T14:47:42+08:00] 127.0.0.1 GET www.myshop.com/admin/goods/goodslist
[运行时间：0.422024s] [吞吐率：2.37req/s] [内存消耗：2,654.85kb] [文件加载：84]
[ info ] [ LANG ] E:\phpStudy\PHPTutorial\WWW\my_shop\thinkphp\lang\zh-cn.php
[ info ] [ ROUTE ] array (
)
[ info ] [ HEADER ] array (
  'cookie' => 'Hm_lvt_53b7374a63c37483e5dd97d78d9bb36e=1565776474; QC006=hvvyqr6ivj2ksr9qstpvgaq; QC008=1565776476.1565776476.1565776476.1; __uuid=48f36088-37da-c18a-8a99-0eebbe51de6e; __dfp=a0172fa00df1b1457baad0d4120b7c44fcf79e6d382e65f7675f2889a7a57724f7@1567072477786@1565776477786; pgv_pvi=4222451712; pgv_si=s5993872384',
  'accept-language' => 'zh-CN,zh;q=0.9,en;q=0.8',
  'accept-encoding' => 'gzip, deflate',
  'referer' => 'http://www.myshop.com/admin/index/index',
  'accept' => 'text/html,application/xhtml+xml,application/xml;q=0.9,image/webp,image/apng,*/*;q=0.8,application/signed-exchange;v=b3',
  'user-agent' => 'Mozilla/5.0 (Windows NT 6.1; Win64; x64) AppleWebKit/537.36 (KHTML, like Gecko) Chrome/74.0.3729.157 Safari/537.36',
  'upgrade-insecure-requests' => '1',
  'connection' => 'close',
  'host' => 'www.myshop.com',
)
[ info ] [ PARAM ] array (
  '/admin/goods/goodslist' => '',
)
[ info ] [ DB ] INIT mysql
[ info ] [ VIEW ] E:\phpStudy\PHPTutorial\WWW\my_shop\application\admin\view\goods\goods_list.html [ array (
  0 => 'goods',
  1 => 'page_limit',
  2 => 'page',
  3 => 'count',
  4 => 'cat',
  5 => 'data',
  6 => 'brand',
) ]
[ sql ] [ DB ] CONNECT:[ UseTime:0.030001s ] mysql:host=127.0.0.1;dbname=myshop;charset=utf8
[ sql ] [ SQL ] SHOW COLUMNS FROM `tp_goods` [ RunTime:0.198012s ]
[ sql ] [ SQL ] SELECT COUNT(*) AS tp_count FROM `tp_goods` WHERE  `is_sale` = 0 [ RunTime:0.001000s ]
[ sql ] [ SQL ] SELECT * FROM `tp_goods` WHERE  `is_sale` = 0 ORDER BY `id` DESC LIMIT 0,5 [ RunTime:0.001000s ]
[ sql ] [ SQL ] SHOW COLUMNS FROM `tp_category` [ RunTime:0.051003s ]
[ sql ] [ SQL ] SELECT * FROM `tp_category` WHERE  `id` IN (1,4,0) [ RunTime:0.001000s ]
[ sql ] [ SQL ] SHOW COLUMNS FROM `tp_brand` [ RunTime:0.092005s ]
[ sql ] [ SQL ] SELECT * FROM `tp_brand` WHERE  `id` IN (3,2,0) [ RunTime:0.001000s ]
[ sql ] [ SQL ] SELECT * FROM `tp_category` [ RunTime:0.001000s ]
[ sql ] [ SQL ] SELECT `id`,`brand_name` FROM `tp_brand` [ RunTime:0.000000s ]
---------------------------------------------------------------

[2019-08-26T14:47:43+08:00] 127.0.0.1 GET www.myshop.com/admin/brand/brandlist
[运行时间：0.041003s] [吞吐率：24.39req/s] [内存消耗：2,111.99kb] [文件加载：68]
[ info ] [ LANG ] E:\phpStudy\PHPTutorial\WWW\my_shop\thinkphp\lang\zh-cn.php
[ info ] [ ROUTE ] array (
)
[ info ] [ HEADER ] array (
  'cookie' => 'Hm_lvt_53b7374a63c37483e5dd97d78d9bb36e=1565776474; QC006=hvvyqr6ivj2ksr9qstpvgaq; QC008=1565776476.1565776476.1565776476.1; __uuid=48f36088-37da-c18a-8a99-0eebbe51de6e; __dfp=a0172fa00df1b1457baad0d4120b7c44fcf79e6d382e65f7675f2889a7a57724f7@1567072477786@1565776477786; pgv_pvi=4222451712; pgv_si=s5993872384',
  'accept-language' => 'zh-CN,zh;q=0.9,en;q=0.8',
  'accept-encoding' => 'gzip, deflate',
  'referer' => 'http://www.myshop.com/admin/index/index',
  'accept' => 'text/html,application/xhtml+xml,application/xml;q=0.9,image/webp,image/apng,*/*;q=0.8,application/signed-exchange;v=b3',
  'user-agent' => 'Mozilla/5.0 (Windows NT 6.1; Win64; x64) AppleWebKit/537.36 (KHTML, like Gecko) Chrome/74.0.3729.157 Safari/537.36',
  'upgrade-insecure-requests' => '1',
  'connection' => 'close',
  'host' => 'www.myshop.com',
)
[ info ] [ PARAM ] array (
  '/admin/brand/brandlist' => '',
)
[ info ] [ DB ] INIT mysql
[ info ] [ VIEW ] E:\phpStudy\PHPTutorial\WWW\my_shop\application\admin\view\brand\brand_list.html [ array (
  0 => 'data',
) ]
[ sql ] [ DB ] CONNECT:[ UseTime:0.002000s ] mysql:host=127.0.0.1;dbname=myshop;charset=utf8
[ sql ] [ SQL ] SHOW COLUMNS FROM `tp_brand` [ RunTime:0.007000s ]
[ sql ] [ SQL ] SELECT * FROM `tp_brand` [ RunTime:0.001000s ]
---------------------------------------------------------------

[2019-08-26T14:47:44+08:00] 127.0.0.1 GET www.myshop.com/admin/category/catlist
[运行时间：0.043003s] [吞吐率：23.25req/s] [内存消耗：2,472.57kb] [文件加载：77]
[ info ] [ LANG ] E:\phpStudy\PHPTutorial\WWW\my_shop\thinkphp\lang\zh-cn.php
[ info ] [ ROUTE ] array (
)
[ info ] [ HEADER ] array (
  'cookie' => 'Hm_lvt_53b7374a63c37483e5dd97d78d9bb36e=1565776474; QC006=hvvyqr6ivj2ksr9qstpvgaq; QC008=1565776476.1565776476.1565776476.1; __uuid=48f36088-37da-c18a-8a99-0eebbe51de6e; __dfp=a0172fa00df1b1457baad0d4120b7c44fcf79e6d382e65f7675f2889a7a57724f7@1567072477786@1565776477786; pgv_pvi=4222451712; pgv_si=s5993872384',
  'accept-language' => 'zh-CN,zh;q=0.9,en;q=0.8',
  'accept-encoding' => 'gzip, deflate',
  'referer' => 'http://www.myshop.com/admin/index/index',
  'accept' => 'text/html,application/xhtml+xml,application/xml;q=0.9,image/webp,image/apng,*/*;q=0.8,application/signed-exchange;v=b3',
  'user-agent' => 'Mozilla/5.0 (Windows NT 6.1; Win64; x64) AppleWebKit/537.36 (KHTML, like Gecko) Chrome/74.0.3729.157 Safari/537.36',
  'upgrade-insecure-requests' => '1',
  'connection' => 'close',
  'host' => 'www.myshop.com',
)
[ info ] [ PARAM ] array (
  '/admin/category/catlist' => '',
)
[ info ] [ DB ] INIT mysql
[ info ] [ VIEW ] E:\phpStudy\PHPTutorial\WWW\my_shop\application\admin\view\category\cat_list.html [ array (
  0 => 'data',
) ]
[ sql ] [ DB ] CONNECT:[ UseTime:0.002000s ] mysql:host=127.0.0.1;dbname=myshop;charset=utf8
[ sql ] [ SQL ] SHOW COLUMNS FROM `tp_category` [ RunTime:0.007000s ]
[ sql ] [ SQL ] SELECT * FROM `tp_category` [ RunTime:0.000000s ]
---------------------------------------------------------------

[2019-08-26T14:47:46+08:00] 127.0.0.1 GET www.myshop.com/admin/category/catlist
[运行时间：0.046003s] [吞吐率：21.74req/s] [内存消耗：2,472.57kb] [文件加载：77]
[ info ] [ LANG ] E:\phpStudy\PHPTutorial\WWW\my_shop\thinkphp\lang\zh-cn.php
[ info ] [ ROUTE ] array (
)
[ info ] [ HEADER ] array (
  'cookie' => 'Hm_lvt_53b7374a63c37483e5dd97d78d9bb36e=1565776474; QC006=hvvyqr6ivj2ksr9qstpvgaq; QC008=1565776476.1565776476.1565776476.1; __uuid=48f36088-37da-c18a-8a99-0eebbe51de6e; __dfp=a0172fa00df1b1457baad0d4120b7c44fcf79e6d382e65f7675f2889a7a57724f7@1567072477786@1565776477786; pgv_pvi=4222451712; pgv_si=s5993872384',
  'accept-language' => 'zh-CN,zh;q=0.9,en;q=0.8',
  'accept-encoding' => 'gzip, deflate',
  'referer' => 'http://www.myshop.com/admin/index/index',
  'accept' => 'text/html,application/xhtml+xml,application/xml;q=0.9,image/webp,image/apng,*/*;q=0.8,application/signed-exchange;v=b3',
  'user-agent' => 'Mozilla/5.0 (Windows NT 6.1; Win64; x64) AppleWebKit/537.36 (KHTML, like Gecko) Chrome/74.0.3729.157 Safari/537.36',
  'upgrade-insecure-requests' => '1',
  'connection' => 'close',
  'host' => 'www.myshop.com',
)
[ info ] [ PARAM ] array (
  '/admin/category/catlist' => '',
)
[ info ] [ DB ] INIT mysql
[ info ] [ VIEW ] E:\phpStudy\PHPTutorial\WWW\my_shop\application\admin\view\category\cat_list.html [ array (
  0 => 'data',
) ]
[ sql ] [ DB ] CONNECT:[ UseTime:0.002000s ] mysql:host=127.0.0.1;dbname=myshop;charset=utf8
[ sql ] [ SQL ] SHOW COLUMNS FROM `tp_category` [ RunTime:0.007001s ]
[ sql ] [ SQL ] SELECT * FROM `tp_category` [ RunTime:0.001000s ]
---------------------------------------------------------------

[2019-08-26T14:47:47+08:00] 127.0.0.1 GET www.myshop.com/admin/brand/brandlist
[运行时间：0.047003s] [吞吐率：21.28req/s] [内存消耗：2,111.99kb] [文件加载：68]
[ info ] [ LANG ] E:\phpStudy\PHPTutorial\WWW\my_shop\thinkphp\lang\zh-cn.php
[ info ] [ ROUTE ] array (
)
[ info ] [ HEADER ] array (
  'cookie' => 'Hm_lvt_53b7374a63c37483e5dd97d78d9bb36e=1565776474; QC006=hvvyqr6ivj2ksr9qstpvgaq; QC008=1565776476.1565776476.1565776476.1; __uuid=48f36088-37da-c18a-8a99-0eebbe51de6e; __dfp=a0172fa00df1b1457baad0d4120b7c44fcf79e6d382e65f7675f2889a7a57724f7@1567072477786@1565776477786; pgv_pvi=4222451712; pgv_si=s5993872384',
  'accept-language' => 'zh-CN,zh;q=0.9,en;q=0.8',
  'accept-encoding' => 'gzip, deflate',
  'referer' => 'http://www.myshop.com/admin/index/index',
  'accept' => 'text/html,application/xhtml+xml,application/xml;q=0.9,image/webp,image/apng,*/*;q=0.8,application/signed-exchange;v=b3',
  'user-agent' => 'Mozilla/5.0 (Windows NT 6.1; Win64; x64) AppleWebKit/537.36 (KHTML, like Gecko) Chrome/74.0.3729.157 Safari/537.36',
  'upgrade-insecure-requests' => '1',
  'connection' => 'close',
  'host' => 'www.myshop.com',
)
[ info ] [ PARAM ] array (
  '/admin/brand/brandlist' => '',
)
[ info ] [ DB ] INIT mysql
[ info ] [ VIEW ] E:\phpStudy\PHPTutorial\WWW\my_shop\application\admin\view\brand\brand_list.html [ array (
  0 => 'data',
) ]
[ sql ] [ DB ] CONNECT:[ UseTime:0.003000s ] mysql:host=127.0.0.1;dbname=myshop;charset=utf8
[ sql ] [ SQL ] SHOW COLUMNS FROM `tp_brand` [ RunTime:0.009001s ]
[ sql ] [ SQL ] SELECT * FROM `tp_brand` [ RunTime:0.001000s ]
---------------------------------------------------------------

[2019-08-26T14:47:48+08:00] 127.0.0.1 GET www.myshop.com/admin/goods/goodslist
[运行时间：0.076005s] [吞吐率：13.16req/s] [内存消耗：2,654.85kb] [文件加载：84]
[ info ] [ LANG ] E:\phpStudy\PHPTutorial\WWW\my_shop\thinkphp\lang\zh-cn.php
[ info ] [ ROUTE ] array (
)
[ info ] [ HEADER ] array (
  'cookie' => 'Hm_lvt_53b7374a63c37483e5dd97d78d9bb36e=1565776474; QC006=hvvyqr6ivj2ksr9qstpvgaq; QC008=1565776476.1565776476.1565776476.1; __uuid=48f36088-37da-c18a-8a99-0eebbe51de6e; __dfp=a0172fa00df1b1457baad0d4120b7c44fcf79e6d382e65f7675f2889a7a57724f7@1567072477786@1565776477786; pgv_pvi=4222451712; pgv_si=s5993872384',
  'accept-language' => 'zh-CN,zh;q=0.9,en;q=0.8',
  'accept-encoding' => 'gzip, deflate',
  'referer' => 'http://www.myshop.com/admin/index/index',
  'accept' => 'text/html,application/xhtml+xml,application/xml;q=0.9,image/webp,image/apng,*/*;q=0.8,application/signed-exchange;v=b3',
  'user-agent' => 'Mozilla/5.0 (Windows NT 6.1; Win64; x64) AppleWebKit/537.36 (KHTML, like Gecko) Chrome/74.0.3729.157 Safari/537.36',
  'upgrade-insecure-requests' => '1',
  'connection' => 'close',
  'host' => 'www.myshop.com',
)
[ info ] [ PARAM ] array (
  '/admin/goods/goodslist' => '',
)
[ info ] [ DB ] INIT mysql
[ info ] [ VIEW ] E:\phpStudy\PHPTutorial\WWW\my_shop\application\admin\view\goods\goods_list.html [ array (
  0 => 'goods',
  1 => 'page_limit',
  2 => 'page',
  3 => 'count',
  4 => 'cat',
  5 => 'data',
  6 => 'brand',
) ]
[ sql ] [ DB ] CONNECT:[ UseTime:0.002000s ] mysql:host=127.0.0.1;dbname=myshop;charset=utf8
[ sql ] [ SQL ] SHOW COLUMNS FROM `tp_goods` [ RunTime:0.007001s ]
[ sql ] [ SQL ] SELECT COUNT(*) AS tp_count FROM `tp_goods` WHERE  `is_sale` = 0 [ RunTime:0.000000s ]
[ sql ] [ SQL ] SELECT * FROM `tp_goods` WHERE  `is_sale` = 0 ORDER BY `id` DESC LIMIT 0,5 [ RunTime:0.001000s ]
[ sql ] [ SQL ] SHOW COLUMNS FROM `tp_category` [ RunTime:0.010000s ]
[ sql ] [ SQL ] SELECT * FROM `tp_category` WHERE  `id` IN (1,4,0) [ RunTime:0.000000s ]
[ sql ] [ SQL ] SHOW COLUMNS FROM `tp_brand` [ RunTime:0.010001s ]
[ sql ] [ SQL ] SELECT * FROM `tp_brand` WHERE  `id` IN (3,2,0) [ RunTime:0.001000s ]
[ sql ] [ SQL ] SELECT * FROM `tp_category` [ RunTime:0.001000s ]
[ sql ] [ SQL ] SELECT `id`,`brand_name` FROM `tp_brand` [ RunTime:0.001000s ]
---------------------------------------------------------------

[2019-08-26T14:47:50+08:00] 127.0.0.1 GET www.myshop.com/admin/brand/brandlist
[运行时间：0.041003s] [吞吐率：24.39req/s] [内存消耗：2,111.99kb] [文件加载：68]
[ info ] [ LANG ] E:\phpStudy\PHPTutorial\WWW\my_shop\thinkphp\lang\zh-cn.php
[ info ] [ ROUTE ] array (
)
[ info ] [ HEADER ] array (
  'cookie' => 'Hm_lvt_53b7374a63c37483e5dd97d78d9bb36e=1565776474; QC006=hvvyqr6ivj2ksr9qstpvgaq; QC008=1565776476.1565776476.1565776476.1; __uuid=48f36088-37da-c18a-8a99-0eebbe51de6e; __dfp=a0172fa00df1b1457baad0d4120b7c44fcf79e6d382e65f7675f2889a7a57724f7@1567072477786@1565776477786; pgv_pvi=4222451712; pgv_si=s5993872384',
  'accept-language' => 'zh-CN,zh;q=0.9,en;q=0.8',
  'accept-encoding' => 'gzip, deflate',
  'referer' => 'http://www.myshop.com/admin/index/index',
  'accept' => 'text/html,application/xhtml+xml,application/xml;q=0.9,image/webp,image/apng,*/*;q=0.8,application/signed-exchange;v=b3',
  'user-agent' => 'Mozilla/5.0 (Windows NT 6.1; Win64; x64) AppleWebKit/537.36 (KHTML, like Gecko) Chrome/74.0.3729.157 Safari/537.36',
  'upgrade-insecure-requests' => '1',
  'connection' => 'close',
  'host' => 'www.myshop.com',
)
[ info ] [ PARAM ] array (
  '/admin/brand/brandlist' => '',
)
[ info ] [ DB ] INIT mysql
[ info ] [ VIEW ] E:\phpStudy\PHPTutorial\WWW\my_shop\application\admin\view\brand\brand_list.html [ array (
  0 => 'data',
) ]
[ sql ] [ DB ] CONNECT:[ UseTime:0.002000s ] mysql:host=127.0.0.1;dbname=myshop;charset=utf8
[ sql ] [ SQL ] SHOW COLUMNS FROM `tp_brand` [ RunTime:0.008001s ]
[ sql ] [ SQL ] SELECT * FROM `tp_brand` [ RunTime:0.000000s ]
---------------------------------------------------------------

[2019-08-26T14:47:51+08:00] 127.0.0.1 GET www.myshop.com/admin/category/catlist
[运行时间：0.057003s] [吞吐率：17.54req/s] [内存消耗：2,472.57kb] [文件加载：77]
[ info ] [ LANG ] E:\phpStudy\PHPTutorial\WWW\my_shop\thinkphp\lang\zh-cn.php
[ info ] [ ROUTE ] array (
)
[ info ] [ HEADER ] array (
  'cookie' => 'Hm_lvt_53b7374a63c37483e5dd97d78d9bb36e=1565776474; QC006=hvvyqr6ivj2ksr9qstpvgaq; QC008=1565776476.1565776476.1565776476.1; __uuid=48f36088-37da-c18a-8a99-0eebbe51de6e; __dfp=a0172fa00df1b1457baad0d4120b7c44fcf79e6d382e65f7675f2889a7a57724f7@1567072477786@1565776477786; pgv_pvi=4222451712; pgv_si=s5993872384',
  'accept-language' => 'zh-CN,zh;q=0.9,en;q=0.8',
  'accept-encoding' => 'gzip, deflate',
  'referer' => 'http://www.myshop.com/admin/index/index',
  'accept' => 'text/html,application/xhtml+xml,application/xml;q=0.9,image/webp,image/apng,*/*;q=0.8,application/signed-exchange;v=b3',
  'user-agent' => 'Mozilla/5.0 (Windows NT 6.1; Win64; x64) AppleWebKit/537.36 (KHTML, like Gecko) Chrome/74.0.3729.157 Safari/537.36',
  'upgrade-insecure-requests' => '1',
  'connection' => 'close',
  'host' => 'www.myshop.com',
)
[ info ] [ PARAM ] array (
  '/admin/category/catlist' => '',
)
[ info ] [ DB ] INIT mysql
[ info ] [ VIEW ] E:\phpStudy\PHPTutorial\WWW\my_shop\application\admin\view\category\cat_list.html [ array (
  0 => 'data',
) ]
[ sql ] [ DB ] CONNECT:[ UseTime:0.003000s ] mysql:host=127.0.0.1;dbname=myshop;charset=utf8
[ sql ] [ SQL ] SHOW COLUMNS FROM `tp_category` [ RunTime:0.010001s ]
[ sql ] [ SQL ] SELECT * FROM `tp_category` [ RunTime:0.001000s ]
---------------------------------------------------------------

[2019-08-26T14:47:52+08:00] 127.0.0.1 GET www.myshop.com/admin/brand/brandlist
[运行时间：0.051003s] [吞吐率：19.61req/s] [内存消耗：2,111.99kb] [文件加载：68]
[ info ] [ LANG ] E:\phpStudy\PHPTutorial\WWW\my_shop\thinkphp\lang\zh-cn.php
[ info ] [ ROUTE ] array (
)
[ info ] [ HEADER ] array (
  'cookie' => 'Hm_lvt_53b7374a63c37483e5dd97d78d9bb36e=1565776474; QC006=hvvyqr6ivj2ksr9qstpvgaq; QC008=1565776476.1565776476.1565776476.1; __uuid=48f36088-37da-c18a-8a99-0eebbe51de6e; __dfp=a0172fa00df1b1457baad0d4120b7c44fcf79e6d382e65f7675f2889a7a57724f7@1567072477786@1565776477786; pgv_pvi=4222451712; pgv_si=s5993872384',
  'accept-language' => 'zh-CN,zh;q=0.9,en;q=0.8',
  'accept-encoding' => 'gzip, deflate',
  'referer' => 'http://www.myshop.com/admin/index/index',
  'accept' => 'text/html,application/xhtml+xml,application/xml;q=0.9,image/webp,image/apng,*/*;q=0.8,application/signed-exchange;v=b3',
  'user-agent' => 'Mozilla/5.0 (Windows NT 6.1; Win64; x64) AppleWebKit/537.36 (KHTML, like Gecko) Chrome/74.0.3729.157 Safari/537.36',
  'upgrade-insecure-requests' => '1',
  'connection' => 'close',
  'host' => 'www.myshop.com',
)
[ info ] [ PARAM ] array (
  '/admin/brand/brandlist' => '',
)
[ info ] [ DB ] INIT mysql
[ info ] [ VIEW ] E:\phpStudy\PHPTutorial\WWW\my_shop\application\admin\view\brand\brand_list.html [ array (
  0 => 'data',
) ]
[ sql ] [ DB ] CONNECT:[ UseTime:0.003000s ] mysql:host=127.0.0.1;dbname=myshop;charset=utf8
[ sql ] [ SQL ] SHOW COLUMNS FROM `tp_brand` [ RunTime:0.007001s ]
[ sql ] [ SQL ] SELECT * FROM `tp_brand` [ RunTime:0.001000s ]
---------------------------------------------------------------

[2019-08-26T14:47:52+08:00] 127.0.0.1 GET www.myshop.com/admin/goods/goodslist
[运行时间：0.076004s] [吞吐率：13.16req/s] [内存消耗：2,654.85kb] [文件加载：84]
[ info ] [ LANG ] E:\phpStudy\PHPTutorial\WWW\my_shop\thinkphp\lang\zh-cn.php
[ info ] [ ROUTE ] array (
)
[ info ] [ HEADER ] array (
  'cookie' => 'Hm_lvt_53b7374a63c37483e5dd97d78d9bb36e=1565776474; QC006=hvvyqr6ivj2ksr9qstpvgaq; QC008=1565776476.1565776476.1565776476.1; __uuid=48f36088-37da-c18a-8a99-0eebbe51de6e; __dfp=a0172fa00df1b1457baad0d4120b7c44fcf79e6d382e65f7675f2889a7a57724f7@1567072477786@1565776477786; pgv_pvi=4222451712; pgv_si=s5993872384',
  'accept-language' => 'zh-CN,zh;q=0.9,en;q=0.8',
  'accept-encoding' => 'gzip, deflate',
  'referer' => 'http://www.myshop.com/admin/index/index',
  'accept' => 'text/html,application/xhtml+xml,application/xml;q=0.9,image/webp,image/apng,*/*;q=0.8,application/signed-exchange;v=b3',
  'user-agent' => 'Mozilla/5.0 (Windows NT 6.1; Win64; x64) AppleWebKit/537.36 (KHTML, like Gecko) Chrome/74.0.3729.157 Safari/537.36',
  'upgrade-insecure-requests' => '1',
  'connection' => 'close',
  'host' => 'www.myshop.com',
)
[ info ] [ PARAM ] array (
  '/admin/goods/goodslist' => '',
)
[ info ] [ DB ] INIT mysql
[ info ] [ VIEW ] E:\phpStudy\PHPTutorial\WWW\my_shop\application\admin\view\goods\goods_list.html [ array (
  0 => 'goods',
  1 => 'page_limit',
  2 => 'page',
  3 => 'count',
  4 => 'cat',
  5 => 'data',
  6 => 'brand',
) ]
[ sql ] [ DB ] CONNECT:[ UseTime:0.002000s ] mysql:host=127.0.0.1;dbname=myshop;charset=utf8
[ sql ] [ SQL ] SHOW COLUMNS FROM `tp_goods` [ RunTime:0.009000s ]
[ sql ] [ SQL ] SELECT COUNT(*) AS tp_count FROM `tp_goods` WHERE  `is_sale` = 0 [ RunTime:0.001000s ]
[ sql ] [ SQL ] SELECT * FROM `tp_goods` WHERE  `is_sale` = 0 ORDER BY `id` DESC LIMIT 0,5 [ RunTime:0.001000s ]
[ sql ] [ SQL ] SHOW COLUMNS FROM `tp_category` [ RunTime:0.007000s ]
[ sql ] [ SQL ] SELECT * FROM `tp_category` WHERE  `id` IN (1,4,0) [ RunTime:0.001000s ]
[ sql ] [ SQL ] SHOW COLUMNS FROM `tp_brand` [ RunTime:0.008001s ]
[ sql ] [ SQL ] SELECT * FROM `tp_brand` WHERE  `id` IN (3,2,0) [ RunTime:0.000000s ]
[ sql ] [ SQL ] SELECT * FROM `tp_category` [ RunTime:0.000000s ]
[ sql ] [ SQL ] SELECT `id`,`brand_name` FROM `tp_brand` [ RunTime:0.001000s ]
---------------------------------------------------------------

[2019-08-26T14:47:57+08:00] 127.0.0.1 GET www.myshop.com/admin/goods/addGoods
[运行时间：0.105006s] [吞吐率：9.52req/s] [内存消耗：2,500.48kb] [文件加载：78]
[ info ] [ LANG ] E:\phpStudy\PHPTutorial\WWW\my_shop\thinkphp\lang\zh-cn.php
[ info ] [ ROUTE ] array (
)
[ info ] [ HEADER ] array (
  'cookie' => 'Hm_lvt_53b7374a63c37483e5dd97d78d9bb36e=1565776474; QC006=hvvyqr6ivj2ksr9qstpvgaq; QC008=1565776476.1565776476.1565776476.1; __uuid=48f36088-37da-c18a-8a99-0eebbe51de6e; __dfp=a0172fa00df1b1457baad0d4120b7c44fcf79e6d382e65f7675f2889a7a57724f7@1567072477786@1565776477786; pgv_pvi=4222451712; pgv_si=s5993872384',
  'accept-language' => 'zh-CN,zh;q=0.9,en;q=0.8',
  'accept-encoding' => 'gzip, deflate',
  'referer' => 'http://www.myshop.com/admin/goods/goodslist',
  'accept' => 'text/html,application/xhtml+xml,application/xml;q=0.9,image/webp,image/apng,*/*;q=0.8,application/signed-exchange;v=b3',
  'user-agent' => 'Mozilla/5.0 (Windows NT 6.1; Win64; x64) AppleWebKit/537.36 (KHTML, like Gecko) Chrome/74.0.3729.157 Safari/537.36',
  'upgrade-insecure-requests' => '1',
  'connection' => 'close',
  'host' => 'www.myshop.com',
)
[ info ] [ PARAM ] array (
  '/admin/goods/addGoods' => '',
)
[ info ] [ DB ] INIT mysql
[ info ] [ VIEW ] E:\phpStudy\PHPTutorial\WWW\my_shop\application\admin\view\goods\add_goods.html [ array (
  0 => 'cat',
  1 => 'brand',
) ]
[ sql ] [ DB ] CONNECT:[ UseTime:0.004000s ] mysql:host=127.0.0.1;dbname=myshop;charset=utf8
[ sql ] [ SQL ] SHOW COLUMNS FROM `tp_category` [ RunTime:0.012001s ]
[ sql ] [ SQL ] SELECT * FROM `tp_category` [ RunTime:0.001000s ]
[ sql ] [ SQL ] SHOW COLUMNS FROM `tp_brand` [ RunTime:0.013001s ]
[ sql ] [ SQL ] SELECT `id`,`brand_name` FROM `tp_brand` [ RunTime:0.001000s ]
---------------------------------------------------------------

[2019-08-26T14:48:03+08:00] 127.0.0.1 GET www.myshop.com/admin/goods/addGoods
[运行时间：0.076004s] [吞吐率：13.16req/s] [内存消耗：2,500.48kb] [文件加载：78]
[ info ] [ LANG ] E:\phpStudy\PHPTutorial\WWW\my_shop\thinkphp\lang\zh-cn.php
[ info ] [ ROUTE ] array (
)
[ info ] [ HEADER ] array (
  'cookie' => 'Hm_lvt_53b7374a63c37483e5dd97d78d9bb36e=1565776474; QC006=hvvyqr6ivj2ksr9qstpvgaq; QC008=1565776476.1565776476.1565776476.1; __uuid=48f36088-37da-c18a-8a99-0eebbe51de6e; __dfp=a0172fa00df1b1457baad0d4120b7c44fcf79e6d382e65f7675f2889a7a57724f7@1567072477786@1565776477786; pgv_pvi=4222451712; pgv_si=s5993872384',
  'accept-language' => 'zh-CN,zh;q=0.9,en;q=0.8',
  'accept-encoding' => 'gzip, deflate',
  'referer' => 'http://www.myshop.com/admin/goods/goodslist',
  'accept' => 'text/html,application/xhtml+xml,application/xml;q=0.9,image/webp,image/apng,*/*;q=0.8,application/signed-exchange;v=b3',
  'user-agent' => 'Mozilla/5.0 (Windows NT 6.1; Win64; x64) AppleWebKit/537.36 (KHTML, like Gecko) Chrome/74.0.3729.157 Safari/537.36',
  'upgrade-insecure-requests' => '1',
  'connection' => 'close',
  'host' => 'www.myshop.com',
)
[ info ] [ PARAM ] array (
  '/admin/goods/addGoods' => '',
)
[ info ] [ DB ] INIT mysql
[ info ] [ VIEW ] E:\phpStudy\PHPTutorial\WWW\my_shop\application\admin\view\goods\add_goods.html [ array (
  0 => 'cat',
  1 => 'brand',
) ]
[ sql ] [ DB ] CONNECT:[ UseTime:0.003000s ] mysql:host=127.0.0.1;dbname=myshop;charset=utf8
[ sql ] [ SQL ] SHOW COLUMNS FROM `tp_category` [ RunTime:0.011001s ]
[ sql ] [ SQL ] SELECT * FROM `tp_category` [ RunTime:0.002000s ]
[ sql ] [ SQL ] SHOW COLUMNS FROM `tp_brand` [ RunTime:0.011001s ]
[ sql ] [ SQL ] SELECT `id`,`brand_name` FROM `tp_brand` [ RunTime:0.001000s ]
---------------------------------------------------------------

[2019-08-26T14:48:24+08:00] 127.0.0.1 GET www.myshop.com/admin/goods/editgoods/id/8
[运行时间：0.095005s] [吞吐率：10.53req/s] [内存消耗：2,506.59kb] [文件加载：78]
[ info ] [ LANG ] E:\phpStudy\PHPTutorial\WWW\my_shop\thinkphp\lang\zh-cn.php
[ info ] [ ROUTE ] array (
)
[ info ] [ HEADER ] array (
  'cookie' => 'Hm_lvt_53b7374a63c37483e5dd97d78d9bb36e=1565776474; QC006=hvvyqr6ivj2ksr9qstpvgaq; QC008=1565776476.1565776476.1565776476.1; __uuid=48f36088-37da-c18a-8a99-0eebbe51de6e; __dfp=a0172fa00df1b1457baad0d4120b7c44fcf79e6d382e65f7675f2889a7a57724f7@1567072477786@1565776477786; pgv_pvi=4222451712; pgv_si=s5993872384',
  'accept-language' => 'zh-CN,zh;q=0.9,en;q=0.8',
  'accept-encoding' => 'gzip, deflate',
  'referer' => 'http://www.myshop.com/admin/goods/goodslist',
  'accept' => 'text/html,application/xhtml+xml,application/xml;q=0.9,image/webp,image/apng,*/*;q=0.8,application/signed-exchange;v=b3',
  'user-agent' => 'Mozilla/5.0 (Windows NT 6.1; Win64; x64) AppleWebKit/537.36 (KHTML, like Gecko) Chrome/74.0.3729.157 Safari/537.36',
  'upgrade-insecure-requests' => '1',
  'connection' => 'close',
  'host' => 'www.myshop.com',
)
[ info ] [ PARAM ] array (
  '/admin/goods/editgoods/id/8' => '',
  'id' => '8',
)
[ info ] [ DB ] INIT mysql
[ info ] [ VIEW ] E:\phpStudy\PHPTutorial\WWW\my_shop\application\admin\view\goods\edit_goods.html [ array (
  0 => 'info',
  1 => 'brand',
  2 => 'cat',
) ]
[ sql ] [ DB ] CONNECT:[ UseTime:0.003000s ] mysql:host=127.0.0.1;dbname=myshop;charset=utf8
[ sql ] [ SQL ] SHOW COLUMNS FROM `tp_goods` [ RunTime:0.008001s ]
[ sql ] [ SQL ] SELECT * FROM `tp_goods` WHERE  `id` = 8 LIMIT 1 [ RunTime:0.001000s ]
[ sql ] [ SQL ] SHOW COLUMNS FROM `tp_category` [ RunTime:0.009001s ]
[ sql ] [ SQL ] SELECT * FROM `tp_category` [ RunTime:0.000000s ]
[ sql ] [ SQL ] SHOW COLUMNS FROM `tp_brand` [ RunTime:0.008000s ]
[ sql ] [ SQL ] SELECT `id`,`brand_name` FROM `tp_brand` [ RunTime:0.000000s ]
---------------------------------------------------------------

[2019-08-26T14:48:29+08:00] 127.0.0.1 GET www.myshop.com/admin/goods/editgoods/id/4
[运行时间：0.088005s] [吞吐率：11.36req/s] [内存消耗：2,506.91kb] [文件加载：78]
[ info ] [ LANG ] E:\phpStudy\PHPTutorial\WWW\my_shop\thinkphp\lang\zh-cn.php
[ info ] [ ROUTE ] array (
)
[ info ] [ HEADER ] array (
  'cookie' => 'Hm_lvt_53b7374a63c37483e5dd97d78d9bb36e=1565776474; QC006=hvvyqr6ivj2ksr9qstpvgaq; QC008=1565776476.1565776476.1565776476.1; __uuid=48f36088-37da-c18a-8a99-0eebbe51de6e; __dfp=a0172fa00df1b1457baad0d4120b7c44fcf79e6d382e65f7675f2889a7a57724f7@1567072477786@1565776477786; pgv_pvi=4222451712; pgv_si=s5993872384',
  'accept-language' => 'zh-CN,zh;q=0.9,en;q=0.8',
  'accept-encoding' => 'gzip, deflate',
  'referer' => 'http://www.myshop.com/admin/goods/goodslist',
  'accept' => 'text/html,application/xhtml+xml,application/xml;q=0.9,image/webp,image/apng,*/*;q=0.8,application/signed-exchange;v=b3',
  'user-agent' => 'Mozilla/5.0 (Windows NT 6.1; Win64; x64) AppleWebKit/537.36 (KHTML, like Gecko) Chrome/74.0.3729.157 Safari/537.36',
  'upgrade-insecure-requests' => '1',
  'connection' => 'close',
  'host' => 'www.myshop.com',
)
[ info ] [ PARAM ] array (
  '/admin/goods/editgoods/id/4' => '',
  'id' => '4',
)
[ info ] [ DB ] INIT mysql
[ info ] [ VIEW ] E:\phpStudy\PHPTutorial\WWW\my_shop\application\admin\view\goods\edit_goods.html [ array (
  0 => 'info',
  1 => 'brand',
  2 => 'cat',
) ]
[ sql ] [ DB ] CONNECT:[ UseTime:0.002000s ] mysql:host=127.0.0.1;dbname=myshop;charset=utf8
[ sql ] [ SQL ] SHOW COLUMNS FROM `tp_goods` [ RunTime:0.007001s ]
[ sql ] [ SQL ] SELECT * FROM `tp_goods` WHERE  `id` = 4 LIMIT 1 [ RunTime:0.000000s ]
[ sql ] [ SQL ] SHOW COLUMNS FROM `tp_category` [ RunTime:0.009001s ]
[ sql ] [ SQL ] SELECT * FROM `tp_category` [ RunTime:0.000000s ]
[ sql ] [ SQL ] SHOW COLUMNS FROM `tp_brand` [ RunTime:0.010000s ]
[ sql ] [ SQL ] SELECT `id`,`brand_name` FROM `tp_brand` [ RunTime:0.001000s ]
---------------------------------------------------------------

[2019-08-26T14:48:34+08:00] 127.0.0.1 GET www.myshop.com/admin/goods/editgoods/id/8
[运行时间：0.086005s] [吞吐率：11.63req/s] [内存消耗：2,506.59kb] [文件加载：78]
[ info ] [ LANG ] E:\phpStudy\PHPTutorial\WWW\my_shop\thinkphp\lang\zh-cn.php
[ info ] [ ROUTE ] array (
)
[ info ] [ HEADER ] array (
  'cookie' => 'Hm_lvt_53b7374a63c37483e5dd97d78d9bb36e=1565776474; QC006=hvvyqr6ivj2ksr9qstpvgaq; QC008=1565776476.1565776476.1565776476.1; __uuid=48f36088-37da-c18a-8a99-0eebbe51de6e; __dfp=a0172fa00df1b1457baad0d4120b7c44fcf79e6d382e65f7675f2889a7a57724f7@1567072477786@1565776477786; pgv_pvi=4222451712; pgv_si=s5993872384',
  'accept-language' => 'zh-CN,zh;q=0.9,en;q=0.8',
  'accept-encoding' => 'gzip, deflate',
  'referer' => 'http://www.myshop.com/admin/goods/goodslist',
  'accept' => 'text/html,application/xhtml+xml,application/xml;q=0.9,image/webp,image/apng,*/*;q=0.8,application/signed-exchange;v=b3',
  'user-agent' => 'Mozilla/5.0 (Windows NT 6.1; Win64; x64) AppleWebKit/537.36 (KHTML, like Gecko) Chrome/74.0.3729.157 Safari/537.36',
  'upgrade-insecure-requests' => '1',
  'connection' => 'close',
  'host' => 'www.myshop.com',
)
[ info ] [ PARAM ] array (
  '/admin/goods/editgoods/id/8' => '',
  'id' => '8',
)
[ info ] [ DB ] INIT mysql
[ info ] [ VIEW ] E:\phpStudy\PHPTutorial\WWW\my_shop\application\admin\view\goods\edit_goods.html [ array (
  0 => 'info',
  1 => 'brand',
  2 => 'cat',
) ]
[ sql ] [ DB ] CONNECT:[ UseTime:0.002000s ] mysql:host=127.0.0.1;dbname=myshop;charset=utf8
[ sql ] [ SQL ] SHOW COLUMNS FROM `tp_goods` [ RunTime:0.010001s ]
[ sql ] [ SQL ] SELECT * FROM `tp_goods` WHERE  `id` = 8 LIMIT 1 [ RunTime:0.001000s ]
[ sql ] [ SQL ] SHOW COLUMNS FROM `tp_category` [ RunTime:0.008001s ]
[ sql ] [ SQL ] SELECT * FROM `tp_category` [ RunTime:0.000000s ]
[ sql ] [ SQL ] SHOW COLUMNS FROM `tp_brand` [ RunTime:0.009000s ]
[ sql ] [ SQL ] SELECT `id`,`brand_name` FROM `tp_brand` [ RunTime:0.000000s ]
---------------------------------------------------------------

[2019-08-26T14:48:37+08:00] 127.0.0.1 GET www.myshop.com/admin/goods/editgoods/id/7
[运行时间：0.094005s] [吞吐率：10.64req/s] [内存消耗：2,506.75kb] [文件加载：78]
[ info ] [ LANG ] E:\phpStudy\PHPTutorial\WWW\my_shop\thinkphp\lang\zh-cn.php
[ info ] [ ROUTE ] array (
)
[ info ] [ HEADER ] array (
  'cookie' => 'Hm_lvt_53b7374a63c37483e5dd97d78d9bb36e=1565776474; QC006=hvvyqr6ivj2ksr9qstpvgaq; QC008=1565776476.1565776476.1565776476.1; __uuid=48f36088-37da-c18a-8a99-0eebbe51de6e; __dfp=a0172fa00df1b1457baad0d4120b7c44fcf79e6d382e65f7675f2889a7a57724f7@1567072477786@1565776477786; pgv_pvi=4222451712; pgv_si=s5993872384',
  'accept-language' => 'zh-CN,zh;q=0.9,en;q=0.8',
  'accept-encoding' => 'gzip, deflate',
  'referer' => 'http://www.myshop.com/admin/goods/goodslist',
  'accept' => 'text/html,application/xhtml+xml,application/xml;q=0.9,image/webp,image/apng,*/*;q=0.8,application/signed-exchange;v=b3',
  'user-agent' => 'Mozilla/5.0 (Windows NT 6.1; Win64; x64) AppleWebKit/537.36 (KHTML, like Gecko) Chrome/74.0.3729.157 Safari/537.36',
  'upgrade-insecure-requests' => '1',
  'connection' => 'close',
  'host' => 'www.myshop.com',
)
[ info ] [ PARAM ] array (
  '/admin/goods/editgoods/id/7' => '',
  'id' => '7',
)
[ info ] [ DB ] INIT mysql
[ info ] [ VIEW ] E:\phpStudy\PHPTutorial\WWW\my_shop\application\admin\view\goods\edit_goods.html [ array (
  0 => 'info',
  1 => 'brand',
  2 => 'cat',
) ]
[ sql ] [ DB ] CONNECT:[ UseTime:0.003000s ] mysql:host=127.0.0.1;dbname=myshop;charset=utf8
[ sql ] [ SQL ] SHOW COLUMNS FROM `tp_goods` [ RunTime:0.011000s ]
[ sql ] [ SQL ] SELECT * FROM `tp_goods` WHERE  `id` = 7 LIMIT 1 [ RunTime:0.001000s ]
[ sql ] [ SQL ] SHOW COLUMNS FROM `tp_category` [ RunTime:0.010000s ]
[ sql ] [ SQL ] SELECT * FROM `tp_category` [ RunTime:0.001000s ]
[ sql ] [ SQL ] SHOW COLUMNS FROM `tp_brand` [ RunTime:0.011001s ]
[ sql ] [ SQL ] SELECT `id`,`brand_name` FROM `tp_brand` [ RunTime:0.001000s ]
---------------------------------------------------------------

[2019-08-26T14:49:43+08:00] 127.0.0.1 GET www.myshop.com/admin/goods/addGoods
[运行时间：0.067003s] [吞吐率：14.92req/s] [内存消耗：2,500.48kb] [文件加载：78]
[ info ] [ LANG ] E:\phpStudy\PHPTutorial\WWW\my_shop\thinkphp\lang\zh-cn.php
[ info ] [ ROUTE ] array (
)
[ info ] [ HEADER ] array (
  'cookie' => 'Hm_lvt_53b7374a63c37483e5dd97d78d9bb36e=1565776474; QC006=hvvyqr6ivj2ksr9qstpvgaq; QC008=1565776476.1565776476.1565776476.1; __uuid=48f36088-37da-c18a-8a99-0eebbe51de6e; __dfp=a0172fa00df1b1457baad0d4120b7c44fcf79e6d382e65f7675f2889a7a57724f7@1567072477786@1565776477786; pgv_pvi=4222451712; pgv_si=s5993872384',
  'accept-language' => 'zh-CN,zh;q=0.9,en;q=0.8',
  'accept-encoding' => 'gzip, deflate',
  'referer' => 'http://www.myshop.com/admin/goods/goodslist',
  'accept' => 'text/html,application/xhtml+xml,application/xml;q=0.9,image/webp,image/apng,*/*;q=0.8,application/signed-exchange;v=b3',
  'user-agent' => 'Mozilla/5.0 (Windows NT 6.1; Win64; x64) AppleWebKit/537.36 (KHTML, like Gecko) Chrome/74.0.3729.157 Safari/537.36',
  'upgrade-insecure-requests' => '1',
  'connection' => 'close',
  'host' => 'www.myshop.com',
)
[ info ] [ PARAM ] array (
  '/admin/goods/addGoods' => '',
)
[ info ] [ DB ] INIT mysql
[ info ] [ VIEW ] E:\phpStudy\PHPTutorial\WWW\my_shop\application\admin\view\goods\add_goods.html [ array (
  0 => 'cat',
  1 => 'brand',
) ]
[ sql ] [ DB ] CONNECT:[ UseTime:0.003000s ] mysql:host=127.0.0.1;dbname=myshop;charset=utf8
[ sql ] [ SQL ] SHOW COLUMNS FROM `tp_category` [ RunTime:0.012000s ]
[ sql ] [ SQL ] SELECT * FROM `tp_category` [ RunTime:0.001000s ]
[ sql ] [ SQL ] SHOW COLUMNS FROM `tp_brand` [ RunTime:0.007000s ]
[ sql ] [ SQL ] SELECT `id`,`brand_name` FROM `tp_brand` [ RunTime:0.000000s ]
---------------------------------------------------------------

[2019-08-26T14:49:50+08:00] 127.0.0.1 GET www.myshop.com/admin/index/index.html
[运行时间：0.022001s] [吞吐率：45.45req/s] [内存消耗：1,378.41kb] [文件加载：63]
[ info ] [ LANG ] E:\phpStudy\PHPTutorial\WWW\my_shop\thinkphp\lang\zh-cn.php
[ info ] [ ROUTE ] array (
)
[ info ] [ HEADER ] array (
  'cookie' => 'Hm_lvt_53b7374a63c37483e5dd97d78d9bb36e=1565776474; QC006=hvvyqr6ivj2ksr9qstpvgaq; QC008=1565776476.1565776476.1565776476.1; __uuid=48f36088-37da-c18a-8a99-0eebbe51de6e; __dfp=a0172fa00df1b1457baad0d4120b7c44fcf79e6d382e65f7675f2889a7a57724f7@1567072477786@1565776477786; pgv_pvi=4222451712; pgv_si=s5993872384',
  'accept-language' => 'zh-CN,zh;q=0.9,en;q=0.8',
  'accept-encoding' => 'gzip, deflate',
  'referer' => 'http://www.myshop.com/admin/index/index',
  'accept' => 'text/html,application/xhtml+xml,application/xml;q=0.9,image/webp,image/apng,*/*;q=0.8,application/signed-exchange;v=b3',
  'user-agent' => 'Mozilla/5.0 (Windows NT 6.1; Win64; x64) AppleWebKit/537.36 (KHTML, like Gecko) Chrome/74.0.3729.157 Safari/537.36',
  'upgrade-insecure-requests' => '1',
  'connection' => 'close',
  'host' => 'www.myshop.com',
)
[ info ] [ PARAM ] array (
  '/admin/index/index_html' => '',
)
[ info ] [ VIEW ] E:\phpStudy\PHPTutorial\WWW\my_shop\application\admin\view\index\index.html [ array (
) ]
---------------------------------------------------------------

[2019-08-26T14:49:50+08:00] 127.0.0.1 GET www.myshop.com/admin/index/main.html
[运行时间：0.033002s] [吞吐率：30.30req/s] [内存消耗：1,325.27kb] [文件加载：61]
[ info ] [ LANG ] E:\phpStudy\PHPTutorial\WWW\my_shop\thinkphp\lang\zh-cn.php
[ info ] [ ROUTE ] array (
)
[ info ] [ HEADER ] array (
  'cookie' => 'Hm_lvt_53b7374a63c37483e5dd97d78d9bb36e=1565776474; QC006=hvvyqr6ivj2ksr9qstpvgaq; QC008=1565776476.1565776476.1565776476.1; __uuid=48f36088-37da-c18a-8a99-0eebbe51de6e; __dfp=a0172fa00df1b1457baad0d4120b7c44fcf79e6d382e65f7675f2889a7a57724f7@1567072477786@1565776477786; pgv_pvi=4222451712; pgv_si=s5993872384',
  'accept-language' => 'zh-CN,zh;q=0.9,en;q=0.8',
  'accept-encoding' => 'gzip, deflate',
  'referer' => 'http://www.myshop.com/admin/index/index.html',
  'accept' => 'text/html,application/xhtml+xml,application/xml;q=0.9,image/webp,image/apng,*/*;q=0.8,application/signed-exchange;v=b3',
  'user-agent' => 'Mozilla/5.0 (Windows NT 6.1; Win64; x64) AppleWebKit/537.36 (KHTML, like Gecko) Chrome/74.0.3729.157 Safari/537.36',
  'upgrade-insecure-requests' => '1',
  'connection' => 'close',
  'host' => 'www.myshop.com',
)
[ info ] [ PARAM ] array (
  '/admin/index/main_html' => '',
)
[ info ] [ VIEW ] E:\phpStudy\PHPTutorial\WWW\my_shop\application\admin\view\index\main.html [ array (
) ]
---------------------------------------------------------------

[2019-08-26T14:50:51+08:00] 127.0.0.1 GET www.myshop.com/admin/goods/goodslist
[运行时间：0.076004s] [吞吐率：13.16req/s] [内存消耗：2,654.86kb] [文件加载：84]
[ info ] [ LANG ] E:\phpStudy\PHPTutorial\WWW\my_shop\thinkphp\lang\zh-cn.php
[ info ] [ ROUTE ] array (
)
[ info ] [ HEADER ] array (
  'cookie' => 'Hm_lvt_53b7374a63c37483e5dd97d78d9bb36e=1565776474; QC006=hvvyqr6ivj2ksr9qstpvgaq; QC008=1565776476.1565776476.1565776476.1; __uuid=48f36088-37da-c18a-8a99-0eebbe51de6e; __dfp=a0172fa00df1b1457baad0d4120b7c44fcf79e6d382e65f7675f2889a7a57724f7@1567072477786@1565776477786; pgv_pvi=4222451712; pgv_si=s5993872384',
  'accept-language' => 'zh-CN,zh;q=0.9,en;q=0.8',
  'accept-encoding' => 'gzip, deflate',
  'referer' => 'http://www.myshop.com/admin/index/index.html',
  'accept' => 'text/html,application/xhtml+xml,application/xml;q=0.9,image/webp,image/apng,*/*;q=0.8,application/signed-exchange;v=b3',
  'user-agent' => 'Mozilla/5.0 (Windows NT 6.1; Win64; x64) AppleWebKit/537.36 (KHTML, like Gecko) Chrome/74.0.3729.157 Safari/537.36',
  'upgrade-insecure-requests' => '1',
  'connection' => 'close',
  'host' => 'www.myshop.com',
)
[ info ] [ PARAM ] array (
  '/admin/goods/goodslist' => '',
)
[ info ] [ DB ] INIT mysql
[ info ] [ VIEW ] E:\phpStudy\PHPTutorial\WWW\my_shop\application\admin\view\goods\goods_list.html [ array (
  0 => 'goods',
  1 => 'page_limit',
  2 => 'page',
  3 => 'count',
  4 => 'cat',
  5 => 'data',
  6 => 'brand',
) ]
[ sql ] [ DB ] CONNECT:[ UseTime:0.002000s ] mysql:host=127.0.0.1;dbname=myshop;charset=utf8
[ sql ] [ SQL ] SHOW COLUMNS FROM `tp_goods` [ RunTime:0.007001s ]
[ sql ] [ SQL ] SELECT COUNT(*) AS tp_count FROM `tp_goods` WHERE  `is_sale` = 0 [ RunTime:0.001000s ]
[ sql ] [ SQL ] SELECT * FROM `tp_goods` WHERE  `is_sale` = 0 ORDER BY `id` DESC LIMIT 0,5 [ RunTime:0.001000s ]
[ sql ] [ SQL ] SHOW COLUMNS FROM `tp_category` [ RunTime:0.011000s ]
[ sql ] [ SQL ] SELECT * FROM `tp_category` WHERE  `id` IN (1,4,0) [ RunTime:0.000000s ]
[ sql ] [ SQL ] SHOW COLUMNS FROM `tp_brand` [ RunTime:0.010001s ]
[ sql ] [ SQL ] SELECT * FROM `tp_brand` WHERE  `id` IN (3,2,0) [ RunTime:0.001000s ]
[ sql ] [ SQL ] SELECT * FROM `tp_category` [ RunTime:0.001000s ]
[ sql ] [ SQL ] SELECT `id`,`brand_name` FROM `tp_brand` [ RunTime:0.001000s ]
---------------------------------------------------------------

[2019-08-26T14:50:59+08:00] 127.0.0.1 GET www.myshop.com/admin/goods/goodsList?page=2&cate_id=0&brand_id=0&odby=id_desc&is_sale=0
[运行时间：0.072004s] [吞吐率：13.89req/s] [内存消耗：2,641.55kb] [文件加载：84]
[ info ] [ LANG ] E:\phpStudy\PHPTutorial\WWW\my_shop\thinkphp\lang\zh-cn.php
[ info ] [ ROUTE ] array (
)
[ info ] [ HEADER ] array (
  'cookie' => 'Hm_lvt_53b7374a63c37483e5dd97d78d9bb36e=1565776474; QC006=hvvyqr6ivj2ksr9qstpvgaq; QC008=1565776476.1565776476.1565776476.1; __uuid=48f36088-37da-c18a-8a99-0eebbe51de6e; __dfp=a0172fa00df1b1457baad0d4120b7c44fcf79e6d382e65f7675f2889a7a57724f7@1567072477786@1565776477786; pgv_pvi=4222451712; pgv_si=s5993872384',
  'accept-language' => 'zh-CN,zh;q=0.9,en;q=0.8',
  'accept-encoding' => 'gzip, deflate',
  'referer' => 'http://www.myshop.com/admin/goods/goodslist',
  'accept' => 'text/html,application/xhtml+xml,application/xml;q=0.9,image/webp,image/apng,*/*;q=0.8,application/signed-exchange;v=b3',
  'user-agent' => 'Mozilla/5.0 (Windows NT 6.1; Win64; x64) AppleWebKit/537.36 (KHTML, like Gecko) Chrome/74.0.3729.157 Safari/537.36',
  'upgrade-insecure-requests' => '1',
  'connection' => 'close',
  'host' => 'www.myshop.com',
)
[ info ] [ PARAM ] array (
  '/admin/goods/goodsList' => '',
  'page' => '2',
  'cate_id' => '0',
  'brand_id' => '0',
  'odby' => 'id_desc',
  'is_sale' => '0',
)
[ info ] [ DB ] INIT mysql
[ info ] [ VIEW ] E:\phpStudy\PHPTutorial\WWW\my_shop\application\admin\view\goods\goods_list.html [ array (
  0 => 'goods',
  1 => 'page_limit',
  2 => 'page',
  3 => 'count',
  4 => 'cat',
  5 => 'data',
  6 => 'brand',
) ]
[ sql ] [ DB ] CONNECT:[ UseTime:0.002001s ] mysql:host=127.0.0.1;dbname=myshop;charset=utf8
[ sql ] [ SQL ] SHOW COLUMNS FROM `tp_goods` [ RunTime:0.008000s ]
[ sql ] [ SQL ] SELECT COUNT(*) AS tp_count FROM `tp_goods` WHERE  `is_sale` = 0 [ RunTime:0.001000s ]
[ sql ] [ SQL ] SELECT * FROM `tp_goods` WHERE  `is_sale` = 0 ORDER BY `id` DESC LIMIT 5,5 [ RunTime:0.000000s ]
[ sql ] [ SQL ] SHOW COLUMNS FROM `tp_category` [ RunTime:0.008001s ]
[ sql ] [ SQL ] SELECT * FROM `tp_category` WHERE  `id` = 0 [ RunTime:0.001000s ]
[ sql ] [ SQL ] SHOW COLUMNS FROM `tp_brand` [ RunTime:0.007000s ]
[ sql ] [ SQL ] SELECT * FROM `tp_brand` WHERE  `id` = 0 [ RunTime:0.001000s ]
[ sql ] [ SQL ] SELECT * FROM `tp_category` [ RunTime:0.001000s ]
[ sql ] [ SQL ] SELECT `id`,`brand_name` FROM `tp_brand` [ RunTime:0.002000s ]
---------------------------------------------------------------

[2019-08-26T14:51:01+08:00] 127.0.0.1 GET www.myshop.com/admin/goods/goodsList?page=1&cate_id=0&brand_id=0&odby=id_desc&is_sale=0
[运行时间：0.087005s] [吞吐率：11.49req/s] [内存消耗：2,655.41kb] [文件加载：84]
[ info ] [ LANG ] E:\phpStudy\PHPTutorial\WWW\my_shop\thinkphp\lang\zh-cn.php
[ info ] [ ROUTE ] array (
)
[ info ] [ HEADER ] array (
  'cookie' => 'Hm_lvt_53b7374a63c37483e5dd97d78d9bb36e=1565776474; QC006=hvvyqr6ivj2ksr9qstpvgaq; QC008=1565776476.1565776476.1565776476.1; __uuid=48f36088-37da-c18a-8a99-0eebbe51de6e; __dfp=a0172fa00df1b1457baad0d4120b7c44fcf79e6d382e65f7675f2889a7a57724f7@1567072477786@1565776477786; pgv_pvi=4222451712; pgv_si=s5993872384',
  'accept-language' => 'zh-CN,zh;q=0.9,en;q=0.8',
  'accept-encoding' => 'gzip, deflate',
  'referer' => 'http://www.myshop.com/admin/goods/goodsList?page=2&cate_id=0&brand_id=0&odby=id_desc&is_sale=0',
  'accept' => 'text/html,application/xhtml+xml,application/xml;q=0.9,image/webp,image/apng,*/*;q=0.8,application/signed-exchange;v=b3',
  'user-agent' => 'Mozilla/5.0 (Windows NT 6.1; Win64; x64) AppleWebKit/537.36 (KHTML, like Gecko) Chrome/74.0.3729.157 Safari/537.36',
  'upgrade-insecure-requests' => '1',
  'connection' => 'close',
  'host' => 'www.myshop.com',
)
[ info ] [ PARAM ] array (
  '/admin/goods/goodsList' => '',
  'page' => '1',
  'cate_id' => '0',
  'brand_id' => '0',
  'odby' => 'id_desc',
  'is_sale' => '0',
)
[ info ] [ DB ] INIT mysql
[ info ] [ VIEW ] E:\phpStudy\PHPTutorial\WWW\my_shop\application\admin\view\goods\goods_list.html [ array (
  0 => 'goods',
  1 => 'page_limit',
  2 => 'page',
  3 => 'count',
  4 => 'cat',
  5 => 'data',
  6 => 'brand',
) ]
[ sql ] [ DB ] CONNECT:[ UseTime:0.003001s ] mysql:host=127.0.0.1;dbname=myshop;charset=utf8
[ sql ] [ SQL ] SHOW COLUMNS FROM `tp_goods` [ RunTime:0.009000s ]
[ sql ] [ SQL ] SELECT COUNT(*) AS tp_count FROM `tp_goods` WHERE  `is_sale` = 0 [ RunTime:0.000000s ]
[ sql ] [ SQL ] SELECT * FROM `tp_goods` WHERE  `is_sale` = 0 ORDER BY `id` DESC LIMIT 0,5 [ RunTime:0.001000s ]
[ sql ] [ SQL ] SHOW COLUMNS FROM `tp_category` [ RunTime:0.009001s ]
[ sql ] [ SQL ] SELECT * FROM `tp_category` WHERE  `id` IN (1,4,0) [ RunTime:0.001000s ]
[ sql ] [ SQL ] SHOW COLUMNS FROM `tp_brand` [ RunTime:0.009000s ]
[ sql ] [ SQL ] SELECT * FROM `tp_brand` WHERE  `id` IN (3,2,0) [ RunTime:0.000000s ]
[ sql ] [ SQL ] SELECT * FROM `tp_category` [ RunTime:0.001001s ]
[ sql ] [ SQL ] SELECT `id`,`brand_name` FROM `tp_brand` [ RunTime:0.001000s ]
---------------------------------------------------------------

[2019-08-26T14:51:03+08:00] 127.0.0.1 GET www.myshop.com/admin/goods/goodsList?page=2&cate_id=0&brand_id=0&odby=id_desc&is_sale=0
[运行时间：0.105006s] [吞吐率：9.52req/s] [内存消耗：2,641.85kb] [文件加载：84]
[ info ] [ LANG ] E:\phpStudy\PHPTutorial\WWW\my_shop\thinkphp\lang\zh-cn.php
[ info ] [ ROUTE ] array (
)
[ info ] [ HEADER ] array (
  'cookie' => 'Hm_lvt_53b7374a63c37483e5dd97d78d9bb36e=1565776474; QC006=hvvyqr6ivj2ksr9qstpvgaq; QC008=1565776476.1565776476.1565776476.1; __uuid=48f36088-37da-c18a-8a99-0eebbe51de6e; __dfp=a0172fa00df1b1457baad0d4120b7c44fcf79e6d382e65f7675f2889a7a57724f7@1567072477786@1565776477786; pgv_pvi=4222451712; pgv_si=s5993872384',
  'accept-language' => 'zh-CN,zh;q=0.9,en;q=0.8',
  'accept-encoding' => 'gzip, deflate',
  'referer' => 'http://www.myshop.com/admin/goods/goodsList?page=1&cate_id=0&brand_id=0&odby=id_desc&is_sale=0',
  'accept' => 'text/html,application/xhtml+xml,application/xml;q=0.9,image/webp,image/apng,*/*;q=0.8,application/signed-exchange;v=b3',
  'user-agent' => 'Mozilla/5.0 (Windows NT 6.1; Win64; x64) AppleWebKit/537.36 (KHTML, like Gecko) Chrome/74.0.3729.157 Safari/537.36',
  'upgrade-insecure-requests' => '1',
  'connection' => 'close',
  'host' => 'www.myshop.com',
)
[ info ] [ PARAM ] array (
  '/admin/goods/goodsList' => '',
  'page' => '2',
  'cate_id' => '0',
  'brand_id' => '0',
  'odby' => 'id_desc',
  'is_sale' => '0',
)
[ info ] [ DB ] INIT mysql
[ info ] [ VIEW ] E:\phpStudy\PHPTutorial\WWW\my_shop\application\admin\view\goods\goods_list.html [ array (
  0 => 'goods',
  1 => 'page_limit',
  2 => 'page',
  3 => 'count',
  4 => 'cat',
  5 => 'data',
  6 => 'brand',
) ]
[ sql ] [ DB ] CONNECT:[ UseTime:0.003000s ] mysql:host=127.0.0.1;dbname=myshop;charset=utf8
[ sql ] [ SQL ] SHOW COLUMNS FROM `tp_goods` [ RunTime:0.011001s ]
[ sql ] [ SQL ] SELECT COUNT(*) AS tp_count FROM `tp_goods` WHERE  `is_sale` = 0 [ RunTime:0.001000s ]
[ sql ] [ SQL ] SELECT * FROM `tp_goods` WHERE  `is_sale` = 0 ORDER BY `id` DESC LIMIT 5,5 [ RunTime:0.001000s ]
[ sql ] [ SQL ] SHOW COLUMNS FROM `tp_category` [ RunTime:0.010001s ]
[ sql ] [ SQL ] SELECT * FROM `tp_category` WHERE  `id` = 0 [ RunTime:0.000000s ]
[ sql ] [ SQL ] SHOW COLUMNS FROM `tp_brand` [ RunTime:0.010000s ]
[ sql ] [ SQL ] SELECT * FROM `tp_brand` WHERE  `id` = 0 [ RunTime:0.001000s ]
[ sql ] [ SQL ] SELECT * FROM `tp_category` [ RunTime:0.001000s ]
[ sql ] [ SQL ] SELECT `id`,`brand_name` FROM `tp_brand` [ RunTime:0.016001s ]
---------------------------------------------------------------

[2019-08-26T14:51:04+08:00] 127.0.0.1 GET www.myshop.com/admin/goods/goodsList?page=1&cate_id=0&brand_id=0&odby=id_desc&is_sale=0
[运行时间：0.072004s] [吞吐率：13.89req/s] [内存消耗：2,655.41kb] [文件加载：84]
[ info ] [ LANG ] E:\phpStudy\PHPTutorial\WWW\my_shop\thinkphp\lang\zh-cn.php
[ info ] [ ROUTE ] array (
)
[ info ] [ HEADER ] array (
  'cookie' => 'Hm_lvt_53b7374a63c37483e5dd97d78d9bb36e=1565776474; QC006=hvvyqr6ivj2ksr9qstpvgaq; QC008=1565776476.1565776476.1565776476.1; __uuid=48f36088-37da-c18a-8a99-0eebbe51de6e; __dfp=a0172fa00df1b1457baad0d4120b7c44fcf79e6d382e65f7675f2889a7a57724f7@1567072477786@1565776477786; pgv_pvi=4222451712; pgv_si=s5993872384',
  'accept-language' => 'zh-CN,zh;q=0.9,en;q=0.8',
  'accept-encoding' => 'gzip, deflate',
  'referer' => 'http://www.myshop.com/admin/goods/goodsList?page=2&cate_id=0&brand_id=0&odby=id_desc&is_sale=0',
  'accept' => 'text/html,application/xhtml+xml,application/xml;q=0.9,image/webp,image/apng,*/*;q=0.8,application/signed-exchange;v=b3',
  'user-agent' => 'Mozilla/5.0 (Windows NT 6.1; Win64; x64) AppleWebKit/537.36 (KHTML, like Gecko) Chrome/74.0.3729.157 Safari/537.36',
  'upgrade-insecure-requests' => '1',
  'connection' => 'close',
  'host' => 'www.myshop.com',
)
[ info ] [ PARAM ] array (
  '/admin/goods/goodsList' => '',
  'page' => '1',
  'cate_id' => '0',
  'brand_id' => '0',
  'odby' => 'id_desc',
  'is_sale' => '0',
)
[ info ] [ DB ] INIT mysql
[ info ] [ VIEW ] E:\phpStudy\PHPTutorial\WWW\my_shop\application\admin\view\goods\goods_list.html [ array (
  0 => 'goods',
  1 => 'page_limit',
  2 => 'page',
  3 => 'count',
  4 => 'cat',
  5 => 'data',
  6 => 'brand',
) ]
[ sql ] [ DB ] CONNECT:[ UseTime:0.003001s ] mysql:host=127.0.0.1;dbname=myshop;charset=utf8
[ sql ] [ SQL ] SHOW COLUMNS FROM `tp_goods` [ RunTime:0.007000s ]
[ sql ] [ SQL ] SELECT COUNT(*) AS tp_count FROM `tp_goods` WHERE  `is_sale` = 0 [ RunTime:0.000000s ]
[ sql ] [ SQL ] SELECT * FROM `tp_goods` WHERE  `is_sale` = 0 ORDER BY `id` DESC LIMIT 0,5 [ RunTime:0.001000s ]
[ sql ] [ SQL ] SHOW COLUMNS FROM `tp_category` [ RunTime:0.008001s ]
[ sql ] [ SQL ] SELECT * FROM `tp_category` WHERE  `id` IN (1,4,0) [ RunTime:0.002000s ]
[ sql ] [ SQL ] SHOW COLUMNS FROM `tp_brand` [ RunTime:0.009000s ]
[ sql ] [ SQL ] SELECT * FROM `tp_brand` WHERE  `id` IN (3,2,0) [ RunTime:0.001000s ]
[ sql ] [ SQL ] SELECT * FROM `tp_category` [ RunTime:0.001000s ]
[ sql ] [ SQL ] SELECT `id`,`brand_name` FROM `tp_brand` [ RunTime:0.001001s ]
---------------------------------------------------------------

[2019-08-26T14:51:05+08:00] 127.0.0.1 GET www.myshop.com/admin/goods/goodsList?page=2&cate_id=0&brand_id=0&odby=id_desc&is_sale=0
[运行时间：0.068004s] [吞吐率：14.71req/s] [内存消耗：2,641.85kb] [文件加载：84]
[ info ] [ LANG ] E:\phpStudy\PHPTutorial\WWW\my_shop\thinkphp\lang\zh-cn.php
[ info ] [ ROUTE ] array (
)
[ info ] [ HEADER ] array (
  'cookie' => 'Hm_lvt_53b7374a63c37483e5dd97d78d9bb36e=1565776474; QC006=hvvyqr6ivj2ksr9qstpvgaq; QC008=1565776476.1565776476.1565776476.1; __uuid=48f36088-37da-c18a-8a99-0eebbe51de6e; __dfp=a0172fa00df1b1457baad0d4120b7c44fcf79e6d382e65f7675f2889a7a57724f7@1567072477786@1565776477786; pgv_pvi=4222451712; pgv_si=s5993872384',
  'accept-language' => 'zh-CN,zh;q=0.9,en;q=0.8',
  'accept-encoding' => 'gzip, deflate',
  'referer' => 'http://www.myshop.com/admin/goods/goodsList?page=1&cate_id=0&brand_id=0&odby=id_desc&is_sale=0',
  'accept' => 'text/html,application/xhtml+xml,application/xml;q=0.9,image/webp,image/apng,*/*;q=0.8,application/signed-exchange;v=b3',
  'user-agent' => 'Mozilla/5.0 (Windows NT 6.1; Win64; x64) AppleWebKit/537.36 (KHTML, like Gecko) Chrome/74.0.3729.157 Safari/537.36',
  'upgrade-insecure-requests' => '1',
  'connection' => 'close',
  'host' => 'www.myshop.com',
)
[ info ] [ PARAM ] array (
  '/admin/goods/goodsList' => '',
  'page' => '2',
  'cate_id' => '0',
  'brand_id' => '0',
  'odby' => 'id_desc',
  'is_sale' => '0',
)
[ info ] [ DB ] INIT mysql
[ info ] [ VIEW ] E:\phpStudy\PHPTutorial\WWW\my_shop\application\admin\view\goods\goods_list.html [ array (
  0 => 'goods',
  1 => 'page_limit',
  2 => 'page',
  3 => 'count',
  4 => 'cat',
  5 => 'data',
  6 => 'brand',
) ]
[ sql ] [ DB ] CONNECT:[ UseTime:0.002000s ] mysql:host=127.0.0.1;dbname=myshop;charset=utf8
[ sql ] [ SQL ] SHOW COLUMNS FROM `tp_goods` [ RunTime:0.008000s ]
[ sql ] [ SQL ] SELECT COUNT(*) AS tp_count FROM `tp_goods` WHERE  `is_sale` = 0 [ RunTime:0.001000s ]
[ sql ] [ SQL ] SELECT * FROM `tp_goods` WHERE  `is_sale` = 0 ORDER BY `id` DESC LIMIT 5,5 [ RunTime:0.001001s ]
[ sql ] [ SQL ] SHOW COLUMNS FROM `tp_category` [ RunTime:0.008000s ]
[ sql ] [ SQL ] SELECT * FROM `tp_category` WHERE  `id` = 0 [ RunTime:0.001000s ]
[ sql ] [ SQL ] SHOW COLUMNS FROM `tp_brand` [ RunTime:0.008001s ]
[ sql ] [ SQL ] SELECT * FROM `tp_brand` WHERE  `id` = 0 [ RunTime:0.000000s ]
[ sql ] [ SQL ] SELECT * FROM `tp_category` [ RunTime:0.000000s ]
[ sql ] [ SQL ] SELECT `id`,`brand_name` FROM `tp_brand` [ RunTime:0.000000s ]
---------------------------------------------------------------

[2019-08-26T14:51:06+08:00] 127.0.0.1 GET www.myshop.com/admin/goods/goodsList?page=1&cate_id=0&brand_id=0&odby=id_desc&is_sale=0
[运行时间：0.077005s] [吞吐率：12.99req/s] [内存消耗：2,655.41kb] [文件加载：84]
[ info ] [ LANG ] E:\phpStudy\PHPTutorial\WWW\my_shop\thinkphp\lang\zh-cn.php
[ info ] [ ROUTE ] array (
)
[ info ] [ HEADER ] array (
  'cookie' => 'Hm_lvt_53b7374a63c37483e5dd97d78d9bb36e=1565776474; QC006=hvvyqr6ivj2ksr9qstpvgaq; QC008=1565776476.1565776476.1565776476.1; __uuid=48f36088-37da-c18a-8a99-0eebbe51de6e; __dfp=a0172fa00df1b1457baad0d4120b7c44fcf79e6d382e65f7675f2889a7a57724f7@1567072477786@1565776477786; pgv_pvi=4222451712; pgv_si=s5993872384',
  'accept-language' => 'zh-CN,zh;q=0.9,en;q=0.8',
  'accept-encoding' => 'gzip, deflate',
  'referer' => 'http://www.myshop.com/admin/goods/goodsList?page=2&cate_id=0&brand_id=0&odby=id_desc&is_sale=0',
  'accept' => 'text/html,application/xhtml+xml,application/xml;q=0.9,image/webp,image/apng,*/*;q=0.8,application/signed-exchange;v=b3',
  'user-agent' => 'Mozilla/5.0 (Windows NT 6.1; Win64; x64) AppleWebKit/537.36 (KHTML, like Gecko) Chrome/74.0.3729.157 Safari/537.36',
  'upgrade-insecure-requests' => '1',
  'connection' => 'close',
  'host' => 'www.myshop.com',
)
[ info ] [ PARAM ] array (
  '/admin/goods/goodsList' => '',
  'page' => '1',
  'cate_id' => '0',
  'brand_id' => '0',
  'odby' => 'id_desc',
  'is_sale' => '0',
)
[ info ] [ DB ] INIT mysql
[ info ] [ VIEW ] E:\phpStudy\PHPTutorial\WWW\my_shop\application\admin\view\goods\goods_list.html [ array (
  0 => 'goods',
  1 => 'page_limit',
  2 => 'page',
  3 => 'count',
  4 => 'cat',
  5 => 'data',
  6 => 'brand',
) ]
[ sql ] [ DB ] CONNECT:[ UseTime:0.002000s ] mysql:host=127.0.0.1;dbname=myshop;charset=utf8
[ sql ] [ SQL ] SHOW COLUMNS FROM `tp_goods` [ RunTime:0.008001s ]
[ sql ] [ SQL ] SELECT COUNT(*) AS tp_count FROM `tp_goods` WHERE  `is_sale` = 0 [ RunTime:0.001000s ]
[ sql ] [ SQL ] SELECT * FROM `tp_goods` WHERE  `is_sale` = 0 ORDER BY `id` DESC LIMIT 0,5 [ RunTime:0.001000s ]
[ sql ] [ SQL ] SHOW COLUMNS FROM `tp_category` [ RunTime:0.010001s ]
[ sql ] [ SQL ] SELECT * FROM `tp_category` WHERE  `id` IN (1,4,0) [ RunTime:0.001000s ]
[ sql ] [ SQL ] SHOW COLUMNS FROM `tp_brand` [ RunTime:0.009000s ]
[ sql ] [ SQL ] SELECT * FROM `tp_brand` WHERE  `id` IN (3,2,0) [ RunTime:0.001000s ]
[ sql ] [ SQL ] SELECT * FROM `tp_category` [ RunTime:0.001000s ]
[ sql ] [ SQL ] SELECT `id`,`brand_name` FROM `tp_brand` [ RunTime:0.001000s ]
---------------------------------------------------------------

[2019-08-26T17:48:58+08:00] 127.0.0.1 GET www.myshop.com/admin/goods/goodsList?page=2&cate_id=0&brand_id=0&odby=id_desc&is_sale=0
[运行时间：0.084005s] [吞吐率：11.90req/s] [内存消耗：2,641.85kb] [文件加载：84]
[ info ] [ LANG ] E:\phpStudy\PHPTutorial\WWW\my_shop\thinkphp\lang\zh-cn.php
[ info ] [ ROUTE ] array (
)
[ info ] [ HEADER ] array (
  'cookie' => 'Hm_lvt_53b7374a63c37483e5dd97d78d9bb36e=1565776474; QC006=hvvyqr6ivj2ksr9qstpvgaq; QC008=1565776476.1565776476.1565776476.1; __uuid=48f36088-37da-c18a-8a99-0eebbe51de6e; __dfp=a0172fa00df1b1457baad0d4120b7c44fcf79e6d382e65f7675f2889a7a57724f7@1567072477786@1565776477786; pgv_pvi=4222451712; pgv_si=s5993872384',
  'accept-language' => 'zh-CN,zh;q=0.9,en;q=0.8',
  'accept-encoding' => 'gzip, deflate',
  'referer' => 'http://www.myshop.com/admin/goods/goodsList?page=1&cate_id=0&brand_id=0&odby=id_desc&is_sale=0',
  'accept' => 'text/html,application/xhtml+xml,application/xml;q=0.9,image/webp,image/apng,*/*;q=0.8,application/signed-exchange;v=b3',
  'user-agent' => 'Mozilla/5.0 (Windows NT 6.1; Win64; x64) AppleWebKit/537.36 (KHTML, like Gecko) Chrome/74.0.3729.157 Safari/537.36',
  'upgrade-insecure-requests' => '1',
  'connection' => 'close',
  'host' => 'www.myshop.com',
)
[ info ] [ PARAM ] array (
  '/admin/goods/goodsList' => '',
  'page' => '2',
  'cate_id' => '0',
  'brand_id' => '0',
  'odby' => 'id_desc',
  'is_sale' => '0',
)
[ info ] [ DB ] INIT mysql
[ info ] [ VIEW ] E:\phpStudy\PHPTutorial\WWW\my_shop\application\admin\view\goods\goods_list.html [ array (
  0 => 'goods',
  1 => 'page_limit',
  2 => 'page',
  3 => 'count',
  4 => 'cat',
  5 => 'data',
  6 => 'brand',
) ]
[ sql ] [ DB ] CONNECT:[ UseTime:0.006000s ] mysql:host=127.0.0.1;dbname=myshop;charset=utf8
[ sql ] [ SQL ] SHOW COLUMNS FROM `tp_goods` [ RunTime:0.007000s ]
[ sql ] [ SQL ] SELECT COUNT(*) AS tp_count FROM `tp_goods` WHERE  `is_sale` = 0 [ RunTime:0.001000s ]
[ sql ] [ SQL ] SELECT * FROM `tp_goods` WHERE  `is_sale` = 0 ORDER BY `id` DESC LIMIT 5,5 [ RunTime:0.001000s ]
[ sql ] [ SQL ] SHOW COLUMNS FROM `tp_category` [ RunTime:0.005000s ]
[ sql ] [ SQL ] SELECT * FROM `tp_category` WHERE  `id` = 0 [ RunTime:0.001000s ]
[ sql ] [ SQL ] SHOW COLUMNS FROM `tp_brand` [ RunTime:0.006000s ]
[ sql ] [ SQL ] SELECT * FROM `tp_brand` WHERE  `id` = 0 [ RunTime:0.001000s ]
[ sql ] [ SQL ] SELECT * FROM `tp_category` [ RunTime:0.001000s ]
[ sql ] [ SQL ] SELECT `id`,`brand_name` FROM `tp_brand` [ RunTime:0.001000s ]
---------------------------------------------------------------

[2019-08-26T17:49:00+08:00] 127.0.0.1 GET www.myshop.com/admin/goods/goodsList?page=1&cate_id=0&brand_id=0&odby=id_desc&is_sale=0
[运行时间：0.063003s] [吞吐率：15.87req/s] [内存消耗：2,655.41kb] [文件加载：84]
[ info ] [ LANG ] E:\phpStudy\PHPTutorial\WWW\my_shop\thinkphp\lang\zh-cn.php
[ info ] [ ROUTE ] array (
)
[ info ] [ HEADER ] array (
  'cookie' => 'Hm_lvt_53b7374a63c37483e5dd97d78d9bb36e=1565776474; QC006=hvvyqr6ivj2ksr9qstpvgaq; QC008=1565776476.1565776476.1565776476.1; __uuid=48f36088-37da-c18a-8a99-0eebbe51de6e; __dfp=a0172fa00df1b1457baad0d4120b7c44fcf79e6d382e65f7675f2889a7a57724f7@1567072477786@1565776477786; pgv_pvi=4222451712; pgv_si=s5993872384',
  'accept-language' => 'zh-CN,zh;q=0.9,en;q=0.8',
  'accept-encoding' => 'gzip, deflate',
  'referer' => 'http://www.myshop.com/admin/goods/goodsList?page=2&cate_id=0&brand_id=0&odby=id_desc&is_sale=0',
  'accept' => 'text/html,application/xhtml+xml,application/xml;q=0.9,image/webp,image/apng,*/*;q=0.8,application/signed-exchange;v=b3',
  'user-agent' => 'Mozilla/5.0 (Windows NT 6.1; Win64; x64) AppleWebKit/537.36 (KHTML, like Gecko) Chrome/74.0.3729.157 Safari/537.36',
  'upgrade-insecure-requests' => '1',
  'connection' => 'close',
  'host' => 'www.myshop.com',
)
[ info ] [ PARAM ] array (
  '/admin/goods/goodsList' => '',
  'page' => '1',
  'cate_id' => '0',
  'brand_id' => '0',
  'odby' => 'id_desc',
  'is_sale' => '0',
)
[ info ] [ DB ] INIT mysql
[ info ] [ VIEW ] E:\phpStudy\PHPTutorial\WWW\my_shop\application\admin\view\goods\goods_list.html [ array (
  0 => 'goods',
  1 => 'page_limit',
  2 => 'page',
  3 => 'count',
  4 => 'cat',
  5 => 'data',
  6 => 'brand',
) ]
[ sql ] [ DB ] CONNECT:[ UseTime:0.003001s ] mysql:host=127.0.0.1;dbname=myshop;charset=utf8
[ sql ] [ SQL ] SHOW COLUMNS FROM `tp_goods` [ RunTime:0.005000s ]
[ sql ] [ SQL ] SELECT COUNT(*) AS tp_count FROM `tp_goods` WHERE  `is_sale` = 0 [ RunTime:0.001000s ]
[ sql ] [ SQL ] SELECT * FROM `tp_goods` WHERE  `is_sale` = 0 ORDER BY `id` DESC LIMIT 0,5 [ RunTime:0.001000s ]
[ sql ] [ SQL ] SHOW COLUMNS FROM `tp_category` [ RunTime:0.005000s ]
[ sql ] [ SQL ] SELECT * FROM `tp_category` WHERE  `id` IN (1,4,0) [ RunTime:0.001000s ]
[ sql ] [ SQL ] SHOW COLUMNS FROM `tp_brand` [ RunTime:0.007001s ]
[ sql ] [ SQL ] SELECT * FROM `tp_brand` WHERE  `id` IN (3,2,0) [ RunTime:0.001000s ]
[ sql ] [ SQL ] SELECT * FROM `tp_category` [ RunTime:0.001000s ]
[ sql ] [ SQL ] SELECT `id`,`brand_name` FROM `tp_brand` [ RunTime:0.001000s ]
---------------------------------------------------------------

[2019-08-26T17:49:04+08:00] 127.0.0.1 GET www.myshop.com/admin/goods/editgoods/id/8
[运行时间：0.077004s] [吞吐率：12.99req/s] [内存消耗：2,507.14kb] [文件加载：78]
[ info ] [ LANG ] E:\phpStudy\PHPTutorial\WWW\my_shop\thinkphp\lang\zh-cn.php
[ info ] [ ROUTE ] array (
)
[ info ] [ HEADER ] array (
  'cookie' => 'Hm_lvt_53b7374a63c37483e5dd97d78d9bb36e=1565776474; QC006=hvvyqr6ivj2ksr9qstpvgaq; QC008=1565776476.1565776476.1565776476.1; __uuid=48f36088-37da-c18a-8a99-0eebbe51de6e; __dfp=a0172fa00df1b1457baad0d4120b7c44fcf79e6d382e65f7675f2889a7a57724f7@1567072477786@1565776477786; pgv_pvi=4222451712; pgv_si=s5993872384',
  'accept-language' => 'zh-CN,zh;q=0.9,en;q=0.8',
  'accept-encoding' => 'gzip, deflate',
  'referer' => 'http://www.myshop.com/admin/goods/goodsList?page=1&cate_id=0&brand_id=0&odby=id_desc&is_sale=0',
  'accept' => 'text/html,application/xhtml+xml,application/xml;q=0.9,image/webp,image/apng,*/*;q=0.8,application/signed-exchange;v=b3',
  'user-agent' => 'Mozilla/5.0 (Windows NT 6.1; Win64; x64) AppleWebKit/537.36 (KHTML, like Gecko) Chrome/74.0.3729.157 Safari/537.36',
  'upgrade-insecure-requests' => '1',
  'connection' => 'close',
  'host' => 'www.myshop.com',
)
[ info ] [ PARAM ] array (
  '/admin/goods/editgoods/id/8' => '',
  'id' => '8',
)
[ info ] [ DB ] INIT mysql
[ info ] [ VIEW ] E:\phpStudy\PHPTutorial\WWW\my_shop\application\admin\view\goods\edit_goods.html [ array (
  0 => 'info',
  1 => 'brand',
  2 => 'cat',
) ]
[ sql ] [ DB ] CONNECT:[ UseTime:0.012001s ] mysql:host=127.0.0.1;dbname=myshop;charset=utf8
[ sql ] [ SQL ] SHOW COLUMNS FROM `tp_goods` [ RunTime:0.007000s ]
[ sql ] [ SQL ] SELECT * FROM `tp_goods` WHERE  `id` = 8 LIMIT 1 [ RunTime:0.001000s ]
[ sql ] [ SQL ] SHOW COLUMNS FROM `tp_category` [ RunTime:0.005000s ]
[ sql ] [ SQL ] SELECT * FROM `tp_category` [ RunTime:0.002000s ]
[ sql ] [ SQL ] SHOW COLUMNS FROM `tp_brand` [ RunTime:0.008001s ]
[ sql ] [ SQL ] SELECT `id`,`brand_name` FROM `tp_brand` [ RunTime:0.001000s ]
---------------------------------------------------------------

[2019-08-26T19:51:44+08:00] 127.0.0.1 GET www.myshop.com/admin/goods/goodsList?page=2&cate_id=0&brand_id=0&odby=id_desc&is_sale=0
[运行时间：0.157009s] [吞吐率：6.37req/s] [内存消耗：2,641.85kb] [文件加载：84]
[ info ] [ LANG ] E:\phpStudy\PHPTutorial\WWW\my_shop\thinkphp\lang\zh-cn.php
[ info ] [ ROUTE ] array (
)
[ info ] [ HEADER ] array (
  'cookie' => 'Hm_lvt_53b7374a63c37483e5dd97d78d9bb36e=1565776474; QC006=hvvyqr6ivj2ksr9qstpvgaq; QC008=1565776476.1565776476.1565776476.1; __uuid=48f36088-37da-c18a-8a99-0eebbe51de6e; __dfp=a0172fa00df1b1457baad0d4120b7c44fcf79e6d382e65f7675f2889a7a57724f7@1567072477786@1565776477786; pgv_pvi=4222451712; pgv_si=s5993872384',
  'accept-language' => 'zh-CN,zh;q=0.9,en;q=0.8',
  'accept-encoding' => 'gzip, deflate',
  'referer' => 'http://www.myshop.com/admin/goods/goodsList?page=1&cate_id=0&brand_id=0&odby=id_desc&is_sale=0',
  'accept' => 'text/html,application/xhtml+xml,application/xml;q=0.9,image/webp,image/apng,*/*;q=0.8,application/signed-exchange;v=b3',
  'user-agent' => 'Mozilla/5.0 (Windows NT 6.1; Win64; x64) AppleWebKit/537.36 (KHTML, like Gecko) Chrome/74.0.3729.157 Safari/537.36',
  'upgrade-insecure-requests' => '1',
  'connection' => 'close',
  'host' => 'www.myshop.com',
)
[ info ] [ PARAM ] array (
  '/admin/goods/goodsList' => '',
  'page' => '2',
  'cate_id' => '0',
  'brand_id' => '0',
  'odby' => 'id_desc',
  'is_sale' => '0',
)
[ info ] [ DB ] INIT mysql
[ info ] [ VIEW ] E:\phpStudy\PHPTutorial\WWW\my_shop\application\admin\view\goods\goods_list.html [ array (
  0 => 'goods',
  1 => 'page_limit',
  2 => 'page',
  3 => 'count',
  4 => 'cat',
  5 => 'data',
  6 => 'brand',
) ]
[ sql ] [ DB ] CONNECT:[ UseTime:0.018001s ] mysql:host=127.0.0.1;dbname=myshop;charset=utf8
[ sql ] [ SQL ] SHOW COLUMNS FROM `tp_goods` [ RunTime:0.010001s ]
[ sql ] [ SQL ] SELECT COUNT(*) AS tp_count FROM `tp_goods` WHERE  `is_sale` = 0 [ RunTime:0.005000s ]
[ sql ] [ SQL ] SELECT * FROM `tp_goods` WHERE  `is_sale` = 0 ORDER BY `id` DESC LIMIT 5,5 [ RunTime:0.002000s ]
[ sql ] [ SQL ] SHOW COLUMNS FROM `tp_category` [ RunTime:0.008001s ]
[ sql ] [ SQL ] SELECT * FROM `tp_category` WHERE  `id` = 0 [ RunTime:0.001000s ]
[ sql ] [ SQL ] SHOW COLUMNS FROM `tp_brand` [ RunTime:0.008000s ]
[ sql ] [ SQL ] SELECT * FROM `tp_brand` WHERE  `id` = 0 [ RunTime:0.001001s ]
[ sql ] [ SQL ] SELECT * FROM `tp_category` [ RunTime:0.001000s ]
[ sql ] [ SQL ] SELECT `id`,`brand_name` FROM `tp_brand` [ RunTime:0.001000s ]
---------------------------------------------------------------

[2019-08-26T19:51:47+08:00] 127.0.0.1 GET www.myshop.com/admin/goods/goodsList?page=1&cate_id=0&brand_id=0&odby=id_desc&is_sale=0
[运行时间：0.123007s] [吞吐率：8.13req/s] [内存消耗：2,655.41kb] [文件加载：84]
[ info ] [ LANG ] E:\phpStudy\PHPTutorial\WWW\my_shop\thinkphp\lang\zh-cn.php
[ info ] [ ROUTE ] array (
)
[ info ] [ HEADER ] array (
  'cookie' => 'Hm_lvt_53b7374a63c37483e5dd97d78d9bb36e=1565776474; QC006=hvvyqr6ivj2ksr9qstpvgaq; QC008=1565776476.1565776476.1565776476.1; __uuid=48f36088-37da-c18a-8a99-0eebbe51de6e; __dfp=a0172fa00df1b1457baad0d4120b7c44fcf79e6d382e65f7675f2889a7a57724f7@1567072477786@1565776477786; pgv_pvi=4222451712; pgv_si=s5993872384',
  'accept-language' => 'zh-CN,zh;q=0.9,en;q=0.8',
  'accept-encoding' => 'gzip, deflate',
  'referer' => 'http://www.myshop.com/admin/goods/goodsList?page=2&cate_id=0&brand_id=0&odby=id_desc&is_sale=0',
  'accept' => 'text/html,application/xhtml+xml,application/xml;q=0.9,image/webp,image/apng,*/*;q=0.8,application/signed-exchange;v=b3',
  'user-agent' => 'Mozilla/5.0 (Windows NT 6.1; Win64; x64) AppleWebKit/537.36 (KHTML, like Gecko) Chrome/74.0.3729.157 Safari/537.36',
  'upgrade-insecure-requests' => '1',
  'connection' => 'close',
  'host' => 'www.myshop.com',
)
[ info ] [ PARAM ] array (
  '/admin/goods/goodsList' => '',
  'page' => '1',
  'cate_id' => '0',
  'brand_id' => '0',
  'odby' => 'id_desc',
  'is_sale' => '0',
)
[ info ] [ DB ] INIT mysql
[ info ] [ VIEW ] E:\phpStudy\PHPTutorial\WWW\my_shop\application\admin\view\goods\goods_list.html [ array (
  0 => 'goods',
  1 => 'page_limit',
  2 => 'page',
  3 => 'count',
  4 => 'cat',
  5 => 'data',
  6 => 'brand',
) ]
[ sql ] [ DB ] CONNECT:[ UseTime:0.006000s ] mysql:host=127.0.0.1;dbname=myshop;charset=utf8
[ sql ] [ SQL ] SHOW COLUMNS FROM `tp_goods` [ RunTime:0.011001s ]
[ sql ] [ SQL ] SELECT COUNT(*) AS tp_count FROM `tp_goods` WHERE  `is_sale` = 0 [ RunTime:0.001000s ]
[ sql ] [ SQL ] SELECT * FROM `tp_goods` WHERE  `is_sale` = 0 ORDER BY `id` DESC LIMIT 0,5 [ RunTime:0.001000s ]
[ sql ] [ SQL ] SHOW COLUMNS FROM `tp_category` [ RunTime:0.009000s ]
[ sql ] [ SQL ] SELECT * FROM `tp_category` WHERE  `id` IN (1,4,0) [ RunTime:0.001000s ]
[ sql ] [ SQL ] SHOW COLUMNS FROM `tp_brand` [ RunTime:0.014000s ]
[ sql ] [ SQL ] SELECT * FROM `tp_brand` WHERE  `id` IN (3,2,0) [ RunTime:0.001001s ]
[ sql ] [ SQL ] SELECT * FROM `tp_category` [ RunTime:0.001000s ]
[ sql ] [ SQL ] SELECT `id`,`brand_name` FROM `tp_brand` [ RunTime:0.001000s ]
---------------------------------------------------------------

[2019-08-26T19:51:59+08:00] 127.0.0.1 GET www.myshop.com/admin/goods/goodsList?cate_id=0&brand_id=0&goods_name=&is_sale=0&odby=id_asc
[运行时间：0.108006s] [吞吐率：9.26req/s] [内存消耗：2,646.16kb] [文件加载：84]
[ info ] [ LANG ] E:\phpStudy\PHPTutorial\WWW\my_shop\thinkphp\lang\zh-cn.php
[ info ] [ ROUTE ] array (
)
[ info ] [ HEADER ] array (
  'cookie' => 'Hm_lvt_53b7374a63c37483e5dd97d78d9bb36e=1565776474; QC006=hvvyqr6ivj2ksr9qstpvgaq; QC008=1565776476.1565776476.1565776476.1; __uuid=48f36088-37da-c18a-8a99-0eebbe51de6e; __dfp=a0172fa00df1b1457baad0d4120b7c44fcf79e6d382e65f7675f2889a7a57724f7@1567072477786@1565776477786; pgv_pvi=4222451712; pgv_si=s5993872384',
  'accept-language' => 'zh-CN,zh;q=0.9,en;q=0.8',
  'accept-encoding' => 'gzip, deflate',
  'referer' => 'http://www.myshop.com/admin/goods/goodsList?page=1&cate_id=0&brand_id=0&odby=id_desc&is_sale=0',
  'accept' => 'text/html,application/xhtml+xml,application/xml;q=0.9,image/webp,image/apng,*/*;q=0.8,application/signed-exchange;v=b3',
  'user-agent' => 'Mozilla/5.0 (Windows NT 6.1; Win64; x64) AppleWebKit/537.36 (KHTML, like Gecko) Chrome/74.0.3729.157 Safari/537.36',
  'upgrade-insecure-requests' => '1',
  'connection' => 'close',
  'host' => 'www.myshop.com',
)
[ info ] [ PARAM ] array (
  '/admin/goods/goodsList' => '',
  'cate_id' => '0',
  'brand_id' => '0',
  'goods_name' => '',
  'is_sale' => '0',
  'odby' => 'id_asc',
)
[ info ] [ DB ] INIT mysql
[ info ] [ VIEW ] E:\phpStudy\PHPTutorial\WWW\my_shop\application\admin\view\goods\goods_list.html [ array (
  0 => 'goods',
  1 => 'page_limit',
  2 => 'page',
  3 => 'count',
  4 => 'cat',
  5 => 'data',
  6 => 'brand',
) ]
[ sql ] [ DB ] CONNECT:[ UseTime:0.002000s ] mysql:host=127.0.0.1;dbname=myshop;charset=utf8
[ sql ] [ SQL ] SHOW COLUMNS FROM `tp_goods` [ RunTime:0.006000s ]
[ sql ] [ SQL ] SELECT COUNT(*) AS tp_count FROM `tp_goods` WHERE  `is_sale` = 0 [ RunTime:0.002000s ]
[ sql ] [ SQL ] SELECT * FROM `tp_goods` WHERE  `is_sale` = 0 ORDER BY `id` ASC LIMIT 0,5 [ RunTime:0.002001s ]
[ sql ] [ SQL ] SHOW COLUMNS FROM `tp_category` [ RunTime:0.008000s ]
[ sql ] [ SQL ] SELECT * FROM `tp_category` WHERE  `id` = 0 [ RunTime:0.001000s ]
[ sql ] [ SQL ] SHOW COLUMNS FROM `tp_brand` [ RunTime:0.012001s ]
[ sql ] [ SQL ] SELECT * FROM `tp_brand` WHERE  `id` = 0 [ RunTime:0.001000s ]
[ sql ] [ SQL ] SELECT * FROM `tp_category` [ RunTime:0.001000s ]
[ sql ] [ SQL ] SELECT `id`,`brand_name` FROM `tp_brand` [ RunTime:0.001000s ]
---------------------------------------------------------------

[2019-08-26T19:52:04+08:00] 127.0.0.1 GET www.myshop.com/admin/goods/goodsList?cate_id=0&brand_id=0&goods_name=&is_sale=0&odby=id_desc
[运行时间：0.115007s] [吞吐率：8.70req/s] [内存消耗：2,655.43kb] [文件加载：84]
[ info ] [ LANG ] E:\phpStudy\PHPTutorial\WWW\my_shop\thinkphp\lang\zh-cn.php
[ info ] [ ROUTE ] array (
)
[ info ] [ HEADER ] array (
  'cookie' => 'Hm_lvt_53b7374a63c37483e5dd97d78d9bb36e=1565776474; QC006=hvvyqr6ivj2ksr9qstpvgaq; QC008=1565776476.1565776476.1565776476.1; __uuid=48f36088-37da-c18a-8a99-0eebbe51de6e; __dfp=a0172fa00df1b1457baad0d4120b7c44fcf79e6d382e65f7675f2889a7a57724f7@1567072477786@1565776477786; pgv_pvi=4222451712; pgv_si=s5993872384',
  'accept-language' => 'zh-CN,zh;q=0.9,en;q=0.8',
  'accept-encoding' => 'gzip, deflate',
  'referer' => 'http://www.myshop.com/admin/goods/goodsList?cate_id=0&brand_id=0&goods_name=&is_sale=0&odby=id_asc',
  'accept' => 'text/html,application/xhtml+xml,application/xml;q=0.9,image/webp,image/apng,*/*;q=0.8,application/signed-exchange;v=b3',
  'user-agent' => 'Mozilla/5.0 (Windows NT 6.1; Win64; x64) AppleWebKit/537.36 (KHTML, like Gecko) Chrome/74.0.3729.157 Safari/537.36',
  'upgrade-insecure-requests' => '1',
  'connection' => 'close',
  'host' => 'www.myshop.com',
)
[ info ] [ PARAM ] array (
  '/admin/goods/goodsList' => '',
  'cate_id' => '0',
  'brand_id' => '0',
  'goods_name' => '',
  'is_sale' => '0',
  'odby' => 'id_desc',
)
[ info ] [ DB ] INIT mysql
[ info ] [ VIEW ] E:\phpStudy\PHPTutorial\WWW\my_shop\application\admin\view\goods\goods_list.html [ array (
  0 => 'goods',
  1 => 'page_limit',
  2 => 'page',
  3 => 'count',
  4 => 'cat',
  5 => 'data',
  6 => 'brand',
) ]
[ sql ] [ DB ] CONNECT:[ UseTime:0.006000s ] mysql:host=127.0.0.1;dbname=myshop;charset=utf8
[ sql ] [ SQL ] SHOW COLUMNS FROM `tp_goods` [ RunTime:0.009001s ]
[ sql ] [ SQL ] SELECT COUNT(*) AS tp_count FROM `tp_goods` WHERE  `is_sale` = 0 [ RunTime:0.002000s ]
[ sql ] [ SQL ] SELECT * FROM `tp_goods` WHERE  `is_sale` = 0 ORDER BY `id` DESC LIMIT 0,5 [ RunTime:0.001000s ]
[ sql ] [ SQL ] SHOW COLUMNS FROM `tp_category` [ RunTime:0.010001s ]
[ sql ] [ SQL ] SELECT * FROM `tp_category` WHERE  `id` IN (1,4,0) [ RunTime:0.001000s ]
[ sql ] [ SQL ] SHOW COLUMNS FROM `tp_brand` [ RunTime:0.023001s ]
[ sql ] [ SQL ] SELECT * FROM `tp_brand` WHERE  `id` IN (3,2,0) [ RunTime:0.001000s ]
[ sql ] [ SQL ] SELECT * FROM `tp_category` [ RunTime:0.001001s ]
[ sql ] [ SQL ] SELECT `id`,`brand_name` FROM `tp_brand` [ RunTime:0.001000s ]
