---------------------------------------------------------------

[2019-08-30T12:21:56+08:00] 127.0.0.1 GET www.myshop.com/
[运行时间：0.120007s] [吞吐率：8.33req/s] [内存消耗：1,323.77kb] [文件加载：61]
[ info ] [ LANG ] E:\phpStudy\PHPTutorial\WWW\my_shop\thinkphp\lang\zh-cn.php
[ info ] [ ROUTE ] array (
)
[ info ] [ HEADER ] array (
  'cookie' => 'Hm_lvt_53b7374a63c37483e5dd97d78d9bb36e=1565776474; QC006=hvvyqr6ivj2ksr9qstpvgaq; QC008=1565776476.1565776476.1565776476.1; __uuid=48f36088-37da-c18a-8a99-0eebbe51de6e; __dfp=a0172fa00df1b1457baad0d4120b7c44fcf79e6d382e65f7675f2889a7a57724f7@1567072477786@1565776477786; pgv_pvi=4222451712',
  'accept-language' => 'zh-CN,zh;q=0.9,en;q=0.8',
  'accept-encoding' => 'gzip, deflate',
  'accept' => 'text/html,application/xhtml+xml,application/xml;q=0.9,image/webp,image/apng,*/*;q=0.8,application/signed-exchange;v=b3',
  'user-agent' => 'Mozilla/5.0 (Windows NT 6.1; Win64; x64) AppleWebKit/537.36 (KHTML, like Gecko) Chrome/74.0.3729.157 Safari/537.36',
  'upgrade-insecure-requests' => '1',
  'connection' => 'close',
  'host' => 'www.myshop.com',
)
[ info ] [ PARAM ] array (
)
[ info ] [ VIEW ] E:\phpStudy\PHPTutorial\WWW\my_shop\application\index\view\index\index.html [ array (
) ]
---------------------------------------------------------------

[2019-08-30T12:44:42+08:00] 127.0.0.1 GET www.myshop.com/
[运行时间：0.051002s] [吞吐率：19.61req/s] [内存消耗：1,437.53kb] [文件加载：63]
[ info ] [ LANG ] E:\phpStudy\PHPTutorial\WWW\my_shop\thinkphp\lang\zh-cn.php
[ info ] [ ROUTE ] array (
)
[ info ] [ HEADER ] array (
  'cookie' => 'Hm_lvt_53b7374a63c37483e5dd97d78d9bb36e=1565776474; QC006=hvvyqr6ivj2ksr9qstpvgaq; QC008=1565776476.1565776476.1565776476.1; __uuid=48f36088-37da-c18a-8a99-0eebbe51de6e; __dfp=a0172fa00df1b1457baad0d4120b7c44fcf79e6d382e65f7675f2889a7a57724f7@1567072477786@1565776477786; pgv_pvi=4222451712',
  'accept-language' => 'zh-CN,zh;q=0.9,en;q=0.8',
  'accept-encoding' => 'gzip, deflate',
  'accept' => 'text/html,application/xhtml+xml,application/xml;q=0.9,image/webp,image/apng,*/*;q=0.8,application/signed-exchange;v=b3',
  'user-agent' => 'Mozilla/5.0 (Windows NT 6.1; Win64; x64) AppleWebKit/537.36 (KHTML, like Gecko) Chrome/74.0.3729.157 Safari/537.36',
  'upgrade-insecure-requests' => '1',
  'cache-control' => 'max-age=0',
  'connection' => 'close',
  'host' => 'www.myshop.com',
)
[ info ] [ PARAM ] array (
)
[ info ] [ VIEW ] E:\phpStudy\PHPTutorial\WWW\my_shop\application\index\view\index\index.html [ array (
) ]
---------------------------------------------------------------

[2019-08-30T12:44:43+08:00] 127.0.0.1 GET www.myshop.com/
[运行时间：0.019001s] [吞吐率：52.63req/s] [内存消耗：1,324.30kb] [文件加载：61]
[ info ] [ LANG ] E:\phpStudy\PHPTutorial\WWW\my_shop\thinkphp\lang\zh-cn.php
[ info ] [ ROUTE ] array (
)
[ info ] [ HEADER ] array (
  'cookie' => 'Hm_lvt_53b7374a63c37483e5dd97d78d9bb36e=1565776474; QC006=hvvyqr6ivj2ksr9qstpvgaq; QC008=1565776476.1565776476.1565776476.1; __uuid=48f36088-37da-c18a-8a99-0eebbe51de6e; __dfp=a0172fa00df1b1457baad0d4120b7c44fcf79e6d382e65f7675f2889a7a57724f7@1567072477786@1565776477786; pgv_pvi=4222451712',
  'accept-language' => 'zh-CN,zh;q=0.9,en;q=0.8',
  'accept-encoding' => 'gzip, deflate',
  'accept' => 'text/html,application/xhtml+xml,application/xml;q=0.9,image/webp,image/apng,*/*;q=0.8,application/signed-exchange;v=b3',
  'user-agent' => 'Mozilla/5.0 (Windows NT 6.1; Win64; x64) AppleWebKit/537.36 (KHTML, like Gecko) Chrome/74.0.3729.157 Safari/537.36',
  'upgrade-insecure-requests' => '1',
  'cache-control' => 'max-age=0',
  'connection' => 'close',
  'host' => 'www.myshop.com',
)
[ info ] [ PARAM ] array (
)
[ info ] [ VIEW ] E:\phpStudy\PHPTutorial\WWW\my_shop\application\index\view\index\index.html [ array (
) ]
---------------------------------------------------------------

[2019-08-30T12:45:26+08:00] 127.0.0.1 GET www.myshop.com/
[运行时间：0.024001s] [吞吐率：41.66req/s] [内存消耗：1,324.30kb] [文件加载：61]
[ info ] [ LANG ] E:\phpStudy\PHPTutorial\WWW\my_shop\thinkphp\lang\zh-cn.php
[ info ] [ ROUTE ] array (
)
[ info ] [ HEADER ] array (
  'cookie' => 'Hm_lvt_53b7374a63c37483e5dd97d78d9bb36e=1565776474; QC006=hvvyqr6ivj2ksr9qstpvgaq; QC008=1565776476.1565776476.1565776476.1; __uuid=48f36088-37da-c18a-8a99-0eebbe51de6e; __dfp=a0172fa00df1b1457baad0d4120b7c44fcf79e6d382e65f7675f2889a7a57724f7@1567072477786@1565776477786; pgv_pvi=4222451712',
  'accept-language' => 'zh-CN,zh;q=0.9,en;q=0.8',
  'accept-encoding' => 'gzip, deflate',
  'accept' => 'text/html,application/xhtml+xml,application/xml;q=0.9,image/webp,image/apng,*/*;q=0.8,application/signed-exchange;v=b3',
  'user-agent' => 'Mozilla/5.0 (Windows NT 6.1; Win64; x64) AppleWebKit/537.36 (KHTML, like Gecko) Chrome/74.0.3729.157 Safari/537.36',
  'upgrade-insecure-requests' => '1',
  'cache-control' => 'max-age=0',
  'connection' => 'close',
  'host' => 'www.myshop.com',
)
[ info ] [ PARAM ] array (
)
[ info ] [ VIEW ] E:\phpStudy\PHPTutorial\WWW\my_shop\application\index\view\index\index.html [ array (
) ]
---------------------------------------------------------------

[2019-08-30T12:45:43+08:00] 127.0.0.1 GET www.myshop.com/static/index/css/bootstrap.min.css.map
[运行时间：0.057004s] [吞吐率：17.54req/s] [内存消耗：953.30kb] [文件加载：50]
[ info ] [ LANG ] E:\phpStudy\PHPTutorial\WWW\my_shop\thinkphp\lang\zh-cn.php
---------------------------------------------------------------

[2019-08-30T12:46:15+08:00] 127.0.0.1 GET www.myshop.com/
[运行时间：0.024001s] [吞吐率：41.67req/s] [内存消耗：1,324.36kb] [文件加载：61]
[ info ] [ LANG ] E:\phpStudy\PHPTutorial\WWW\my_shop\thinkphp\lang\zh-cn.php
[ info ] [ ROUTE ] array (
)
[ info ] [ HEADER ] array (
  'cookie' => 'Hm_lvt_53b7374a63c37483e5dd97d78d9bb36e=1565776474; QC006=hvvyqr6ivj2ksr9qstpvgaq; QC008=1565776476.1565776476.1565776476.1; __uuid=48f36088-37da-c18a-8a99-0eebbe51de6e; __dfp=a0172fa00df1b1457baad0d4120b7c44fcf79e6d382e65f7675f2889a7a57724f7@1567072477786@1565776477786; pgv_pvi=4222451712',
  'accept-language' => 'zh-CN,zh;q=0.9,en;q=0.8',
  'accept-encoding' => 'gzip, deflate',
  'accept' => 'text/html,application/xhtml+xml,application/xml;q=0.9,image/webp,image/apng,*/*;q=0.8,application/signed-exchange;v=b3',
  'user-agent' => 'Mozilla/5.0 (Windows NT 6.1; Win64; x64) AppleWebKit/537.36 (KHTML, like Gecko) Chrome/74.0.3729.157 Safari/537.36',
  'upgrade-insecure-requests' => '1',
  'cache-control' => 'no-cache',
  'pragma' => 'no-cache',
  'connection' => 'close',
  'host' => 'www.myshop.com',
)
[ info ] [ PARAM ] array (
)
[ info ] [ VIEW ] E:\phpStudy\PHPTutorial\WWW\my_shop\application\index\view\index\index.html [ array (
) ]
---------------------------------------------------------------

[2019-08-30T12:46:15+08:00] 127.0.0.1 GET www.myshop.com/static/index/css/bootstrap.min.css.map
[运行时间：0.027001s] [吞吐率：37.04req/s] [内存消耗：953.30kb] [文件加载：50]
[ info ] [ LANG ] E:\phpStudy\PHPTutorial\WWW\my_shop\thinkphp\lang\zh-cn.php
---------------------------------------------------------------

[2019-08-30T12:46:30+08:00] 127.0.0.1 GET www.myshop.com/
[运行时间：0.026001s] [吞吐率：38.46req/s] [内存消耗：1,437.53kb] [文件加载：63]
[ info ] [ LANG ] E:\phpStudy\PHPTutorial\WWW\my_shop\thinkphp\lang\zh-cn.php
[ info ] [ ROUTE ] array (
)
[ info ] [ HEADER ] array (
  'cookie' => 'Hm_lvt_53b7374a63c37483e5dd97d78d9bb36e=1565776474; QC006=hvvyqr6ivj2ksr9qstpvgaq; QC008=1565776476.1565776476.1565776476.1; __uuid=48f36088-37da-c18a-8a99-0eebbe51de6e; __dfp=a0172fa00df1b1457baad0d4120b7c44fcf79e6d382e65f7675f2889a7a57724f7@1567072477786@1565776477786; pgv_pvi=4222451712',
  'accept-language' => 'zh-CN,zh;q=0.9,en;q=0.8',
  'accept-encoding' => 'gzip, deflate',
  'accept' => 'text/html,application/xhtml+xml,application/xml;q=0.9,image/webp,image/apng,*/*;q=0.8,application/signed-exchange;v=b3',
  'user-agent' => 'Mozilla/5.0 (Windows NT 6.1; Win64; x64) AppleWebKit/537.36 (KHTML, like Gecko) Chrome/74.0.3729.157 Safari/537.36',
  'upgrade-insecure-requests' => '1',
  'cache-control' => 'max-age=0',
  'connection' => 'close',
  'host' => 'www.myshop.com',
)
[ info ] [ PARAM ] array (
)
[ info ] [ VIEW ] E:\phpStudy\PHPTutorial\WWW\my_shop\application\index\view\index\index.html [ array (
) ]
---------------------------------------------------------------

[2019-08-30T12:46:31+08:00] 127.0.0.1 GET www.myshop.com/static/index/css/bootstrap.min.css.map
[运行时间：0.024001s] [吞吐率：41.67req/s] [内存消耗：953.30kb] [文件加载：50]
[ info ] [ LANG ] E:\phpStudy\PHPTutorial\WWW\my_shop\thinkphp\lang\zh-cn.php
---------------------------------------------------------------

[2019-08-30T12:46:58+08:00] 127.0.0.1 GET www.myshop.com/
[运行时间：0.026001s] [吞吐率：38.46req/s] [内存消耗：1,324.30kb] [文件加载：61]
[ info ] [ LANG ] E:\phpStudy\PHPTutorial\WWW\my_shop\thinkphp\lang\zh-cn.php
[ info ] [ ROUTE ] array (
)
[ info ] [ HEADER ] array (
  'cookie' => 'Hm_lvt_53b7374a63c37483e5dd97d78d9bb36e=1565776474; QC006=hvvyqr6ivj2ksr9qstpvgaq; QC008=1565776476.1565776476.1565776476.1; __uuid=48f36088-37da-c18a-8a99-0eebbe51de6e; __dfp=a0172fa00df1b1457baad0d4120b7c44fcf79e6d382e65f7675f2889a7a57724f7@1567072477786@1565776477786; pgv_pvi=4222451712',
  'accept-language' => 'zh-CN,zh;q=0.9,en;q=0.8',
  'accept-encoding' => 'gzip, deflate',
  'accept' => 'text/html,application/xhtml+xml,application/xml;q=0.9,image/webp,image/apng,*/*;q=0.8,application/signed-exchange;v=b3',
  'user-agent' => 'Mozilla/5.0 (Windows NT 6.1; Win64; x64) AppleWebKit/537.36 (KHTML, like Gecko) Chrome/74.0.3729.157 Safari/537.36',
  'upgrade-insecure-requests' => '1',
  'cache-control' => 'max-age=0',
  'connection' => 'close',
  'host' => 'www.myshop.com',
)
[ info ] [ PARAM ] array (
)
[ info ] [ VIEW ] E:\phpStudy\PHPTutorial\WWW\my_shop\application\index\view\index\index.html [ array (
) ]
---------------------------------------------------------------

[2019-08-30T12:46:58+08:00] 127.0.0.1 GET www.myshop.com/static/index/css/bootstrap.min.css.map
[运行时间：0.024002s] [吞吐率：41.66req/s] [内存消耗：953.30kb] [文件加载：50]
[ info ] [ LANG ] E:\phpStudy\PHPTutorial\WWW\my_shop\thinkphp\lang\zh-cn.php
---------------------------------------------------------------

[2019-08-30T12:47:00+08:00] 127.0.0.1 GET www.myshop.com/
[运行时间：0.020001s] [吞吐率：50.00req/s] [内存消耗：1,324.36kb] [文件加载：61]
[ info ] [ LANG ] E:\phpStudy\PHPTutorial\WWW\my_shop\thinkphp\lang\zh-cn.php
[ info ] [ ROUTE ] array (
)
[ info ] [ HEADER ] array (
  'cookie' => 'Hm_lvt_53b7374a63c37483e5dd97d78d9bb36e=1565776474; QC006=hvvyqr6ivj2ksr9qstpvgaq; QC008=1565776476.1565776476.1565776476.1; __uuid=48f36088-37da-c18a-8a99-0eebbe51de6e; __dfp=a0172fa00df1b1457baad0d4120b7c44fcf79e6d382e65f7675f2889a7a57724f7@1567072477786@1565776477786; pgv_pvi=4222451712',
  'accept-language' => 'zh-CN,zh;q=0.9,en;q=0.8',
  'accept-encoding' => 'gzip, deflate',
  'accept' => 'text/html,application/xhtml+xml,application/xml;q=0.9,image/webp,image/apng,*/*;q=0.8,application/signed-exchange;v=b3',
  'user-agent' => 'Mozilla/5.0 (Windows NT 6.1; Win64; x64) AppleWebKit/537.36 (KHTML, like Gecko) Chrome/74.0.3729.157 Safari/537.36',
  'upgrade-insecure-requests' => '1',
  'cache-control' => 'no-cache',
  'pragma' => 'no-cache',
  'connection' => 'close',
  'host' => 'www.myshop.com',
)
[ info ] [ PARAM ] array (
)
[ info ] [ VIEW ] E:\phpStudy\PHPTutorial\WWW\my_shop\application\index\view\index\index.html [ array (
) ]
---------------------------------------------------------------

[2019-08-30T12:47:00+08:00] 127.0.0.1 GET www.myshop.com/static/index/css/bootstrap.min.css.map
[运行时间：0.029001s] [吞吐率：34.48req/s] [内存消耗：953.30kb] [文件加载：50]
[ info ] [ LANG ] E:\phpStudy\PHPTutorial\WWW\my_shop\thinkphp\lang\zh-cn.php
---------------------------------------------------------------

[2019-08-30T12:47:23+08:00] 127.0.0.1 GET www.myshop.com/
[运行时间：0.031002s] [吞吐率：32.26req/s] [内存消耗：1,324.30kb] [文件加载：61]
[ info ] [ LANG ] E:\phpStudy\PHPTutorial\WWW\my_shop\thinkphp\lang\zh-cn.php
[ info ] [ ROUTE ] array (
)
[ info ] [ HEADER ] array (
  'cookie' => 'Hm_lvt_53b7374a63c37483e5dd97d78d9bb36e=1565776474; QC006=hvvyqr6ivj2ksr9qstpvgaq; QC008=1565776476.1565776476.1565776476.1; __uuid=48f36088-37da-c18a-8a99-0eebbe51de6e; __dfp=a0172fa00df1b1457baad0d4120b7c44fcf79e6d382e65f7675f2889a7a57724f7@1567072477786@1565776477786; pgv_pvi=4222451712',
  'accept-language' => 'zh-CN,zh;q=0.9,en;q=0.8',
  'accept-encoding' => 'gzip, deflate',
  'accept' => 'text/html,application/xhtml+xml,application/xml;q=0.9,image/webp,image/apng,*/*;q=0.8,application/signed-exchange;v=b3',
  'user-agent' => 'Mozilla/5.0 (Windows NT 6.1; Win64; x64) AppleWebKit/537.36 (KHTML, like Gecko) Chrome/74.0.3729.157 Safari/537.36',
  'upgrade-insecure-requests' => '1',
  'cache-control' => 'max-age=0',
  'connection' => 'close',
  'host' => 'www.myshop.com',
)
[ info ] [ PARAM ] array (
)
[ info ] [ VIEW ] E:\phpStudy\PHPTutorial\WWW\my_shop\application\index\view\index\index.html [ array (
) ]
---------------------------------------------------------------

[2019-08-30T12:47:23+08:00] 127.0.0.1 GET www.myshop.com/static/index/css/bootstrap.min.css.map
[运行时间：0.025002s] [吞吐率：40.00req/s] [内存消耗：953.30kb] [文件加载：50]
[ info ] [ LANG ] E:\phpStudy\PHPTutorial\WWW\my_shop\thinkphp\lang\zh-cn.php
---------------------------------------------------------------

[2019-08-30T12:47:37+08:00] 127.0.0.1 GET www.myshop.com/
[运行时间：0.025002s] [吞吐率：40.00req/s] [内存消耗：1,324.30kb] [文件加载：61]
[ info ] [ LANG ] E:\phpStudy\PHPTutorial\WWW\my_shop\thinkphp\lang\zh-cn.php
[ info ] [ ROUTE ] array (
)
[ info ] [ HEADER ] array (
  'cookie' => 'Hm_lvt_53b7374a63c37483e5dd97d78d9bb36e=1565776474; QC006=hvvyqr6ivj2ksr9qstpvgaq; QC008=1565776476.1565776476.1565776476.1; __uuid=48f36088-37da-c18a-8a99-0eebbe51de6e; __dfp=a0172fa00df1b1457baad0d4120b7c44fcf79e6d382e65f7675f2889a7a57724f7@1567072477786@1565776477786; pgv_pvi=4222451712',
  'accept-language' => 'zh-CN,zh;q=0.9,en;q=0.8',
  'accept-encoding' => 'gzip, deflate',
  'accept' => 'text/html,application/xhtml+xml,application/xml;q=0.9,image/webp,image/apng,*/*;q=0.8,application/signed-exchange;v=b3',
  'user-agent' => 'Mozilla/5.0 (Windows NT 6.1; Win64; x64) AppleWebKit/537.36 (KHTML, like Gecko) Chrome/74.0.3729.157 Safari/537.36',
  'upgrade-insecure-requests' => '1',
  'cache-control' => 'max-age=0',
  'connection' => 'close',
  'host' => 'www.myshop.com',
)
[ info ] [ PARAM ] array (
)
[ info ] [ VIEW ] E:\phpStudy\PHPTutorial\WWW\my_shop\application\index\view\index\index.html [ array (
) ]
---------------------------------------------------------------

[2019-08-30T12:47:37+08:00] 127.0.0.1 GET www.myshop.com/static/index/css/bootstrap.min.css.map
[运行时间：0.022001s] [吞吐率：45.45req/s] [内存消耗：953.30kb] [文件加载：50]
[ info ] [ LANG ] E:\phpStudy\PHPTutorial\WWW\my_shop\thinkphp\lang\zh-cn.php
---------------------------------------------------------------

[2019-08-30T12:48:02+08:00] 127.0.0.1 GET www.myshop.com/
[运行时间：0.023002s] [吞吐率：43.47req/s] [内存消耗：1,437.53kb] [文件加载：63]
[ info ] [ LANG ] E:\phpStudy\PHPTutorial\WWW\my_shop\thinkphp\lang\zh-cn.php
[ info ] [ ROUTE ] array (
)
[ info ] [ HEADER ] array (
  'cookie' => 'Hm_lvt_53b7374a63c37483e5dd97d78d9bb36e=1565776474; QC006=hvvyqr6ivj2ksr9qstpvgaq; QC008=1565776476.1565776476.1565776476.1; __uuid=48f36088-37da-c18a-8a99-0eebbe51de6e; __dfp=a0172fa00df1b1457baad0d4120b7c44fcf79e6d382e65f7675f2889a7a57724f7@1567072477786@1565776477786; pgv_pvi=4222451712',
  'accept-language' => 'zh-CN,zh;q=0.9,en;q=0.8',
  'accept-encoding' => 'gzip, deflate',
  'accept' => 'text/html,application/xhtml+xml,application/xml;q=0.9,image/webp,image/apng,*/*;q=0.8,application/signed-exchange;v=b3',
  'user-agent' => 'Mozilla/5.0 (Windows NT 6.1; Win64; x64) AppleWebKit/537.36 (KHTML, like Gecko) Chrome/74.0.3729.157 Safari/537.36',
  'upgrade-insecure-requests' => '1',
  'cache-control' => 'max-age=0',
  'connection' => 'close',
  'host' => 'www.myshop.com',
)
[ info ] [ PARAM ] array (
)
[ info ] [ VIEW ] E:\phpStudy\PHPTutorial\WWW\my_shop\application\index\view\index\index.html [ array (
) ]
---------------------------------------------------------------

[2019-08-30T12:48:02+08:00] 127.0.0.1 GET www.myshop.com/static/index/css/bootstrap.min.css.map
[运行时间：0.028002s] [吞吐率：35.71req/s] [内存消耗：953.30kb] [文件加载：50]
[ info ] [ LANG ] E:\phpStudy\PHPTutorial\WWW\my_shop\thinkphp\lang\zh-cn.php
---------------------------------------------------------------

[2019-08-30T12:48:18+08:00] 127.0.0.1 GET www.myshop.com/
[运行时间：0.020001s] [吞吐率：50.00req/s] [内存消耗：1,324.30kb] [文件加载：61]
[ info ] [ LANG ] E:\phpStudy\PHPTutorial\WWW\my_shop\thinkphp\lang\zh-cn.php
[ info ] [ ROUTE ] array (
)
[ info ] [ HEADER ] array (
  'cookie' => 'Hm_lvt_53b7374a63c37483e5dd97d78d9bb36e=1565776474; QC006=hvvyqr6ivj2ksr9qstpvgaq; QC008=1565776476.1565776476.1565776476.1; __uuid=48f36088-37da-c18a-8a99-0eebbe51de6e; __dfp=a0172fa00df1b1457baad0d4120b7c44fcf79e6d382e65f7675f2889a7a57724f7@1567072477786@1565776477786; pgv_pvi=4222451712',
  'accept-language' => 'zh-CN,zh;q=0.9,en;q=0.8',
  'accept-encoding' => 'gzip, deflate',
  'accept' => 'text/html,application/xhtml+xml,application/xml;q=0.9,image/webp,image/apng,*/*;q=0.8,application/signed-exchange;v=b3',
  'user-agent' => 'Mozilla/5.0 (Windows NT 6.1; Win64; x64) AppleWebKit/537.36 (KHTML, like Gecko) Chrome/74.0.3729.157 Safari/537.36',
  'upgrade-insecure-requests' => '1',
  'cache-control' => 'max-age=0',
  'connection' => 'close',
  'host' => 'www.myshop.com',
)
[ info ] [ PARAM ] array (
)
[ info ] [ VIEW ] E:\phpStudy\PHPTutorial\WWW\my_shop\application\index\view\index\index.html [ array (
) ]
---------------------------------------------------------------

[2019-08-30T12:48:19+08:00] 127.0.0.1 GET www.myshop.com/static/index/css/bootstrap.min.css.map
[运行时间：0.026002s] [吞吐率：38.46req/s] [内存消耗：953.30kb] [文件加载：50]
[ info ] [ LANG ] E:\phpStudy\PHPTutorial\WWW\my_shop\thinkphp\lang\zh-cn.php
---------------------------------------------------------------

[2019-08-30T12:49:05+08:00] 127.0.0.1 GET www.myshop.com/
[运行时间：0.027002s] [吞吐率：37.03req/s] [内存消耗：1,437.53kb] [文件加载：63]
[ info ] [ LANG ] E:\phpStudy\PHPTutorial\WWW\my_shop\thinkphp\lang\zh-cn.php
[ info ] [ ROUTE ] array (
)
[ info ] [ HEADER ] array (
  'cookie' => 'Hm_lvt_53b7374a63c37483e5dd97d78d9bb36e=1565776474; QC006=hvvyqr6ivj2ksr9qstpvgaq; QC008=1565776476.1565776476.1565776476.1; __uuid=48f36088-37da-c18a-8a99-0eebbe51de6e; __dfp=a0172fa00df1b1457baad0d4120b7c44fcf79e6d382e65f7675f2889a7a57724f7@1567072477786@1565776477786; pgv_pvi=4222451712',
  'accept-language' => 'zh-CN,zh;q=0.9,en;q=0.8',
  'accept-encoding' => 'gzip, deflate',
  'accept' => 'text/html,application/xhtml+xml,application/xml;q=0.9,image/webp,image/apng,*/*;q=0.8,application/signed-exchange;v=b3',
  'user-agent' => 'Mozilla/5.0 (Windows NT 6.1; Win64; x64) AppleWebKit/537.36 (KHTML, like Gecko) Chrome/74.0.3729.157 Safari/537.36',
  'upgrade-insecure-requests' => '1',
  'cache-control' => 'max-age=0',
  'connection' => 'close',
  'host' => 'www.myshop.com',
)
[ info ] [ PARAM ] array (
)
[ info ] [ VIEW ] E:\phpStudy\PHPTutorial\WWW\my_shop\application\index\view\index\index.html [ array (
) ]
---------------------------------------------------------------

[2019-08-30T12:49:05+08:00] 127.0.0.1 GET www.myshop.com/static/index/css/bootstrap.min.css.map
[运行时间：0.021001s] [吞吐率：47.62req/s] [内存消耗：953.30kb] [文件加载：50]
[ info ] [ LANG ] E:\phpStudy\PHPTutorial\WWW\my_shop\thinkphp\lang\zh-cn.php
---------------------------------------------------------------

[2019-08-30T12:49:28+08:00] 127.0.0.1 GET www.myshop.com/
[运行时间：0.022001s] [吞吐率：45.45req/s] [内存消耗：1,437.53kb] [文件加载：63]
[ info ] [ LANG ] E:\phpStudy\PHPTutorial\WWW\my_shop\thinkphp\lang\zh-cn.php
[ info ] [ ROUTE ] array (
)
[ info ] [ HEADER ] array (
  'cookie' => 'Hm_lvt_53b7374a63c37483e5dd97d78d9bb36e=1565776474; QC006=hvvyqr6ivj2ksr9qstpvgaq; QC008=1565776476.1565776476.1565776476.1; __uuid=48f36088-37da-c18a-8a99-0eebbe51de6e; __dfp=a0172fa00df1b1457baad0d4120b7c44fcf79e6d382e65f7675f2889a7a57724f7@1567072477786@1565776477786; pgv_pvi=4222451712',
  'accept-language' => 'zh-CN,zh;q=0.9,en;q=0.8',
  'accept-encoding' => 'gzip, deflate',
  'accept' => 'text/html,application/xhtml+xml,application/xml;q=0.9,image/webp,image/apng,*/*;q=0.8,application/signed-exchange;v=b3',
  'user-agent' => 'Mozilla/5.0 (Windows NT 6.1; Win64; x64) AppleWebKit/537.36 (KHTML, like Gecko) Chrome/74.0.3729.157 Safari/537.36',
  'upgrade-insecure-requests' => '1',
  'cache-control' => 'max-age=0',
  'connection' => 'close',
  'host' => 'www.myshop.com',
)
[ info ] [ PARAM ] array (
)
[ info ] [ VIEW ] E:\phpStudy\PHPTutorial\WWW\my_shop\application\index\view\index\index.html [ array (
) ]
---------------------------------------------------------------

[2019-08-30T12:49:28+08:00] 127.0.0.1 GET www.myshop.com/static/index/css/bootstrap.min.css.map
[运行时间：0.019001s] [吞吐率：52.63req/s] [内存消耗：953.30kb] [文件加载：50]
[ info ] [ LANG ] E:\phpStudy\PHPTutorial\WWW\my_shop\thinkphp\lang\zh-cn.php
---------------------------------------------------------------

[2019-08-30T12:50:43+08:00] 127.0.0.1 GET www.myshop.com/
[运行时间：0.029002s] [吞吐率：34.48req/s] [内存消耗：1,437.53kb] [文件加载：63]
[ info ] [ LANG ] E:\phpStudy\PHPTutorial\WWW\my_shop\thinkphp\lang\zh-cn.php
[ info ] [ ROUTE ] array (
)
[ info ] [ HEADER ] array (
  'cookie' => 'Hm_lvt_53b7374a63c37483e5dd97d78d9bb36e=1565776474; QC006=hvvyqr6ivj2ksr9qstpvgaq; QC008=1565776476.1565776476.1565776476.1; __uuid=48f36088-37da-c18a-8a99-0eebbe51de6e; __dfp=a0172fa00df1b1457baad0d4120b7c44fcf79e6d382e65f7675f2889a7a57724f7@1567072477786@1565776477786; pgv_pvi=4222451712',
  'accept-language' => 'zh-CN,zh;q=0.9,en;q=0.8',
  'accept-encoding' => 'gzip, deflate',
  'accept' => 'text/html,application/xhtml+xml,application/xml;q=0.9,image/webp,image/apng,*/*;q=0.8,application/signed-exchange;v=b3',
  'user-agent' => 'Mozilla/5.0 (Windows NT 6.1; Win64; x64) AppleWebKit/537.36 (KHTML, like Gecko) Chrome/74.0.3729.157 Safari/537.36',
  'upgrade-insecure-requests' => '1',
  'cache-control' => 'max-age=0',
  'connection' => 'close',
  'host' => 'www.myshop.com',
)
[ info ] [ PARAM ] array (
)
[ info ] [ VIEW ] E:\phpStudy\PHPTutorial\WWW\my_shop\application\index\view\index\index.html [ array (
) ]
---------------------------------------------------------------

[2019-08-30T12:50:43+08:00] 127.0.0.1 GET www.myshop.com/static/index/css/bootstrap.min.css.map
[运行时间：0.022001s] [吞吐率：45.45req/s] [内存消耗：953.30kb] [文件加载：50]
[ info ] [ LANG ] E:\phpStudy\PHPTutorial\WWW\my_shop\thinkphp\lang\zh-cn.php
---------------------------------------------------------------

[2019-08-30T12:51:04+08:00] 127.0.0.1 GET www.myshop.com/
[运行时间：0.025002s] [吞吐率：40.00req/s] [内存消耗：1,324.30kb] [文件加载：61]
[ info ] [ LANG ] E:\phpStudy\PHPTutorial\WWW\my_shop\thinkphp\lang\zh-cn.php
[ info ] [ ROUTE ] array (
)
[ info ] [ HEADER ] array (
  'cookie' => 'Hm_lvt_53b7374a63c37483e5dd97d78d9bb36e=1565776474; QC006=hvvyqr6ivj2ksr9qstpvgaq; QC008=1565776476.1565776476.1565776476.1; __uuid=48f36088-37da-c18a-8a99-0eebbe51de6e; __dfp=a0172fa00df1b1457baad0d4120b7c44fcf79e6d382e65f7675f2889a7a57724f7@1567072477786@1565776477786; pgv_pvi=4222451712',
  'accept-language' => 'zh-CN,zh;q=0.9,en;q=0.8',
  'accept-encoding' => 'gzip, deflate',
  'accept' => 'text/html,application/xhtml+xml,application/xml;q=0.9,image/webp,image/apng,*/*;q=0.8,application/signed-exchange;v=b3',
  'user-agent' => 'Mozilla/5.0 (Windows NT 6.1; Win64; x64) AppleWebKit/537.36 (KHTML, like Gecko) Chrome/74.0.3729.157 Safari/537.36',
  'upgrade-insecure-requests' => '1',
  'cache-control' => 'max-age=0',
  'connection' => 'close',
  'host' => 'www.myshop.com',
)
[ info ] [ PARAM ] array (
)
[ info ] [ VIEW ] E:\phpStudy\PHPTutorial\WWW\my_shop\application\index\view\index\index.html [ array (
) ]
---------------------------------------------------------------

[2019-08-30T12:51:04+08:00] 127.0.0.1 GET www.myshop.com/static/index/css/bootstrap.min.css.map
[运行时间：0.023002s] [吞吐率：43.47req/s] [内存消耗：953.30kb] [文件加载：50]
[ info ] [ LANG ] E:\phpStudy\PHPTutorial\WWW\my_shop\thinkphp\lang\zh-cn.php
---------------------------------------------------------------

[2019-08-30T12:51:12+08:00] 127.0.0.1 GET www.myshop.com/
[运行时间：0.023001s] [吞吐率：43.48req/s] [内存消耗：1,324.30kb] [文件加载：61]
[ info ] [ LANG ] E:\phpStudy\PHPTutorial\WWW\my_shop\thinkphp\lang\zh-cn.php
[ info ] [ ROUTE ] array (
)
[ info ] [ HEADER ] array (
  'cookie' => 'Hm_lvt_53b7374a63c37483e5dd97d78d9bb36e=1565776474; QC006=hvvyqr6ivj2ksr9qstpvgaq; QC008=1565776476.1565776476.1565776476.1; __uuid=48f36088-37da-c18a-8a99-0eebbe51de6e; __dfp=a0172fa00df1b1457baad0d4120b7c44fcf79e6d382e65f7675f2889a7a57724f7@1567072477786@1565776477786; pgv_pvi=4222451712',
  'accept-language' => 'zh-CN,zh;q=0.9,en;q=0.8',
  'accept-encoding' => 'gzip, deflate',
  'accept' => 'text/html,application/xhtml+xml,application/xml;q=0.9,image/webp,image/apng,*/*;q=0.8,application/signed-exchange;v=b3',
  'user-agent' => 'Mozilla/5.0 (Windows NT 6.1; Win64; x64) AppleWebKit/537.36 (KHTML, like Gecko) Chrome/74.0.3729.157 Safari/537.36',
  'upgrade-insecure-requests' => '1',
  'cache-control' => 'max-age=0',
  'connection' => 'close',
  'host' => 'www.myshop.com',
)
[ info ] [ PARAM ] array (
)
[ info ] [ VIEW ] E:\phpStudy\PHPTutorial\WWW\my_shop\application\index\view\index\index.html [ array (
) ]
---------------------------------------------------------------

[2019-08-30T12:51:12+08:00] 127.0.0.1 GET www.myshop.com/static/index/css/bootstrap.min.css.map
[运行时间：0.029001s] [吞吐率：34.48req/s] [内存消耗：953.30kb] [文件加载：50]
[ info ] [ LANG ] E:\phpStudy\PHPTutorial\WWW\my_shop\thinkphp\lang\zh-cn.php
---------------------------------------------------------------

[2019-08-30T12:51:27+08:00] 127.0.0.1 GET www.myshop.com/
[运行时间：0.021001s] [吞吐率：47.62req/s] [内存消耗：1,324.30kb] [文件加载：61]
[ info ] [ LANG ] E:\phpStudy\PHPTutorial\WWW\my_shop\thinkphp\lang\zh-cn.php
[ info ] [ ROUTE ] array (
)
[ info ] [ HEADER ] array (
  'cookie' => 'Hm_lvt_53b7374a63c37483e5dd97d78d9bb36e=1565776474; QC006=hvvyqr6ivj2ksr9qstpvgaq; QC008=1565776476.1565776476.1565776476.1; __uuid=48f36088-37da-c18a-8a99-0eebbe51de6e; __dfp=a0172fa00df1b1457baad0d4120b7c44fcf79e6d382e65f7675f2889a7a57724f7@1567072477786@1565776477786; pgv_pvi=4222451712',
  'accept-language' => 'zh-CN,zh;q=0.9,en;q=0.8',
  'accept-encoding' => 'gzip, deflate',
  'accept' => 'text/html,application/xhtml+xml,application/xml;q=0.9,image/webp,image/apng,*/*;q=0.8,application/signed-exchange;v=b3',
  'user-agent' => 'Mozilla/5.0 (Windows NT 6.1; Win64; x64) AppleWebKit/537.36 (KHTML, like Gecko) Chrome/74.0.3729.157 Safari/537.36',
  'upgrade-insecure-requests' => '1',
  'cache-control' => 'max-age=0',
  'connection' => 'close',
  'host' => 'www.myshop.com',
)
[ info ] [ PARAM ] array (
)
[ info ] [ VIEW ] E:\phpStudy\PHPTutorial\WWW\my_shop\application\index\view\index\index.html [ array (
) ]
---------------------------------------------------------------

[2019-08-30T12:51:28+08:00] 127.0.0.1 GET www.myshop.com/static/index/css/bootstrap.min.css.map
[运行时间：0.023002s] [吞吐率：43.47req/s] [内存消耗：953.30kb] [文件加载：50]
[ info ] [ LANG ] E:\phpStudy\PHPTutorial\WWW\my_shop\thinkphp\lang\zh-cn.php
---------------------------------------------------------------

[2019-08-30T12:52:26+08:00] 127.0.0.1 GET www.myshop.com/
[运行时间：0.020001s] [吞吐率：50.00req/s] [内存消耗：1,324.30kb] [文件加载：61]
[ info ] [ LANG ] E:\phpStudy\PHPTutorial\WWW\my_shop\thinkphp\lang\zh-cn.php
[ info ] [ ROUTE ] array (
)
[ info ] [ HEADER ] array (
  'cookie' => 'Hm_lvt_53b7374a63c37483e5dd97d78d9bb36e=1565776474; QC006=hvvyqr6ivj2ksr9qstpvgaq; QC008=1565776476.1565776476.1565776476.1; __uuid=48f36088-37da-c18a-8a99-0eebbe51de6e; __dfp=a0172fa00df1b1457baad0d4120b7c44fcf79e6d382e65f7675f2889a7a57724f7@1567072477786@1565776477786; pgv_pvi=4222451712',
  'accept-language' => 'zh-CN,zh;q=0.9,en;q=0.8',
  'accept-encoding' => 'gzip, deflate',
  'accept' => 'text/html,application/xhtml+xml,application/xml;q=0.9,image/webp,image/apng,*/*;q=0.8,application/signed-exchange;v=b3',
  'user-agent' => 'Mozilla/5.0 (Windows NT 6.1; Win64; x64) AppleWebKit/537.36 (KHTML, like Gecko) Chrome/74.0.3729.157 Safari/537.36',
  'upgrade-insecure-requests' => '1',
  'cache-control' => 'max-age=0',
  'connection' => 'close',
  'host' => 'www.myshop.com',
)
[ info ] [ PARAM ] array (
)
[ info ] [ VIEW ] E:\phpStudy\PHPTutorial\WWW\my_shop\application\index\view\index\index.html [ array (
) ]
---------------------------------------------------------------

[2019-08-30T12:52:27+08:00] 127.0.0.1 GET www.myshop.com/static/index/css/bootstrap.min.css.map
[运行时间：0.031002s] [吞吐率：32.26req/s] [内存消耗：953.30kb] [文件加载：50]
[ info ] [ LANG ] E:\phpStudy\PHPTutorial\WWW\my_shop\thinkphp\lang\zh-cn.php
---------------------------------------------------------------

[2019-08-30T12:53:08+08:00] 127.0.0.1 GET www.myshop.com/
[运行时间：0.026001s] [吞吐率：38.46req/s] [内存消耗：1,324.30kb] [文件加载：61]
[ info ] [ LANG ] E:\phpStudy\PHPTutorial\WWW\my_shop\thinkphp\lang\zh-cn.php
[ info ] [ ROUTE ] array (
)
[ info ] [ HEADER ] array (
  'cookie' => 'Hm_lvt_53b7374a63c37483e5dd97d78d9bb36e=1565776474; QC006=hvvyqr6ivj2ksr9qstpvgaq; QC008=1565776476.1565776476.1565776476.1; __uuid=48f36088-37da-c18a-8a99-0eebbe51de6e; __dfp=a0172fa00df1b1457baad0d4120b7c44fcf79e6d382e65f7675f2889a7a57724f7@1567072477786@1565776477786; pgv_pvi=4222451712',
  'accept-language' => 'zh-CN,zh;q=0.9,en;q=0.8',
  'accept-encoding' => 'gzip, deflate',
  'accept' => 'text/html,application/xhtml+xml,application/xml;q=0.9,image/webp,image/apng,*/*;q=0.8,application/signed-exchange;v=b3',
  'user-agent' => 'Mozilla/5.0 (Windows NT 6.1; Win64; x64) AppleWebKit/537.36 (KHTML, like Gecko) Chrome/74.0.3729.157 Safari/537.36',
  'upgrade-insecure-requests' => '1',
  'cache-control' => 'max-age=0',
  'connection' => 'close',
  'host' => 'www.myshop.com',
)
[ info ] [ PARAM ] array (
)
[ info ] [ VIEW ] E:\phpStudy\PHPTutorial\WWW\my_shop\application\index\view\index\index.html [ array (
) ]
---------------------------------------------------------------

[2019-08-30T12:53:08+08:00] 127.0.0.1 GET www.myshop.com/static/index/css/bootstrap.min.css.map
[运行时间：0.023001s] [吞吐率：43.48req/s] [内存消耗：953.30kb] [文件加载：50]
[ info ] [ LANG ] E:\phpStudy\PHPTutorial\WWW\my_shop\thinkphp\lang\zh-cn.php
---------------------------------------------------------------

[2019-08-30T12:53:47+08:00] 127.0.0.1 GET www.myshop.com/
[运行时间：0.026002s] [吞吐率：38.46req/s] [内存消耗：1,437.53kb] [文件加载：63]
[ info ] [ LANG ] E:\phpStudy\PHPTutorial\WWW\my_shop\thinkphp\lang\zh-cn.php
[ info ] [ ROUTE ] array (
)
[ info ] [ HEADER ] array (
  'cookie' => 'Hm_lvt_53b7374a63c37483e5dd97d78d9bb36e=1565776474; QC006=hvvyqr6ivj2ksr9qstpvgaq; QC008=1565776476.1565776476.1565776476.1; __uuid=48f36088-37da-c18a-8a99-0eebbe51de6e; __dfp=a0172fa00df1b1457baad0d4120b7c44fcf79e6d382e65f7675f2889a7a57724f7@1567072477786@1565776477786; pgv_pvi=4222451712',
  'accept-language' => 'zh-CN,zh;q=0.9,en;q=0.8',
  'accept-encoding' => 'gzip, deflate',
  'accept' => 'text/html,application/xhtml+xml,application/xml;q=0.9,image/webp,image/apng,*/*;q=0.8,application/signed-exchange;v=b3',
  'user-agent' => 'Mozilla/5.0 (Windows NT 6.1; Win64; x64) AppleWebKit/537.36 (KHTML, like Gecko) Chrome/74.0.3729.157 Safari/537.36',
  'upgrade-insecure-requests' => '1',
  'cache-control' => 'max-age=0',
  'connection' => 'close',
  'host' => 'www.myshop.com',
)
[ info ] [ PARAM ] array (
)
[ info ] [ VIEW ] E:\phpStudy\PHPTutorial\WWW\my_shop\application\index\view\index\index.html [ array (
) ]
---------------------------------------------------------------

[2019-08-30T12:53:47+08:00] 127.0.0.1 GET www.myshop.com/static/index/css/bootstrap.min.css.map
[运行时间：0.023001s] [吞吐率：43.48req/s] [内存消耗：953.30kb] [文件加载：50]
[ info ] [ LANG ] E:\phpStudy\PHPTutorial\WWW\my_shop\thinkphp\lang\zh-cn.php
---------------------------------------------------------------

[2019-08-30T12:53:50+08:00] 127.0.0.1 GET www.myshop.com/
[运行时间：0.022001s] [吞吐率：45.45req/s] [内存消耗：1,324.36kb] [文件加载：61]
[ info ] [ LANG ] E:\phpStudy\PHPTutorial\WWW\my_shop\thinkphp\lang\zh-cn.php
[ info ] [ ROUTE ] array (
)
[ info ] [ HEADER ] array (
  'cookie' => 'Hm_lvt_53b7374a63c37483e5dd97d78d9bb36e=1565776474; QC006=hvvyqr6ivj2ksr9qstpvgaq; QC008=1565776476.1565776476.1565776476.1; __uuid=48f36088-37da-c18a-8a99-0eebbe51de6e; __dfp=a0172fa00df1b1457baad0d4120b7c44fcf79e6d382e65f7675f2889a7a57724f7@1567072477786@1565776477786; pgv_pvi=4222451712',
  'accept-language' => 'zh-CN,zh;q=0.9,en;q=0.8',
  'accept-encoding' => 'gzip, deflate',
  'accept' => 'text/html,application/xhtml+xml,application/xml;q=0.9,image/webp,image/apng,*/*;q=0.8,application/signed-exchange;v=b3',
  'user-agent' => 'Mozilla/5.0 (Windows NT 6.1; Win64; x64) AppleWebKit/537.36 (KHTML, like Gecko) Chrome/74.0.3729.157 Safari/537.36',
  'upgrade-insecure-requests' => '1',
  'cache-control' => 'no-cache',
  'pragma' => 'no-cache',
  'connection' => 'close',
  'host' => 'www.myshop.com',
)
[ info ] [ PARAM ] array (
)
[ info ] [ VIEW ] E:\phpStudy\PHPTutorial\WWW\my_shop\application\index\view\index\index.html [ array (
) ]
---------------------------------------------------------------

[2019-08-30T12:53:50+08:00] 127.0.0.1 GET www.myshop.com/static/index/css/bootstrap.min.css.map
[运行时间：0.029002s] [吞吐率：34.48req/s] [内存消耗：953.30kb] [文件加载：50]
[ info ] [ LANG ] E:\phpStudy\PHPTutorial\WWW\my_shop\thinkphp\lang\zh-cn.php
---------------------------------------------------------------

[2019-08-30T12:54:15+08:00] 127.0.0.1 GET www.myshop.com/
[运行时间：0.027002s] [吞吐率：37.03req/s] [内存消耗：1,437.53kb] [文件加载：63]
[ info ] [ LANG ] E:\phpStudy\PHPTutorial\WWW\my_shop\thinkphp\lang\zh-cn.php
[ info ] [ ROUTE ] array (
)
[ info ] [ HEADER ] array (
  'cookie' => 'Hm_lvt_53b7374a63c37483e5dd97d78d9bb36e=1565776474; QC006=hvvyqr6ivj2ksr9qstpvgaq; QC008=1565776476.1565776476.1565776476.1; __uuid=48f36088-37da-c18a-8a99-0eebbe51de6e; __dfp=a0172fa00df1b1457baad0d4120b7c44fcf79e6d382e65f7675f2889a7a57724f7@1567072477786@1565776477786; pgv_pvi=4222451712',
  'accept-language' => 'zh-CN,zh;q=0.9,en;q=0.8',
  'accept-encoding' => 'gzip, deflate',
  'accept' => 'text/html,application/xhtml+xml,application/xml;q=0.9,image/webp,image/apng,*/*;q=0.8,application/signed-exchange;v=b3',
  'user-agent' => 'Mozilla/5.0 (Windows NT 6.1; Win64; x64) AppleWebKit/537.36 (KHTML, like Gecko) Chrome/74.0.3729.157 Safari/537.36',
  'upgrade-insecure-requests' => '1',
  'cache-control' => 'max-age=0',
  'connection' => 'close',
  'host' => 'www.myshop.com',
)
[ info ] [ PARAM ] array (
)
[ info ] [ VIEW ] E:\phpStudy\PHPTutorial\WWW\my_shop\application\index\view\index\index.html [ array (
) ]
---------------------------------------------------------------

[2019-08-30T12:54:15+08:00] 127.0.0.1 GET www.myshop.com/static/index/css/bootstrap.min.css.map
[运行时间：0.020001s] [吞吐率：50.00req/s] [内存消耗：953.30kb] [文件加载：50]
[ info ] [ LANG ] E:\phpStudy\PHPTutorial\WWW\my_shop\thinkphp\lang\zh-cn.php
---------------------------------------------------------------

[2019-08-30T12:54:38+08:00] 127.0.0.1 GET www.myshop.com/
[运行时间：0.021002s] [吞吐率：47.61req/s] [内存消耗：1,324.30kb] [文件加载：61]
[ info ] [ LANG ] E:\phpStudy\PHPTutorial\WWW\my_shop\thinkphp\lang\zh-cn.php
[ info ] [ ROUTE ] array (
)
[ info ] [ HEADER ] array (
  'cookie' => 'Hm_lvt_53b7374a63c37483e5dd97d78d9bb36e=1565776474; QC006=hvvyqr6ivj2ksr9qstpvgaq; QC008=1565776476.1565776476.1565776476.1; __uuid=48f36088-37da-c18a-8a99-0eebbe51de6e; __dfp=a0172fa00df1b1457baad0d4120b7c44fcf79e6d382e65f7675f2889a7a57724f7@1567072477786@1565776477786; pgv_pvi=4222451712',
  'accept-language' => 'zh-CN,zh;q=0.9,en;q=0.8',
  'accept-encoding' => 'gzip, deflate',
  'accept' => 'text/html,application/xhtml+xml,application/xml;q=0.9,image/webp,image/apng,*/*;q=0.8,application/signed-exchange;v=b3',
  'user-agent' => 'Mozilla/5.0 (Windows NT 6.1; Win64; x64) AppleWebKit/537.36 (KHTML, like Gecko) Chrome/74.0.3729.157 Safari/537.36',
  'upgrade-insecure-requests' => '1',
  'cache-control' => 'max-age=0',
  'connection' => 'close',
  'host' => 'www.myshop.com',
)
[ info ] [ PARAM ] array (
)
[ info ] [ VIEW ] E:\phpStudy\PHPTutorial\WWW\my_shop\application\index\view\index\index.html [ array (
) ]
---------------------------------------------------------------

[2019-08-30T12:54:38+08:00] 127.0.0.1 GET www.myshop.com/static/index/css/bootstrap.min.css.map
[运行时间：0.024002s] [吞吐率：41.66req/s] [内存消耗：953.30kb] [文件加载：50]
[ info ] [ LANG ] E:\phpStudy\PHPTutorial\WWW\my_shop\thinkphp\lang\zh-cn.php
---------------------------------------------------------------

[2019-08-30T12:55:39+08:00] 127.0.0.1 GET www.myshop.com/
[运行时间：0.024001s] [吞吐率：41.67req/s] [内存消耗：1,324.30kb] [文件加载：61]
[ info ] [ LANG ] E:\phpStudy\PHPTutorial\WWW\my_shop\thinkphp\lang\zh-cn.php
[ info ] [ ROUTE ] array (
)
[ info ] [ HEADER ] array (
  'cookie' => 'Hm_lvt_53b7374a63c37483e5dd97d78d9bb36e=1565776474; QC006=hvvyqr6ivj2ksr9qstpvgaq; QC008=1565776476.1565776476.1565776476.1; __uuid=48f36088-37da-c18a-8a99-0eebbe51de6e; __dfp=a0172fa00df1b1457baad0d4120b7c44fcf79e6d382e65f7675f2889a7a57724f7@1567072477786@1565776477786; pgv_pvi=4222451712',
  'accept-language' => 'zh-CN,zh;q=0.9,en;q=0.8',
  'accept-encoding' => 'gzip, deflate',
  'accept' => 'text/html,application/xhtml+xml,application/xml;q=0.9,image/webp,image/apng,*/*;q=0.8,application/signed-exchange;v=b3',
  'user-agent' => 'Mozilla/5.0 (Windows NT 6.1; Win64; x64) AppleWebKit/537.36 (KHTML, like Gecko) Chrome/74.0.3729.157 Safari/537.36',
  'upgrade-insecure-requests' => '1',
  'cache-control' => 'max-age=0',
  'connection' => 'close',
  'host' => 'www.myshop.com',
)
[ info ] [ PARAM ] array (
)
[ info ] [ VIEW ] E:\phpStudy\PHPTutorial\WWW\my_shop\application\index\view\index\index.html [ array (
) ]
---------------------------------------------------------------

[2019-08-30T12:55:39+08:00] 127.0.0.1 GET www.myshop.com/static/index/css/bootstrap.min.css.map
[运行时间：0.028002s] [吞吐率：35.71req/s] [内存消耗：953.30kb] [文件加载：50]
[ info ] [ LANG ] E:\phpStudy\PHPTutorial\WWW\my_shop\thinkphp\lang\zh-cn.php
